Log file open, 03/17/15 19:34:59
LogInit:Display: Running engine for game: Zeke
LogInit: Version: 4.6.1-2386410+++depot+UE4-Releases+4.6
LogInit: API Version: 2369412
LogInit: Compiled (64-bit): Dec 11 2014 21:31:39
LogInit: Compiled with Visual C++: 18.00.21005.01
LogInit: Build Configuration: Development
LogInit: Branch Name: ++depot+UE4-Releases+4.6
LogInit: Command line: 
LogInit: Base directory: C:/Program Files/Epic Games/4.6/Engine/Binaries/Win64/
LogInit: Rocket: 1
[2015.03.18-02.34.59:091][  0]LogTaskGraph: Started task graph with 3 named threads and 6 total threads.
[2015.03.18-02.34.59:139][  0]LogOnline:Warning: No default platform service specified for OnlineSubsystem
[2015.03.18-02.34.59:156][  0]LogInit: Presizing for 0 objects not considered by GC, pre-allocating 0 bytes.
[2015.03.18-02.34.59:164][  0]LogInit: Object subsystem initialized
[2015.03.18-02.34.59:166][  0]LogConsoleResponse:Warning: Skipping Unknown console variable: 'UIScaleRule = ShortestSide'
[2015.03.18-02.34.59:166][  0]LogConsoleResponse:Warning:   Found in ini file 'C:/Users/student/Desktop/ZekeTestttt/ZekeGame4.6/Zeke/Zeke/Saved/Config/Windows/Engine.ini', in section '[/Script/Engine.RendererSettings]'
[2015.03.18-02.34.59:166][  0]LogConsoleResponse:Warning: Skipping Unknown console variable: 'UIScaleCurve = (EditorCurveData=(Keys=),ExternalCurve=None)'
[2015.03.18-02.34.59:166][  0]LogConsoleResponse:Warning:   Found in ini file 'C:/Users/student/Desktop/ZekeTestttt/ZekeGame4.6/Zeke/Zeke/Saved/Config/Windows/Engine.ini', in section '[/Script/Engine.RendererSettings]'
[2015.03.18-02.34.59:166][  0]LogConsoleManager:Warning: Console variable 'r.MSAA.CompositingSampleCount' wasn't set (Priority ProjectSetting < Scalability)
[2015.03.18-02.34.59:167][  0]LogInit: Selected Device Profile: [Windows]
[2015.03.18-02.34.59:167][  0]LogInit: Applying CVar settings loaded from the selected device profile: [Windows]
[2015.03.18-02.34.59:173][  0]LogInit: Computer: AI251LAB0234P13
[2015.03.18-02.34.59:173][  0]LogInit: User: student
[2015.03.18-02.34.59:173][  0]LogInit: CPU Page size=4096, Cores=4
[2015.03.18-02.34.59:173][  0]LogInit: High frequency timer resolution =3.507216 MHz
[2015.03.18-02.34.59:173][  0]LogMemory: Memory total: Physical=7.9GB (8GB approx) Virtual=8192.0GB
[2015.03.18-02.34.59:173][  0]LogMemory: Platform Memory Stats for Windows
[2015.03.18-02.34.59:173][  0]LogMemory: Process Physical Memory: 50.18 MB used, 50.18 MB peak
[2015.03.18-02.34.59:173][  0]LogMemory: Process Virtual Memory: 27.25 MB used, 27.25 MB peak
[2015.03.18-02.34.59:173][  0]LogMemory: Physical Memory: 3466.44 MB used, 8115.79 MB total
[2015.03.18-02.34.59:173][  0]LogMemory: Virtual Memory: 264.96 MB used, 8388608.00 MB total
[2015.03.18-02.34.59:199][  0]LogD3D11RHI: Found D3D11 adapter 0: NVIDIA Quadro K2000 (Feature Level 11_0)
[2015.03.18-02.34.59:199][  0]LogD3D11RHI: Adapter has 1990MB of dedicated video memory, 0MB of dedicated system memory, and 3801MB of shared system memory, 1 output[s]
[2015.03.18-02.34.59:199][  0]LogD3D11RHI: Chosen D3D11 Adapter Id = 0
[2015.03.18-02.34.59:203][  0]LogRHI: Texture pool is 1361 MB (70% of 1945 MB)
[2015.03.18-02.34.59:210][  0]LogD3D11RHI: Async texture creation enabled
[2015.03.18-02.34.59:262][  0]LogTextLocalizationManager: The requested culture ('en_US') has no localization data; parent culture's ('en') localization data will be used.
[2015.03.18-02.34.59:394][  0]LogContentStreaming: Texture pool size is 0.000000MB
[2015.03.18-02.35.04:649][  0]LogTargetPlatformManager:Display: Building Assets For Windows
[2015.03.18-02.35.05:033][  0]LogTargetPlatformManager:Display: Building Assets For Windows
[2015.03.18-02.35.05:081][  0]LogDerivedDataCache:Display: Max Cache Size: 512 MB
[2015.03.18-02.35.05:115][  0]LogDerivedDataCache: Loaded boot cache 0.03s 39MB C:/Users/student/AppData/Local/UnrealEngine/4.6/DerivedDataCache/Boot.ddc.
[2015.03.18-02.35.05:115][  0]LogDerivedDataCache:Display: Loaded Boot cache: C:/Users/student/AppData/Local/UnrealEngine/4.6/DerivedDataCache/Boot.ddc
[2015.03.18-02.35.05:115][  0]LogDerivedDataCache: FDerivedDataBackendGraph:  Pak pak cache file ../../../../../../Users/student/Desktop/ZekeTestttt/ZekeGame4.6/Zeke/Zeke/DerivedDataCache/DDC.ddp not found, will not use a pak cache.
[2015.03.18-02.35.05:115][  0]LogDerivedDataCache: Unable to find inner node Pak for hierarchical cache Hierarchy.
[2015.03.18-02.35.05:179][  0]LogDerivedDataCache:Display: Pak cache opened for reading ../../../Engine/DerivedDataCache/DDC.ddp.
[2015.03.18-02.35.05:190][  0]LogDerivedDataCache: Using Local data cache path C:/Users/student/AppData/Local/UnrealEngine/Common/DerivedDataCache: Writable
[2015.03.18-02.35.05:312][  0]LogCollisionProfile:Warning: Profile (UI) - Custom Channel Name = 'Weapon' hasn't been found
[2015.03.18-02.35.05:445][  0]LogMeshUtilities: No automatic mesh reduction module available
[2015.03.18-02.35.05:445][  0]LogMeshUtilities: No automatic mesh merging module available
[2015.03.18-02.35.05:795][  0]LogInit: WinSock: version 1.1 (2.2), MaxSocks=32767, MaxUdp=65467
[2015.03.18-02.35.05:847][  0]LogSlate:Warning: Failed to load font data from '../../../Engine/Content/Slate/Fonts/Roboto-Italic.ttf'
[2015.03.18-02.35.06:557][  0]UdpMessaging: Initializing bridge on interface 0.0.0.0:0 to multicast group 230.0.0.1:6666.
[2015.03.18-02.35.06:702][  0]LogDirectoryWatcher:Warning: Failed to begin reading directory changes for C:/Users/student/Desktop/ZekeTestttt/ZekeGame4.6/Zeke/Zeke/Binaries/Win64. Error: 0
[2015.03.18-02.35.06:835][  0]SourceControl: Info Source control is disabled
[2015.03.18-02.35.06:835][  0]SourceControl: Info Source control is disabled
[2015.03.18-02.35.06:841][  0]SourceControl: Info Source control is disabled
[2015.03.18-02.35.06:948][  0]LogObj: 23754 objects as part of root set at end of initial load.
[2015.03.18-02.35.06:948][  0]LogUObjectAllocator: 5168136 out of 0 bytes used by permanent object pool.
[2015.03.18-02.35.06:997][  0]LogEngine: Initializing Engine...
[2015.03.18-02.35.07:127][  0]LogInit: XAudio2 using 'Speakers (Realtek High Definition Audio)' : 2 channels at 48 kHz using 32 bits per sample (channel mask 0x3)
[2015.03.18-02.35.07:146][  0]LogInit: FAudioDevice initialized.
[2015.03.18-02.35.07:164][  0]LogAIModule: Creating AISystem for world NewWorld
[2015.03.18-02.35.07:182][  0]LogDerivedDataCache: Saved boot cache 0.02s 39MB C:/Users/student/AppData/Local/UnrealEngine/4.6/DerivedDataCache/Boot.ddc.
[2015.03.18-02.35.07:187][  0]LogInit: Texture streaming: Enabled
[2015.03.18-02.35.07:211][  0]LogAnalytics: Creating configured Analytics provider AnalyticsET
[2015.03.18-02.35.07:211][  0]LogAnalytics: ET APIKey = Rocket.Release. APIServer = http://et2.epicgames.com/ET2/. AppVersion = 4.6.1-2386410+++depot+UE4-Releases+4.6
[2015.03.18-02.35.07:212][  0]LogAnalytics: SetUserId 2294b3ad454c126a3af4ca5d489fad32
[2015.03.18-02.35.07:212][  0]LogAnalytics: AnalyticsET::StartSession [Rocket.Release]
[2015.03.18-02.35.07:227][  0]LogInit: Transaction tracking system initialized
[2015.03.18-02.35.07:310][  0]BlueprintLog: New page: Editor Load
[2015.03.18-02.35.07:337][  0]LogAssetRegistry: FAssetRegistry took 0.0095 seconds to start up
[2015.03.18-02.35.07:337][  0]LogDirectoryWatcher:Warning: Failed to begin reading directory changes for ../../../Engine/Plugins/Experimental/CharacterAI/Content/. Error: 0
[2015.03.18-02.35.07:765][  0]LogTargetPlatformManager:Display: Building Assets For Windows
[2015.03.18-02.35.08:066][  0]LogTargetPlatformManager:Display: Building Assets For Windows
[2015.03.18-02.35.08:224][  0]LogConsoleResponse:Display: 
[2015.03.18-02.35.08:266][  0]LogLinker:Warning: Asset '../../../Engine/Content/Functions/Engine_MaterialFunctions03/Procedurals/ComputeFilterWidth.uasset' has been saved with empty engine version. The asset will be loaded but may be incompatible.
[2015.03.18-02.35.08:433][  0]SourceControl: Info Source control is disabled
[2015.03.18-02.35.08:433][  0]Cmd: MAP LOAD FILE="../../../../../../Users/student/Desktop/ZekeTestttt/ZekeGame4.6/Zeke/Zeke/Content/Maps/Example_Map.umap" TEMPLATE=0 SHOWPROGRESS=1
[2015.03.18-02.35.08:435][  0]LightingResults: New page: Lighting Build
[2015.03.18-02.35.08:443][  0]MapCheck: New page: Map Check
[2015.03.18-02.35.08:443][  0]LightingResults: New page: Lighting Build
[2015.03.18-02.35.08:449][  0]LogParticles: Destroying 0 GPU particle simulations for FXSystem 0x00000000139C19E0
[2015.03.18-02.35.09:133][  0]LogBlueprint:Error: [compiler] Error Spawn node  SpawnActor NONE  must have a class specified.
[2015.03.18-02.35.09:136][  0]LogBlueprint:Warning: [compiler] Warning [0011.94] Compile of Example_Map failed. 1 Fatal Issue(s) 0 Warning(s) [in 4 ms]
[2015.03.18-02.35.09:137][  0]LogBlueprint:Error: [compiler] Error Spawn node  SpawnActor NONE  must have a class specified.
[2015.03.18-02.35.09:140][  0]LogBlueprint:Warning: [compiler] Warning [0011.94] Compile of Example_Map failed. 1 Fatal Issue(s) 0 Warning(s) [in 2 ms]
[2015.03.18-02.35.09:140][  0]LogBlueprint:Warning: [compiler] Warning [0011.94] Compile of Example_Map failed. 1 Fatal Issue(s) 1 Warning(s) [in 0 ms]
[2015.03.18-02.35.10:272][  0]LogEditorServer: Finished looking for orphan Actors (0.000 secs)
[2015.03.18-02.35.10:273][  0]LogAIModule: Creating AISystem for world Example_Map
[2015.03.18-02.35.10:273][  0]Cmd: MAP CHECKDEP
[2015.03.18-02.35.10:273][  0]MapCheck: New page: Example_Map - Mar 17, 2015, 12:35:10 PM
[2015.03.18-02.35.10:371][  0]MapCheck: Info Map check complete: 0 Error(s), 0 Warning(s), took 97.025ms to complete.
[2015.03.18-02.35.10:371][  0]LogFileHelpers: Loading map 'Example_Map' took 1.938
[2015.03.18-02.35.10:484][  0]LogCollectionManager: Loaded 0 collections in 0.000810 seconds
[2015.03.18-02.35.10:602][  0]LogCrashTracker: Crashtracker disabled due to settings.
[2015.03.18-02.35.10:606][  0]LogUObjectGlobals:Warning: Failed to find object 'Class None.'
[2015.03.18-02.35.10:630][  0]LogLoad: Full Startup: 13.43 seconds (BP compile: 0.18 seconds)
[2015.03.18-02.35.10:643][  0]LogContentBrowser:Verbose: The content browser source was changed by the sources view to '/Game/Zeke/character'
[2015.03.18-02.35.11:057][  0]LogRenderer:Warning: Reallocating scene render targets to support 968x1024.
[2015.03.18-02.35.11:173][  1]Cmd: UpdateLandscapeEditorData -warnings
[2015.03.18-02.35.11:173][  1]Cmd: UpdateLandscapeEditorData
[2015.03.18-02.35.11:262][  2]LogAssetRegistry: Asset discovery search completed in 3.9356 seconds
[2015.03.18-02.35.25:118][379]LogSkeletalMesh: InitArticulated: Bodies already created (/Engine/Transient.DebugSkelMeshComponent_0) - call TermArticulated first.
[2015.03.18-02.35.49:012][ 66]LogContentBrowser:Verbose: The content browser source was changed by the sources view to '/Game/Blueprints'
[2015.03.18-02.35.52:533][149]LogContentBrowser:Verbose: The content browser source was changed by the sources view to '/Game/Zeke/blueprint'
[2015.03.18-02.35.58:464][274]LogLinker:Warning: Can't find file '/Game/StarterContent/Textures/T_Burst_M'
[2015.03.18-02.35.58:464][274]LogLinker:Warning: Can't find file for asset '/Game/StarterContent/Textures/T_Burst_M' while loading ../../../../../../Users/student/Desktop/ZekeTestttt/ZekeGame4.6/Zeke/Zeke/Content/StarterContent/Particles/Materials/M_Burst.uasset.
[2015.03.18-02.35.58:464][274]LoadErrors:Error: Error /Game/StarterContent/Particles/Materials/M_Burst : Can't find file for asset. /Game/StarterContent/Textures/T_Burst_M
[2015.03.18-02.35.58:465][274]LogLinker:Warning: Can't find file '/Game/StarterContent/Textures/T_Burst_M'
[2015.03.18-02.35.58:465][274]LogLinker:Warning: Can't find file for asset '/Game/StarterContent/Textures/T_Burst_M' while loading ../../../../../../Users/student/Desktop/ZekeTestttt/ZekeGame4.6/Zeke/Zeke/Content/StarterContent/Particles/Materials/M_Burst.uasset.
[2015.03.18-02.35.58:469][274]LogLinker:Warning: Can't find file '/Game/StarterContent/Textures/T_Explosion_SubUV'
[2015.03.18-02.35.58:469][274]LogLinker:Warning: Can't find file for asset '/Game/StarterContent/Textures/T_Explosion_SubUV' while loading ../../../../../../Users/student/Desktop/ZekeTestttt/ZekeGame4.6/Zeke/Zeke/Content/StarterContent/Particles/Materials/M_explosion_subUV.uasset.
[2015.03.18-02.35.58:469][274]LoadErrors:Error: Error /Game/StarterContent/Particles/Materials/M_explosion_subUV : Can't find file for asset. /Game/StarterContent/Textures/T_Explosion_SubUV
[2015.03.18-02.35.58:469][274]LogLinker:Warning: Can't find file '/Game/StarterContent/Textures/T_Explosion_SubUV'
[2015.03.18-02.35.58:470][274]LogLinker:Warning: Can't find file for asset '/Game/StarterContent/Textures/T_Explosion_SubUV' while loading ../../../../../../Users/student/Desktop/ZekeTestttt/ZekeGame4.6/Zeke/Zeke/Content/StarterContent/Particles/Materials/M_explosion_subUV.uasset.
[2015.03.18-02.35.58:482][274]LogLinker:Warning: Can't find file '/Game/StarterContent/Textures/T_Smoke_SubUV'
[2015.03.18-02.35.58:482][274]LogLinker:Warning: Can't find file for asset '/Game/StarterContent/Textures/T_Smoke_SubUV' while loading ../../../../../../Users/student/Desktop/ZekeTestttt/ZekeGame4.6/Zeke/Zeke/Content/StarterContent/Particles/Materials/M_smoke_subUV.uasset.
[2015.03.18-02.35.58:482][274]LoadErrors:Error: Error /Game/StarterContent/Particles/Materials/M_smoke_subUV : Can't find file for asset. /Game/StarterContent/Textures/T_Smoke_SubUV
[2015.03.18-02.35.58:482][274]LogLinker:Warning: Can't find file '/Game/StarterContent/Textures/T_Smoke_Tiled_D'
[2015.03.18-02.35.58:482][274]LogLinker:Warning: Can't find file for asset '/Game/StarterContent/Textures/T_Smoke_Tiled_D' while loading ../../../../../../Users/student/Desktop/ZekeTestttt/ZekeGame4.6/Zeke/Zeke/Content/StarterContent/Particles/Materials/M_smoke_subUV.uasset.
[2015.03.18-02.35.58:483][274]LoadErrors:Error: Error /Game/StarterContent/Particles/Materials/M_smoke_subUV : Can't find file for asset. /Game/StarterContent/Textures/T_Smoke_Tiled_D
[2015.03.18-02.35.58:483][274]LogLinker:Warning: Can't find file '/Game/StarterContent/Textures/T_Smoke_SubUV'
[2015.03.18-02.35.58:483][274]LogLinker:Warning: Can't find file for asset '/Game/StarterContent/Textures/T_Smoke_SubUV' while loading ../../../../../../Users/student/Desktop/ZekeTestttt/ZekeGame4.6/Zeke/Zeke/Content/StarterContent/Particles/Materials/M_smoke_subUV.uasset.
[2015.03.18-02.35.58:483][274]LogLinker:Warning: Can't find file '/Game/StarterContent/Textures/T_Smoke_Tiled_D'
[2015.03.18-02.35.58:484][274]LogLinker:Warning: Can't find file for asset '/Game/StarterContent/Textures/T_Smoke_Tiled_D' while loading ../../../../../../Users/student/Desktop/ZekeTestttt/ZekeGame4.6/Zeke/Zeke/Content/StarterContent/Particles/Materials/M_smoke_subUV.uasset.
[2015.03.18-02.35.58:665][274]LogLinker:Warning: Can't find file '/Game/StarterContent/Textures/T_Burst_M'
[2015.03.18-02.35.58:665][274]LoadErrors: Info Failed to load /Game/StarterContent/Textures/T_Burst_M.T_Burst_M Referenced by MaterialExpressionTextureSample_0
[2015.03.18-02.35.58:665][274]LogLinker:Warning: Can't find file for asset '/Game/StarterContent/Textures/T_Burst_M' while loading NULL.
[2015.03.18-02.35.58:665][274]LogLinker:Warning: Can't find file '/Game/StarterContent/Textures/T_Explosion_SubUV'
[2015.03.18-02.35.58:666][274]LoadErrors: Info Failed to load /Game/StarterContent/Textures/T_Explosion_SubUV.T_Explosion_SubUV Referenced by MaterialExpressionParticleSubUV_0
[2015.03.18-02.35.58:666][274]LogLinker:Warning: Can't find file for asset '/Game/StarterContent/Textures/T_Explosion_SubUV' while loading NULL.
[2015.03.18-02.35.58:666][274]LogLinker:Warning: Can't find file '/Game/StarterContent/Textures/T_Smoke_SubUV'
[2015.03.18-02.35.58:666][274]LoadErrors: Info Failed to load /Game/StarterContent/Textures/T_Smoke_SubUV.T_Smoke_SubUV Referenced by MaterialExpressionParticleSubUV_0
[2015.03.18-02.35.58:666][274]LogLinker:Warning: Can't find file for asset '/Game/StarterContent/Textures/T_Smoke_SubUV' while loading NULL.
[2015.03.18-02.35.58:667][274]LogLinker:Warning: Can't find file '/Game/StarterContent/Textures/T_Smoke_Tiled_D'
[2015.03.18-02.35.58:667][274]LoadErrors: Info Failed to load /Game/StarterContent/Textures/T_Smoke_Tiled_D.T_Smoke_Tiled_D Referenced by MaterialExpressionTextureSample_0
[2015.03.18-02.35.58:667][274]LogLinker:Warning: Can't find file for asset '/Game/StarterContent/Textures/T_Smoke_Tiled_D' while loading NULL.
[2015.03.18-02.35.58:685][274]LogMaterial: Missing cached shader map for material M_Burst, compiling.
[2015.03.18-02.35.58:685][274]LogMaterial:Warning: Failed to compile Material /Game/StarterContent/Particles/Materials/M_Burst.M_Burst for platform PCD3D_SM5, Default Material will be used in game.
[2015.03.18-02.35.58:685][274]LogMaterial:Warning: 	(Node TextureSample) TextureSample> Missing input texture
[2015.03.18-02.35.58:686][274]LogMaterial: Missing cached shader map for material M_explosion_subUV, compiling.
[2015.03.18-02.35.58:686][274]LogMaterial:Warning: Failed to compile Material /Game/StarterContent/Particles/Materials/M_explosion_subUV.M_explosion_subUV for platform PCD3D_SM5, Default Material will be used in game.
[2015.03.18-02.35.58:686][274]LogMaterial:Warning: 	(Node ParticleSubUV) Missing ParticleSubUV input texture
[2015.03.18-02.35.58:690][274]LogMaterial: Missing cached shader map for material M_smoke_subUV, compiling.
[2015.03.18-02.35.58:691][274]LogMaterial:Warning: Failed to compile Material /Game/StarterContent/Particles/Materials/M_smoke_subUV.M_smoke_subUV for platform PCD3D_SM5, Default Material will be used in game.
[2015.03.18-02.35.58:691][274]LogMaterial:Warning: 	(Node TextureSample) TextureSample> Missing input texture
[2015.03.18-02.35.58:691][274]LogMaterial:Warning: 	(Node ParticleSubUV) Missing ParticleSubUV input texture
[2015.03.18-02.35.59:365][274]LogPropertyNode:Warning: UI Min (0.001) >= UI Max () for Ranged Numeric
[2015.03.18-02.35.59:374][274]LogPropertyNode:Warning: UI Min (0.001) >= UI Max () for Ranged Numeric
[2015.03.18-02.35.59:435][274]LogPropertyNode:Warning: UI Min (0.001) >= UI Max () for Ranged Numeric
[2015.03.18-02.35.59:436][274]LogPropertyNode:Warning: UI Min (0.001) >= UI Max () for Ranged Numeric
[2015.03.18-02.36.10:597][566]BlueprintLog: New page: Pre-PIE auto-recompile
[2015.03.18-02.36.10:600][566]LogPlayLevel: [PIE] Compiling Tutorial_BP_MacroLib before PIE...
[2015.03.18-02.36.10:646][566]LogPlayLevel: [PIE] Compiling Example_Map before PIE...
[2015.03.18-02.36.10:720][566]LogBlueprint:Error: [compiler] Error Spawn node  SpawnActor NONE  must have a class specified.
[2015.03.18-02.36.10:802][566]LogBlueprint:Warning: [compiler] Warning [0073.60] Compile of Example_Map failed. 1 Fatal Issue(s) 0 Warning(s) [in 153 ms]
[2015.03.18-02.36.10:802][566]LogActorComponent: UnregisterComponent: (/Engine/Transient.CharacterMovementComponent_0) Not registered. Aborting.
[2015.03.18-02.36.10:802][566]LogActorComponent: UnregisterComponent: (/Engine/Transient.CharacterMovementComponent_1) Not registered. Aborting.
[2015.03.18-02.36.10:838][566]LogPlayLevel: PIE:  Blueprint regeneration took 240 ms (2 blueprints)
[2015.03.18-02.36.16:115][566]BlueprintLog: Info Blueprint Example_Map failed to compile
[2015.03.18-02.36.30:390][ 17]BlueprintLog: New page: Compile Example_Map
[2015.03.18-02.36.30:443][ 17]BlueprintEditorCompileResults: Info [0093.24] Compile of Example_Map successful! [in 51 ms]
[2015.03.18-02.36.32:661][ 72]BlueprintLog: New page: Pre-PIE auto-recompile
[2015.03.18-02.36.32:667][ 72]LogPlayLevel: [PIE] Compiling Example_Map before PIE...
[2015.03.18-02.36.32:719][ 72]LogPlayLevel: PIE:  Blueprint regeneration took 57 ms (1 blueprints)
[2015.03.18-02.36.32:719][ 72]PIE: New page: PIE session: Example_Map (Mar 17, 2015, 12:36:32 PM)
[2015.03.18-02.36.32:744][ 72]LogPlayLevel: PIE: StaticDuplicateObject took: (0.025214s)
[2015.03.18-02.36.32:745][ 72]LogPlayLevel: PIE: World Init took: (0.000740s)
[2015.03.18-02.36.32:745][ 72]LogPlayLevel: PIE: Created PIE world by copying editor world from /Game/Maps/Example_Map.Example_Map to /Game/Maps/UEDPIE_0_Example_Map.Example_Map (0.026154s)
[2015.03.18-02.36.32:793][ 72]LogWorld: Game class is 'MyGame_C'
[2015.03.18-02.36.32:795][ 72]LogAIModule: Creating AISystem for world Example_Map
[2015.03.18-02.36.32:799][ 72]LogWorld:Warning: *** WARNING - PATHS MAY NOT BE VALID ***
[2015.03.18-02.36.32:799][ 72]LogWorld: Bringing World /Game/Maps/UEDPIE_0_Example_Map.Example_Map up for play (max tick rate 0) at 2015.03.17-19.36.32
[2015.03.18-02.36.32:800][ 72]LogWorld: Bringing up level for play took: 0.004725
[2015.03.18-02.36.32:802][ 72]PIE: Info Play in editor start time for /Game/Maps/UEDPIE_0_Example_Map -0.745
[2015.03.18-02.36.37:448][191]LogBlueprintUserMessages: 100
[2015.03.18-02.36.45:612][415]LogBlueprintUserMessages: 75
[2015.03.18-02.36.45:807][420]LogBlueprintUserMessages: 49
[2015.03.18-02.36.46:007][425]LogBlueprintUserMessages: 23
[2015.03.18-02.36.52:454][594]LogBlueprintUserMessages: -2
[2015.03.18-02.37.03:826][879]LogParticles: Destroying 0 GPU particle simulations for FXSystem 0x00000000133FEAC0
[2015.03.18-02.37.10:869][ 36]LogContentBrowser:Verbose: The content browser source was changed by the sources view to '/Game/level'
[2015.03.18-02.37.12:051][ 55]LogActorComponent: UnregisterComponent: (/Engine/Transient.CharacterMovementComponent_2) Not registered. Aborting.
[2015.03.18-02.37.12:051][ 55]LogActorComponent: UnregisterComponent: (/Engine/Transient.CharacterMovementComponent_3) Not registered. Aborting.
[2015.03.18-02.37.14:977][ 55]Cmd: MAP LOAD FILE="../../../../../../Users/student/Desktop/ZekeTestttt/ZekeGame4.6/Zeke/Zeke/Content/level/Scene.umap" TEMPLATE=0 SHOWPROGRESS=1
[2015.03.18-02.37.14:978][ 55]LightingResults: New page: Lighting Build
[2015.03.18-02.37.15:001][ 55]LoadErrors: New page: Loading map: Scene.umap
[2015.03.18-02.37.15:142][ 55]MapCheck: New page: Map Check
[2015.03.18-02.37.15:142][ 55]LightingResults: New page: Lighting Build
[2015.03.18-02.37.15:157][ 55]LogParticles: Destroying 0 GPU particle simulations for FXSystem 0x0000000025FB2DE0
[2015.03.18-02.37.15:175][ 55]LogEditorServer: Finished looking for orphan Actors (0.000 secs)
[2015.03.18-02.37.15:206][ 55]LogAIModule: Creating AISystem for world Scene
[2015.03.18-02.37.15:248][ 55]Cmd: MAP CHECKDEP
[2015.03.18-02.37.15:248][ 55]MapCheck: New page: Scene - Mar 17, 2015, 12:37:15 PM
[2015.03.18-02.37.15:372][ 55]MapCheck: Info Map check complete: 0 Error(s), 0 Warning(s), took 123.599ms to complete.
[2015.03.18-02.37.15:372][ 55]LogFileHelpers: Loading map 'Scene' took 0.397
[2015.03.18-02.37.15:520][ 56]Cmd: UpdateLandscapeEditorData -warnings
[2015.03.18-02.37.15:521][ 56]Cmd: UpdateLandscapeEditorData
[2015.03.18-02.37.26:489][374]BlueprintLog: New page: Pre-PIE auto-recompile
[2015.03.18-02.37.26:489][374]LogPlayLevel: [PIE] Compiling Scene before PIE...
[2015.03.18-02.37.26:619][374]LogActorComponent: UnregisterComponent: (/Engine/Transient.CharacterMovementComponent_4) Not registered. Aborting.
[2015.03.18-02.37.26:634][374]LogPlayLevel: PIE:  Blueprint regeneration took 145 ms (1 blueprints)
[2015.03.18-02.37.26:635][374]PIE: New page: PIE session: Scene (Mar 17, 2015, 12:37:26 PM)
[2015.03.18-02.37.26:740][374]LogPlayLevel: PIE: StaticDuplicateObject took: (0.105413s)
[2015.03.18-02.37.26:741][374]LogPlayLevel: PIE: World Init took: (0.000790s)
[2015.03.18-02.37.26:741][374]LogPlayLevel: PIE: Created PIE world by copying editor world from /Game/level/Scene.Scene to /Game/level/UEDPIE_0_Scene.Scene (0.106395s)
[2015.03.18-02.37.26:773][374]LogWorld: Game class is 'MyGame_C'
[2015.03.18-02.37.26:774][374]LogAIModule: Creating AISystem for world Scene
[2015.03.18-02.37.26:782][374]LogWorld:Warning: *** WARNING - PATHS MAY NOT BE VALID ***
[2015.03.18-02.37.26:782][374]LogWorld: Bringing World /Game/level/UEDPIE_0_Scene.Scene up for play (max tick rate 0) at 2015.03.17-19.37.26
[2015.03.18-02.37.26:783][374]LogWorld: Bringing up level for play took: 0.008052
[2015.03.18-02.37.26:785][374]PIE: Info Play in editor start time for /Game/level/UEDPIE_0_Scene 1.235
[2015.03.18-02.37.27:973][406]LogBlueprintUserMessages: 100
[2015.03.18-02.37.32:733][549]LogBlueprintUserMessages: 75
[2015.03.18-02.37.33:222][563]LogBlueprintUserMessages: 33
[2015.03.18-02.37.33:746][578]LogBlueprintUserMessages: 3
[2015.03.18-02.37.36:613][664]LogBlueprintUserMessages: Damage
[2015.03.18-02.37.44:057][898]LogBlueprintUserMessages: -10
[2015.03.18-02.37.44:057][898]LogBlueprintUserMessages: Damage
[2015.03.18-02.37.59:888][395]LogBlueprintUserMessages: Damage
[2015.03.18-02.38.22:865][172]LogBlueprintUserMessages: Damage
[2015.03.18-02.38.24:592][232]LogBlueprintUserMessages: Damage
[2015.03.18-02.38.37:588][634]LogParticles: Destroying 0 GPU particle simulations for FXSystem 0x0000000010A7DDA0
[2015.03.18-02.38.40:907][802]LogSavePackage: Save=2.677907ms
[2015.03.18-02.38.40:907][802]LogSavePackage: Moving '../../../../../../Users/student/Desktop/ZekeTestttt/ZekeGame4.6/Zeke/Zeke/Saved/TempZeke_SkeletonF6F930BB46F27E461BA3BB95787A2D0B.tmp' to '../../../../../../Users/student/Desktop/ZekeTestttt/ZekeGame4.6/Zeke/Zeke/Content/zeke/character/TempZeke_Skeleton.uasset'
[2015.03.18-02.38.42:929][842]Cmd: QUIT_EDITOR
[2015.03.18-02.38.43:253][842]LogExit: Preparing to exit.
[2015.03.18-02.38.43:652][842]LogExit: Editor shut down
[2015.03.18-02.38.43:652][842]LogExit: Transaction tracking system shut down
[2015.03.18-02.38.43:653][842]LogParticles: Destroying 0 GPU particle simulations for FXSystem 0x000000002CA6B100
[2015.03.18-02.38.43:653][842]LogParticles: Destroying 0 GPU particle simulations for FXSystem 0x000000002CB03B00
[2015.03.18-02.38.43:653][842]LogParticles: Destroying 0 GPU particle simulations for FXSystem 0x000000002CB037E0
[2015.03.18-02.38.43:653][842]LogParticles: Destroying 0 GPU particle simulations for FXSystem 0x000000002CB03C40
[2015.03.18-02.38.43:654][842]LogParticles: Destroying 0 GPU particle simulations for FXSystem 0x000000002D8F20C0
[2015.03.18-02.38.43:654][842]LogParticles: Destroying 0 GPU particle simulations for FXSystem 0x0000000037F3DB20
[2015.03.18-02.38.43:656][842]LogParticles: Destroying 0 GPU particle simulations for FXSystem 0x000000000AF32CA0
[2015.03.18-02.38.43:657][842]LogParticles: Destroying 0 GPU particle simulations for FXSystem 0x0000000011AAA980
[2015.03.18-02.38.43:731][842]LogExit: Object subsystem successfully closed.
[2015.03.18-02.38.43:788][842]LogModuleManager: Shutting down and abandoning module AndroidDeviceDetection (172)
[2015.03.18-02.38.43:788][842]LogModuleManager: Shutting down and abandoning module CrashTracker (171)
[2015.03.18-02.38.43:788][842]LogModuleManager: Shutting down and abandoning module SuperSearch (170)
[2015.03.18-02.38.43:788][842]LogModuleManager: Shutting down and abandoning module SceneOutliner (169)
[2015.03.18-02.38.43:788][842]LogModuleManager: Shutting down and abandoning module EditorWidgets (168)
[2015.03.18-02.38.43:788][842]LogModuleManager: Shutting down and abandoning module CollectionManager (167)
[2015.03.18-02.38.43:788][842]LogModuleManager: Shutting down and abandoning module StatsViewer (166)
[2015.03.18-02.38.43:788][842]LogModuleManager: Shutting down and abandoning module FoliageEdit (165)
[2015.03.18-02.38.43:788][842]LogModuleManager: Shutting down and abandoning module LandscapeEditor (164)
[2015.03.18-02.38.43:788][842]LogModuleManager: Shutting down and abandoning module MeshPaint (163)
[2015.03.18-02.38.43:788][842]LogModuleManager: Shutting down and abandoning module ActorPickerMode (162)
[2015.03.18-02.38.43:788][842]LogModuleManager: Shutting down and abandoning module GeometryMode (161)
[2015.03.18-02.38.43:788][842]LogModuleManager: Shutting down and abandoning module TextureAlignMode (160)
[2015.03.18-02.38.43:788][842]LogModuleManager: Shutting down and abandoning module BspMode (159)
[2015.03.18-02.38.43:788][842]LogModuleManager: Shutting down and abandoning module PlacementMode (158)
[2015.03.18-02.38.43:788][842]LogModuleManager: Shutting down and abandoning module AutomationWorker (157)
[2015.03.18-02.38.43:788][842]LogModuleManager: Shutting down and abandoning module CharacterAI (156)
[2015.03.18-02.38.43:788][842]LogModuleManager: Shutting down and abandoning module GameProjectGeneration (155)
[2015.03.18-02.38.43:788][842]LogModuleManager: Shutting down and abandoning module IntroTutorials (154)
[2015.03.18-02.38.43:789][842]LogModuleManager: Shutting down and abandoning module EditorLiveStreaming (153)
[2015.03.18-02.38.43:789][842]LogModuleManager: Shutting down and abandoning module HardwareTargeting (152)
[2015.03.18-02.38.43:789][842]LogModuleManager: Shutting down and abandoning module DeviceProfileEditor (151)
[2015.03.18-02.38.43:789][842]LogModuleManager: Shutting down and abandoning module UndoHistory (150)
[2015.03.18-02.38.43:789][842]LogModuleManager: Shutting down and abandoning module GameplayTagsEditor (149)
[2015.03.18-02.38.43:789][842]LogModuleManager: Shutting down and abandoning module UserFeedback (148)
[2015.03.18-02.38.43:789][842]LogModuleManager: Shutting down and abandoning module XmlParser (147)
[2015.03.18-02.38.43:789][842]LogModuleManager: Shutting down and abandoning module Blutility (146)
[2015.03.18-02.38.43:789][842]LogModuleManager: Shutting down and abandoning module IOSPlatformEditor (145)
[2015.03.18-02.38.43:789][842]LogModuleManager: Shutting down and abandoning module IOSRuntimeSettings (144)
[2015.03.18-02.38.43:789][842]LogModuleManager: Shutting down and abandoning module AndroidPlatformEditor (143)
[2015.03.18-02.38.43:789][842]LogModuleManager: Shutting down and abandoning module AndroidRuntimeSettings (142)
[2015.03.18-02.38.43:789][842]LogModuleManager: Shutting down and abandoning module ProjectTargetPlatformEditor (141)
[2015.03.18-02.38.43:789][842]LogModuleManager: Shutting down and abandoning module ProjectSettingsViewer (140)
[2015.03.18-02.38.43:789][842]LogModuleManager: Shutting down and abandoning module InputBindingEditor (139)
[2015.03.18-02.38.43:789][842]LogModuleManager: Shutting down and abandoning module EditorSettingsViewer (138)
[2015.03.18-02.38.43:789][842]LogModuleManager: Shutting down and abandoning module SettingsEditor (137)
[2015.03.18-02.38.43:789][842]LogModuleManager: Shutting down and abandoning module ProjectLauncher (136)
[2015.03.18-02.38.43:789][842]LogModuleManager: Shutting down and abandoning module SessionFrontend (135)
[2015.03.18-02.38.43:789][842]LogModuleManager: Shutting down and abandoning module ProfilerClient (134)
[2015.03.18-02.38.43:789][842]LogModuleManager: Shutting down and abandoning module TargetDeviceServices (133)
[2015.03.18-02.38.43:789][842]LogModuleManager: Shutting down and abandoning module DeviceManager (132)
[2015.03.18-02.38.43:789][842]LogModuleManager: Shutting down and abandoning module AutomationController (131)
[2015.03.18-02.38.43:789][842]LogModuleManager: Shutting down and abandoning module AutomationWindow (130)
[2015.03.18-02.38.43:789][842]LogModuleManager: Shutting down and abandoning module Layers (129)
[2015.03.18-02.38.43:789][842]LogModuleManager: Shutting down and abandoning module ComponentVisualizers (128)
[2015.03.18-02.38.43:789][842]LogModuleManager: Shutting down and abandoning module DetailCustomizations (127)
[2015.03.18-02.38.43:789][842]LogModuleManager: Shutting down and abandoning module PackagesDialog (126)
[2015.03.18-02.38.43:789][842]LogModuleManager: Shutting down and abandoning module AssetRegistry (125)
[2015.03.18-02.38.43:825][842]LogModuleManager: Shutting down and abandoning module Persona (124)
[2015.03.18-02.38.43:825][842]LogModuleManager: Shutting down and abandoning module Kismet (123)
[2015.03.18-02.38.43:825][842]LogModuleManager: Shutting down and abandoning module GraphEditor (122)
[2015.03.18-02.38.43:825][842]LogModuleManager: Shutting down and abandoning module ClassViewer (121)
[2015.03.18-02.38.43:825][842]LogModuleManager: Shutting down and abandoning module Toolbox (120)
[2015.03.18-02.38.43:825][842]LogModuleManager: Shutting down and abandoning module ModuleUI (119)
[2015.03.18-02.38.43:825][842]LogModuleManager: Shutting down and abandoning module MovieSceneTools (118)
[2015.03.18-02.38.43:825][842]LogModuleManager: Shutting down and abandoning module OutputLog (117)
[2015.03.18-02.38.43:825][842]LogModuleManager: Shutting down and abandoning module GammaUI (116)
[2015.03.18-02.38.43:825][842]LogModuleManager: Shutting down and abandoning module Documentation (115)
[2015.03.18-02.38.43:825][842]LogModuleManager: Shutting down and abandoning module GameLiveStreaming (114)
[2015.03.18-02.38.43:825][842]LogModuleManager: Shutting down and abandoning module StreamingPauseRendering (113)
[2015.03.18-02.38.43:825][842]LogModuleManager: Shutting down and abandoning module HTTP (112)
[2015.03.18-02.38.43:825][842]LogModuleManager: Shutting down and abandoning module AnalyticsET (111)
[2015.03.18-02.38.43:825][842]LogModuleManager: Shutting down and abandoning module Analytics (110)
[2015.03.18-02.38.43:825][842]LogModuleManager: Shutting down and abandoning module AITestSuite (109)
[2015.03.18-02.38.43:825][842]LogModuleManager: Shutting down and abandoning module AIModule (108)
[2015.03.18-02.38.43:825][842]LogModuleManager: Shutting down and abandoning module ProfilerService (107)
[2015.03.18-02.38.43:998][842]LogModuleManager: Shutting down and abandoning module TaskGraph (106)
[2015.03.18-02.38.43:998][842]LogModuleManager: Shutting down and abandoning module GameplayDebugger (105)
[2015.03.18-02.38.43:998][842]LogModuleManager: Shutting down and abandoning module SlateRemote (104)
[2015.03.18-02.38.43:998][842]LogModuleManager: Shutting down and abandoning module ScriptEditorPlugin (103)
[2015.03.18-02.38.43:998][842]LogModuleManager: Shutting down and abandoning module CustomMeshComponent (102)
[2015.03.18-02.38.43:998][842]LogModuleManager: Shutting down and abandoning module CableComponent (101)
[2015.03.18-02.38.43:998][842]LogModuleManager: Shutting down and abandoning module MessagingDebugger (100)
[2015.03.18-02.38.43:998][842]LogModuleManager: Shutting down and abandoning module MediaPlayerEditor (99)
[2015.03.18-02.38.43:998][842]LogModuleManager: Shutting down and abandoning module SpeedTreeImporter (98)
[2015.03.18-02.38.43:998][842]LogModuleManager: Shutting down and abandoning module PluginsEditor (97)
[2015.03.18-02.38.43:998][842]LogModuleManager: Shutting down and abandoning module EpicSurvey (96)
[2015.03.18-02.38.43:998][842]LogModuleManager: Shutting down and abandoning module DesktopPlatform (95)
[2015.03.18-02.38.43:998][842]LogModuleManager: Shutting down and abandoning module VisualStudioSourceCodeAccess (94)
[2015.03.18-02.38.43:998][842]LogModuleManager: Shutting down and abandoning module UObjectPlugin (93)
[2015.03.18-02.38.43:999][842]LogModuleManager: Shutting down and abandoning module SubversionSourceControl (92)
[2015.03.18-02.38.43:999][842]LogModuleManager: Shutting down and abandoning module SourceControl (91)
[2015.03.18-02.38.43:999][842]LogModuleManager: Shutting down and abandoning module PerforceSourceControl (90)
[2015.03.18-02.38.43:999][842]LogModuleManager: Shutting down and abandoning module BlankPlugin (89)
[2015.03.18-02.38.43:999][842]LogModuleManager: Shutting down and abandoning module SlateReflector (88)
[2015.03.18-02.38.43:999][842]LogModuleManager: Shutting down and abandoning module DirectoryWatcher (87)
[2015.03.18-02.38.43:999][842]LogModuleManager: Shutting down and abandoning module HotReload (86)
[2015.03.18-02.38.43:999][842]LogModuleManager: Shutting down and abandoning module MainFrame (85)
[2015.03.18-02.38.43:999][842]LogModuleManager: Shutting down and abandoning module LevelEditor (84)
[2015.03.18-02.38.44:000][842]LogModuleManager: Shutting down and abandoning module ViewportSnapping (83)
[2015.03.18-02.38.44:000][842]LogModuleManager: Shutting down and abandoning module SmartSnapping (82)
[2015.03.18-02.38.44:000][842]LogModuleManager: Shutting down and abandoning module PaperTiledImporter (81)
[2015.03.18-02.38.44:000][842]LogModuleManager: Shutting down and abandoning module PaperJsonImporter (80)
[2015.03.18-02.38.44:000][842]LogModuleManager: Shutting down and abandoning module ContentBrowser (79)
[2015.03.18-02.38.44:000][842]LogModuleManager: Shutting down and abandoning module Paper2DEditor (78)
[2015.03.18-02.38.44:000][842]LogModuleManager: Shutting down and abandoning module ScriptPlugin (77)
[2015.03.18-02.38.44:000][842]LogModuleManager: Shutting down and abandoning module UdpMessaging (76)
[2015.03.18-02.38.44:100][842]LogModuleManager: Shutting down and abandoning module Paper2D (75)
[2015.03.18-02.38.44:100][842]LogModuleManager: Shutting down and abandoning module UE4Game (74)
[2015.03.18-02.38.44:100][842]LogModuleManager: Shutting down and abandoning module WindowsMoviePlayer (73)
[2015.03.18-02.38.44:102][842]LogModuleManager: Shutting down and abandoning module Media (72)
[2015.03.18-02.38.44:102][842]LogModuleManager: Shutting down and abandoning module WmfMedia (71)
[2015.03.18-02.38.44:102][842]LogModuleManager: Shutting down and abandoning module OnlineBlueprintSupport (70)
[2015.03.18-02.38.44:102][842]LogModuleManager: Shutting down and abandoning module PropertyEditor (69)
[2015.03.18-02.38.44:102][842]LogModuleManager: Shutting down and abandoning module BehaviorTreeEditor (68)
[2015.03.18-02.38.44:103][842]LogModuleManager: Shutting down and abandoning module FunctionalTesting (67)
[2015.03.18-02.38.44:103][842]LogModuleManager: Shutting down and abandoning module CollisionAnalyzer (66)
[2015.03.18-02.38.44:103][842]LogModuleManager: Shutting down and abandoning module WorkspaceMenuStructure (65)
[2015.03.18-02.38.44:103][842]LogModuleManager: Shutting down and abandoning module MessageLog (64)
[2015.03.18-02.38.44:103][842]LogModuleManager: Shutting down and abandoning module Sequencer (63)
[2015.03.18-02.38.44:103][842]LogModuleManager: Shutting down and abandoning module AssetTools (62)
[2015.03.18-02.38.44:103][842]LogModuleManager: Shutting down and abandoning module UMGEditor (61)
[2015.03.18-02.38.44:103][842]LogModuleManager: Shutting down and abandoning module UMG (60)
[2015.03.18-02.38.44:103][842]LogModuleManager: Shutting down and abandoning module Slate (59)
[2015.03.18-02.38.44:103][842]LogModuleManager: Shutting down and abandoning module EditorStyle (58)
[2015.03.18-02.38.44:106][842]LogModuleManager: Shutting down and abandoning module SessionServices (57)
[2015.03.18-02.38.44:106][842]LogModuleManager: Shutting down and abandoning module SourceCodeAccess (56)
[2015.03.18-02.38.44:106][842]LogModuleManager: Shutting down and abandoning module HeadMountedDisplay (55)
[2015.03.18-02.38.44:106][842]LogModuleManager: Shutting down and abandoning module XAudio2 (54)
[2015.03.18-02.38.44:106][842]LogModuleManager: Shutting down and abandoning module Networking (52)
[2015.03.18-02.38.44:106][842]LogModuleManager: Shutting down and abandoning module Core (51)
[2015.03.18-02.38.44:106][842]LogModuleManager: Shutting down and abandoning module KismetCompiler (50)
[2015.03.18-02.38.44:106][842]LogModuleManager: Shutting down and abandoning module PhysXFormats (49)
[2015.03.18-02.38.44:106][842]LogModuleManager: Shutting down and abandoning module MeshUtilities (48)
[2015.03.18-02.38.44:106][842]LogModuleManager: Shutting down and abandoning module DerivedDataCache (47)
[2015.03.18-02.38.44:166][842]LogDerivedDataCache: Shutdown
[2015.03.18-02.38.44:166][842]LogModuleManager: Shutting down and abandoning module ShaderFormatOpenGL (46)
[2015.03.18-02.38.44:166][842]LogModuleManager: Shutting down and abandoning module ShaderFormatD3D (45)
[2015.03.18-02.38.44:166][842]LogModuleManager: Shutting down and abandoning module MetalShaderFormat (44)
[2015.03.18-02.38.44:166][842]LogModuleManager: Shutting down and abandoning module TextureFormatUncompressed (43)
[2015.03.18-02.38.44:166][842]LogModuleManager: Shutting down and abandoning module TextureFormatPVR (42)
[2015.03.18-02.38.44:166][842]LogModuleManager: Shutting down and abandoning module TextureFormatDXT (41)
[2015.03.18-02.38.44:166][842]LogModuleManager: Shutting down and abandoning module TextureFormatAndroid (40)
[2015.03.18-02.38.44:166][842]LogModuleManager: Shutting down and abandoning module AudioFormatOpus (39)
[2015.03.18-02.38.44:166][842]LogModuleManager: Shutting down and abandoning module AudioFormatOgg (38)
[2015.03.18-02.38.44:166][842]LogModuleManager: Shutting down and abandoning module AudioFormatADPCM (37)
[2015.03.18-02.38.44:166][842]LogModuleManager: Shutting down and abandoning module LinuxTargetPlatform (36)
[2015.03.18-02.38.44:166][842]LogModuleManager: Shutting down and abandoning module LinuxServerTargetPlatform (35)
[2015.03.18-02.38.44:166][842]LogModuleManager: Shutting down and abandoning module LinuxNoEditorTargetPlatform (34)
[2015.03.18-02.38.44:166][842]LogModuleManager: Shutting down and abandoning module Messaging (33)
[2015.03.18-02.38.44:166][842]LogModuleManager: Shutting down and abandoning module IOSTargetPlatform (32)
[2015.03.18-02.38.44:166][842]LogModuleManager: Shutting down and abandoning module Android_PVRTCTargetPlatform (31)
[2015.03.18-02.38.44:166][842]LogModuleManager: Shutting down and abandoning module Android_ETC2TargetPlatform (30)
[2015.03.18-02.38.44:166][842]LogModuleManager: Shutting down and abandoning module Android_ETC1TargetPlatform (29)
[2015.03.18-02.38.44:166][842]LogModuleManager: Shutting down and abandoning module Android_DXTTargetPlatform (28)
[2015.03.18-02.38.44:166][842]LogModuleManager: Shutting down and abandoning module Android_ATCTargetPlatform (27)
[2015.03.18-02.38.44:166][842]LogModuleManager: Shutting down and abandoning module AndroidTargetPlatform (26)
[2015.03.18-02.38.44:166][842]LogModuleManager: Shutting down and abandoning module WindowsTargetPlatform (25)
[2015.03.18-02.38.44:166][842]LogModuleManager: Shutting down and abandoning module WindowsServerTargetPlatform (24)
[2015.03.18-02.38.44:166][842]LogModuleManager: Shutting down and abandoning module WindowsNoEditorTargetPlatform (23)
[2015.03.18-02.38.44:166][842]LogModuleManager: Shutting down and abandoning module WindowsClientTargetPlatform (22)
[2015.03.18-02.38.44:166][842]LogModuleManager: Shutting down and abandoning module TargetPlatform (21)
[2015.03.18-02.38.44:166][842]LogModuleManager: Shutting down and abandoning module InputCore (20)
[2015.03.18-02.38.44:166][842]LogModuleManager: Shutting down and abandoning module Settings (19)
[2015.03.18-02.38.44:166][842]LogModuleManager: Shutting down and abandoning module ImageWrapper (18)
[2015.03.18-02.38.44:166][842]LogModuleManager: Shutting down and abandoning module OculusRift (15)
[2015.03.18-02.38.44:166][842]LogModuleManager: Shutting down and abandoning module ExampleDeviceProfileSelector (14)
[2015.03.18-02.38.44:166][842]LogModuleManager: Shutting down and abandoning module TextureCompressor (13)
[2015.03.18-02.38.44:166][842]LogModuleManager: Shutting down and abandoning module ShaderCore (12)
[2015.03.18-02.38.44:166][842]LogModuleManager: Shutting down and abandoning module Landscape (11)
[2015.03.18-02.38.44:166][842]LogModuleManager: Shutting down and abandoning module SlateRHIRenderer (10)
[2015.03.18-02.38.44:167][842]LogModuleManager: Shutting down and abandoning module OpenGLDrv (9)
[2015.03.18-02.38.44:167][842]LogModuleManager: Shutting down and abandoning module D3D11RHI (8)
[2015.03.18-02.38.44:167][842]LogModuleManager: Shutting down and abandoning module Renderer (7)
[2015.03.18-02.38.44:167][842]LogModuleManager: Shutting down and abandoning module Engine (6)
[2015.03.18-02.38.44:167][842]LogModuleManager: Shutting down and abandoning module CoreUObject (5)
[2015.03.18-02.38.44:167][842]LogModuleManager: Shutting down and abandoning module NetworkFile (4)
[2015.03.18-02.38.44:167][842]LogModuleManager: Shutting down and abandoning module StreamingFile (3)
[2015.03.18-02.38.44:167][842]LogModuleManager: Shutting down and abandoning module SandboxFile (2)
[2015.03.18-02.38.44:167][842]LogModuleManager: Shutting down and abandoning module PakFile (1)
[2015.03.18-02.38.44:168][842]LogExit: Exiting.
[2015.03.18-02.38.44:190][842]Log file closed, 03/17/15 19:38:44
