Log file open, 03/17/15 20:34:53
LogInit:Display: Running engine for game: Zeke
LogInit: Version: 4.6.1-2386410+++depot+UE4-Releases+4.6
LogInit: API Version: 2369412
LogInit: Compiled (64-bit): Dec 11 2014 21:31:39
LogInit: Compiled with Visual C++: 18.00.21005.01
LogInit: Build Configuration: Development
LogInit: Branch Name: ++depot+UE4-Releases+4.6
LogInit: Command line: 
LogInit: Base directory: C:/Program Files/Epic Games/4.6/Engine/Binaries/Win64/
LogInit: Rocket: 1
[2015.03.18-03.34.53:934][  0]LogTaskGraph: Started task graph with 3 named threads and 6 total threads.
[2015.03.18-03.34.53:982][  0]LogOnline:Warning: No default platform service specified for OnlineSubsystem
[2015.03.18-03.34.53:999][  0]LogInit: Presizing for 0 objects not considered by GC, pre-allocating 0 bytes.
[2015.03.18-03.34.54:007][  0]LogInit: Object subsystem initialized
[2015.03.18-03.34.54:008][  0]LogConsoleResponse:Warning: Skipping Unknown console variable: 'UIScaleRule = ShortestSide'
[2015.03.18-03.34.54:008][  0]LogConsoleResponse:Warning:   Found in ini file 'C:/Users/student/Documents/GitHub/Zeke/Zeke/Saved/Config/Windows/Engine.ini', in section '[/Script/Engine.RendererSettings]'
[2015.03.18-03.34.54:008][  0]LogConsoleResponse:Warning: Skipping Unknown console variable: 'UIScaleCurve = (EditorCurveData=(Keys=),ExternalCurve=None)'
[2015.03.18-03.34.54:008][  0]LogConsoleResponse:Warning:   Found in ini file 'C:/Users/student/Documents/GitHub/Zeke/Zeke/Saved/Config/Windows/Engine.ini', in section '[/Script/Engine.RendererSettings]'
[2015.03.18-03.34.54:009][  0]LogConsoleManager:Warning: Console variable 'r.MSAA.CompositingSampleCount' wasn't set (Priority ProjectSetting < Scalability)
[2015.03.18-03.34.54:009][  0]LogInit: Selected Device Profile: [Windows]
[2015.03.18-03.34.54:009][  0]LogInit: Applying CVar settings loaded from the selected device profile: [Windows]
[2015.03.18-03.34.54:015][  0]LogInit: Computer: AI251LAB0234P14
[2015.03.18-03.34.54:015][  0]LogInit: User: student
[2015.03.18-03.34.54:015][  0]LogInit: CPU Page size=4096, Cores=4
[2015.03.18-03.34.54:015][  0]LogInit: High frequency timer resolution =3.507216 MHz
[2015.03.18-03.34.54:016][  0]LogMemory: Memory total: Physical=7.9GB (8GB approx) Virtual=8192.0GB
[2015.03.18-03.34.54:016][  0]LogMemory: Platform Memory Stats for Windows
[2015.03.18-03.34.54:016][  0]LogMemory: Process Physical Memory: 50.71 MB used, 50.71 MB peak
[2015.03.18-03.34.54:016][  0]LogMemory: Process Virtual Memory: 27.09 MB used, 27.10 MB peak
[2015.03.18-03.34.54:016][  0]LogMemory: Physical Memory: 2459.00 MB used, 8115.79 MB total
[2015.03.18-03.34.54:016][  0]LogMemory: Virtual Memory: 264.96 MB used, 8388608.00 MB total
[2015.03.18-03.34.54:039][  0]LogD3D11RHI: Found D3D11 adapter 0: NVIDIA Quadro K2000 (Feature Level 11_0)
[2015.03.18-03.34.54:039][  0]LogD3D11RHI: Adapter has 1990MB of dedicated video memory, 0MB of dedicated system memory, and 3801MB of shared system memory, 1 output[s]
[2015.03.18-03.34.54:039][  0]LogD3D11RHI: Chosen D3D11 Adapter Id = 0
[2015.03.18-03.34.54:043][  0]LogRHI: Texture pool is 1361 MB (70% of 1945 MB)
[2015.03.18-03.34.54:051][  0]LogD3D11RHI: Async texture creation enabled
[2015.03.18-03.34.54:102][  0]LogTextLocalizationManager: The requested culture ('en_US') has no localization data; parent culture's ('en') localization data will be used.
[2015.03.18-03.34.54:233][  0]LogContentStreaming: Texture pool size is 0.000000MB
[2015.03.18-03.34.59:498][  0]LogTargetPlatformManager:Display: Building Assets For Windows
[2015.03.18-03.34.59:893][  0]LogTargetPlatformManager:Display: Building Assets For Windows
[2015.03.18-03.34.59:940][  0]LogDerivedDataCache:Display: Max Cache Size: 512 MB
[2015.03.18-03.34.59:977][  0]LogDerivedDataCache: Loaded boot cache 0.04s 39MB C:/Users/student/AppData/Local/UnrealEngine/4.6/DerivedDataCache/Boot.ddc.
[2015.03.18-03.34.59:977][  0]LogDerivedDataCache:Display: Loaded Boot cache: C:/Users/student/AppData/Local/UnrealEngine/4.6/DerivedDataCache/Boot.ddc
[2015.03.18-03.34.59:977][  0]LogDerivedDataCache: FDerivedDataBackendGraph:  Pak pak cache file ../../../../../../Users/student/Documents/GitHub/Zeke/Zeke/DerivedDataCache/DDC.ddp not found, will not use a pak cache.
[2015.03.18-03.34.59:977][  0]LogDerivedDataCache: Unable to find inner node Pak for hierarchical cache Hierarchy.
[2015.03.18-03.35.00:040][  0]LogDerivedDataCache:Display: Pak cache opened for reading ../../../Engine/DerivedDataCache/DDC.ddp.
[2015.03.18-03.35.00:052][  0]LogDerivedDataCache: Using Local data cache path C:/Users/student/AppData/Local/UnrealEngine/Common/DerivedDataCache: Writable
[2015.03.18-03.35.00:172][  0]LogCollisionProfile:Warning: Profile (UI) - Custom Channel Name = 'Weapon' hasn't been found
[2015.03.18-03.35.00:305][  0]LogMeshUtilities: No automatic mesh reduction module available
[2015.03.18-03.35.00:305][  0]LogMeshUtilities: No automatic mesh merging module available
[2015.03.18-03.35.00:649][  0]LogInit: WinSock: version 1.1 (2.2), MaxSocks=32767, MaxUdp=65467
[2015.03.18-03.35.00:701][  0]LogSlate:Warning: Failed to load font data from '../../../Engine/Content/Slate/Fonts/Roboto-Italic.ttf'
[2015.03.18-03.35.01:420][  0]UdpMessaging: Initializing bridge on interface 0.0.0.0:0 to multicast group 230.0.0.1:6666.
[2015.03.18-03.35.01:565][  0]LogDirectoryWatcher:Warning: Failed to begin reading directory changes for C:/Users/student/Documents/GitHub/Zeke/Zeke/Binaries/Win64. Error: 0
[2015.03.18-03.35.01:697][  0]SourceControl: Info Source control is disabled
[2015.03.18-03.35.01:697][  0]SourceControl: Info Source control is disabled
[2015.03.18-03.35.01:704][  0]SourceControl: Info Source control is disabled
[2015.03.18-03.35.01:812][  0]LogObj: 23754 objects as part of root set at end of initial load.
[2015.03.18-03.35.01:812][  0]LogUObjectAllocator: 5168136 out of 0 bytes used by permanent object pool.
[2015.03.18-03.35.01:861][  0]LogEngine: Initializing Engine...
[2015.03.18-03.35.01:991][  0]LogInit: XAudio2 using 'Speakers (Realtek High Definition Audio)' : 2 channels at 48 kHz using 32 bits per sample (channel mask 0x3)
[2015.03.18-03.35.02:011][  0]LogInit: FAudioDevice initialized.
[2015.03.18-03.35.02:029][  0]LogAIModule: Creating AISystem for world NewWorld
[2015.03.18-03.35.02:051][  0]LogDerivedDataCache: Saved boot cache 0.02s 39MB C:/Users/student/AppData/Local/UnrealEngine/4.6/DerivedDataCache/Boot.ddc.
[2015.03.18-03.35.02:056][  0]LogInit: Texture streaming: Enabled
[2015.03.18-03.35.02:080][  0]LogAnalytics: Creating configured Analytics provider AnalyticsET
[2015.03.18-03.35.02:080][  0]LogAnalytics: ET APIKey = Rocket.Release. APIServer = http://et2.epicgames.com/ET2/. AppVersion = 4.6.1-2386410+++depot+UE4-Releases+4.6
[2015.03.18-03.35.02:081][  0]LogAnalytics: SetUserId 6123c089cfcae1f46a549b249fcdabf4
[2015.03.18-03.35.02:081][  0]LogAnalytics: AnalyticsET::StartSession [Rocket.Release]
[2015.03.18-03.35.02:097][  0]LogInit: Transaction tracking system initialized
[2015.03.18-03.35.02:181][  0]BlueprintLog: New page: Editor Load
[2015.03.18-03.35.02:207][  0]LogAssetRegistry: FAssetRegistry took 0.0093 seconds to start up
[2015.03.18-03.35.02:207][  0]LogDirectoryWatcher:Warning: Failed to begin reading directory changes for ../../../Engine/Plugins/Experimental/CharacterAI/Content/. Error: 0
[2015.03.18-03.35.02:666][  0]LogTargetPlatformManager:Display: Building Assets For Windows
[2015.03.18-03.35.03:008][  0]LogTargetPlatformManager:Display: Building Assets For Windows
[2015.03.18-03.35.03:178][  0]LogConsoleResponse:Display: 
[2015.03.18-03.35.03:221][  0]LogLinker:Warning: Asset '../../../Engine/Content/Functions/Engine_MaterialFunctions03/Procedurals/ComputeFilterWidth.uasset' has been saved with empty engine version. The asset will be loaded but may be incompatible.
[2015.03.18-03.35.03:391][  0]SourceControl: Info Source control is disabled
[2015.03.18-03.35.03:391][  0]Cmd: MAP LOAD FILE="../../../../../../Users/student/Documents/GitHub/Zeke/Zeke/Content/Maps/Example_Map.umap" TEMPLATE=0 SHOWPROGRESS=1
[2015.03.18-03.35.03:391][  0]LightingResults: New page: Lighting Build
[2015.03.18-03.35.03:400][  0]MapCheck: New page: Map Check
[2015.03.18-03.35.03:400][  0]LightingResults: New page: Lighting Build
[2015.03.18-03.35.03:406][  0]LogParticles: Destroying 0 GPU particle simulations for FXSystem 0x0000000010705940
[2015.03.18-03.35.04:114][  0]LogBlueprint:Error: [compiler] Error Spawn node  SpawnActor NONE  must have a class specified.
[2015.03.18-03.35.04:117][  0]LogBlueprint:Warning: [compiler] Warning [0012.07] Compile of Example_Map failed. 1 Fatal Issue(s) 0 Warning(s) [in 4 ms]
[2015.03.18-03.35.04:120][  0]LogBlueprint:Error: [compiler] Error Spawn node  SpawnActor NONE  must have a class specified.
[2015.03.18-03.35.04:123][  0]LogBlueprint:Warning: [compiler] Warning [0012.08] Compile of Example_Map failed. 1 Fatal Issue(s) 0 Warning(s) [in 3 ms]
[2015.03.18-03.35.04:123][  0]LogBlueprint:Warning: [compiler] Warning [0012.08] Compile of Example_Map failed. 1 Fatal Issue(s) 1 Warning(s) [in 0 ms]
[2015.03.18-03.35.08:751][  0]LogEditorServer: Finished looking for orphan Actors (0.000 secs)
[2015.03.18-03.35.08:752][  0]LogAIModule: Creating AISystem for world Example_Map
[2015.03.18-03.35.08:753][  0]Cmd: MAP CHECKDEP
[2015.03.18-03.35.08:753][  0]MapCheck: New page: Example_Map - Mar 17, 2015, 1:35:08 PM
[2015.03.18-03.35.08:849][  0]MapCheck: Info Map check complete: 0 Error(s), 0 Warning(s), took 95.604ms to complete.
[2015.03.18-03.35.08:849][  0]LogFileHelpers: Loading map 'Example_Map' took 5.458
[2015.03.18-03.35.08:919][  0]LogCollectionManager: Loaded 0 collections in 0.000854 seconds
[2015.03.18-03.35.09:016][  0]LogCrashTracker: Crashtracker disabled due to settings.
[2015.03.18-03.35.09:021][  0]LogUObjectGlobals:Warning: Failed to find object 'Class None.'
[2015.03.18-03.35.09:046][  0]LogLoad: Full Startup: 17.00 seconds (BP compile: 0.19 seconds)
[2015.03.18-03.35.09:060][  0]LogContentBrowser:Verbose: The content browser source was changed by the sources view to '/Game/level'
[2015.03.18-03.35.09:486][  0]LogRenderer:Warning: Reallocating scene render targets to support 968x1024.
[2015.03.18-03.35.09:621][  1]Cmd: UpdateLandscapeEditorData -warnings
[2015.03.18-03.35.09:621][  1]Cmd: UpdateLandscapeEditorData
[2015.03.18-03.35.09:710][  2]LogAssetRegistry: Asset discovery search completed in 7.5132 seconds
[2015.03.18-03.35.16:633][196]LogContentBrowser:Verbose: The content browser source was changed by the sources view to '/Game/Mesh'
[2015.03.18-03.35.18:454][259]LogContentBrowser:Verbose: The content browser source was changed by the sources view to '/Game/Zeke'
[2015.03.18-03.35.20:289][315]LogContentBrowser:Verbose: The content browser source was changed by the sources view to '/Game/Zeke/Mesh'
[2015.03.18-03.35.29:660][424]LogFactory: FactoryCreateBinary: StaticMesh with FbxFactory (0 0 ../../../../../../Users/student/Desktop/floot.FBX)
[2015.03.18-03.35.29:663][424]LogFbx: ItemName: GlobalSettings, ItemCount : 1
[2015.03.18-03.35.29:663][424]LogFbx: ItemName: AnimationStack, ItemCount : 1
[2015.03.18-03.35.29:663][424]LogFbx: ItemName: AnimationLayer, ItemCount : 1
[2015.03.18-03.35.29:663][424]LogFbx: ItemName: Model, ItemCount : 1
[2015.03.18-03.35.29:663][424]LogFbx: ItemName: Geometry, ItemCount : 1
[2015.03.18-03.35.29:663][424]LogFbx: ItemName: Material, ItemCount : 10
[2015.03.18-03.35.29:663][424]LogFbx: ItemName: Texture, ItemCount : 3
[2015.03.18-03.35.29:663][424]LogFbx: ItemName: Video, ItemCount : 2
[2015.03.18-03.35.31:561][424]LogFbx: Loading FBX Scene from ../../../../../../Users/student/Desktop/floot.FBX
[2015.03.18-03.35.31:568][424]LogFbx: FBX Scene Loaded Succesfully
[2015.03.18-03.35.31:570][424]LogFbx:Warning: Triangulating static mesh Plane003
[2015.03.18-03.35.31:572][424]LogFbx: == Initial material list:
[2015.03.18-03.35.31:572][424]LogFbx: 0: 02 - Default
[2015.03.18-03.35.31:572][424]LogFbx: 1: 09 - Default
[2015.03.18-03.35.31:572][424]LogFbx: 2: 08 - Default
[2015.03.18-03.35.31:572][424]LogFbx: 3: 07 - Default
[2015.03.18-03.35.31:572][424]LogFbx: 4: default Slot #5
[2015.03.18-03.35.31:572][424]LogFbx: 5: default Slot #6
[2015.03.18-03.35.31:572][424]LogFbx: 6: default Slot #7
[2015.03.18-03.35.31:572][424]LogFbx: 7: default Slot #8
[2015.03.18-03.35.31:572][424]LogFbx: 8: default Slot #9
[2015.03.18-03.35.31:572][424]LogFbx: 9: default Slot #10
[2015.03.18-03.35.31:572][424]LogFbx: == After sorting:
[2015.03.18-03.35.31:572][424]LogFbx: 0: 02 - Default
[2015.03.18-03.35.31:572][424]LogFbx: 1: 09 - Default
[2015.03.18-03.35.31:572][424]LogFbx: 2: 08 - Default
[2015.03.18-03.35.31:572][424]LogFbx: 3: 07 - Default
[2015.03.18-03.35.31:572][424]LogFbx: 4: default Slot #5
[2015.03.18-03.35.31:572][424]LogFbx: 5: default Slot #6
[2015.03.18-03.35.31:572][424]LogFbx: 6: default Slot #7
[2015.03.18-03.35.31:572][424]LogFbx: 7: default Slot #8
[2015.03.18-03.35.31:572][424]LogFbx: 8: default Slot #9
[2015.03.18-03.35.31:572][424]LogFbx: 9: default Slot #10
[2015.03.18-03.35.31:572][424]LogFbx: == Mapping table:
[2015.03.18-03.35.31:572][424]LogFbx:   sort 0 -> 0
[2015.03.18-03.35.31:572][424]LogFbx:   sort 1 -> 1
[2015.03.18-03.35.31:572][424]LogFbx:   sort 2 -> 2
[2015.03.18-03.35.31:572][424]LogFbx:   sort 3 -> 3
[2015.03.18-03.35.31:572][424]LogFbx:   sort 4 -> 4
[2015.03.18-03.35.31:572][424]LogFbx:   sort 5 -> 5
[2015.03.18-03.35.31:572][424]LogFbx:   sort 6 -> 6
[2015.03.18-03.35.31:572][424]LogFbx:   sort 7 -> 7
[2015.03.18-03.35.31:572][424]LogFbx:   sort 8 -> 8
[2015.03.18-03.35.31:572][424]LogFbx:   sort 9 -> 9
[2015.03.18-03.35.31:572][424]LogStaticMesh: Building static mesh floot...
[2015.03.18-03.35.31:573][424]LogLayoutUV:Display: FindCharts: 0 ms
[2015.03.18-03.35.31:573][424]LogLayoutUV:Display: PackCharts: 0 ms
[2015.03.18-03.35.31:573][424]LogLayoutUV:Display:   Rasterize: 369
[2015.03.18-03.35.31:573][424]LogLayoutUV:Display:   Find: 114
[2015.03.18-03.35.31:573][424]LogLayoutUV:Display: PackCharts: 0 ms
[2015.03.18-03.35.31:573][424]LogLayoutUV:Display:   Rasterize: 474
[2015.03.18-03.35.31:573][424]LogLayoutUV:Display:   Find: 93
[2015.03.18-03.35.31:573][424]LogLayoutUV:Display: PackCharts: 0 ms
[2015.03.18-03.35.31:573][424]LogLayoutUV:Display:   Rasterize: 530
[2015.03.18-03.35.31:573][424]LogLayoutUV:Display:   Find: 76
[2015.03.18-03.35.31:574][424]LogLayoutUV:Display: PackCharts: 0 ms
[2015.03.18-03.35.31:574][424]LogLayoutUV:Display:   Rasterize: 525
[2015.03.18-03.35.31:574][424]LogLayoutUV:Display:   Find: 75
[2015.03.18-03.35.31:574][424]LogLayoutUV:Display: PackCharts: 0 ms
[2015.03.18-03.35.31:574][424]LogLayoutUV:Display:   Rasterize: 518
[2015.03.18-03.35.31:574][424]LogLayoutUV:Display:   Find: 72
[2015.03.18-03.35.31:574][424]LogStaticMesh: Built static mesh [1.789739ms] /Game/Zeke/Mesh/floot.floot
[2015.03.18-03.35.31:584][424]FBXImport:Warning: Warning Warning: No smoothing group information was found in this FBX scene.  Please make sure to enable the 'Export Smoothing Groups' option in the FBX Exporter plug-in before exporting the file.  Even for tools that don't support smoothing groups, the FBX Exporter will generate appropriate smoothing data at export-time so that correct vertex normals can be inferred while importing. 
[2015.03.18-03.35.31:590][424]LogFactory: FactoryCreateBinary: StaticMesh with FbxFactory (0 0 ../../../../../../Users/student/Desktop/Tstreet.FBX)
[2015.03.18-03.35.33:395][424]LogFbx: Loading FBX Scene from ../../../../../../Users/student/Desktop/Tstreet.FBX
[2015.03.18-03.35.33:402][424]LogFbx: FBX Scene Loaded Succesfully
[2015.03.18-03.35.33:404][424]LogFbx:Warning: Triangulating static mesh Plane001
[2015.03.18-03.35.33:410][424]LogFbx: == Initial material list:
[2015.03.18-03.35.33:410][424]LogFbx: 0: 02 - Default
[2015.03.18-03.35.33:410][424]LogFbx: 1: 09 - Default
[2015.03.18-03.35.33:410][424]LogFbx: 2: 08 - Default
[2015.03.18-03.35.33:410][424]LogFbx: 3: 07 - Default
[2015.03.18-03.35.33:410][424]LogFbx: 4: default Slot #5
[2015.03.18-03.35.33:410][424]LogFbx: 5: default Slot #6
[2015.03.18-03.35.33:410][424]LogFbx: 6: default Slot #7
[2015.03.18-03.35.33:410][424]LogFbx: 7: default Slot #8
[2015.03.18-03.35.33:410][424]LogFbx: 8: default Slot #9
[2015.03.18-03.35.33:410][424]LogFbx: 9: default Slot #10
[2015.03.18-03.35.33:410][424]LogFbx: == After sorting:
[2015.03.18-03.35.33:410][424]LogFbx: 0: 02 - Default
[2015.03.18-03.35.33:410][424]LogFbx: 1: 09 - Default
[2015.03.18-03.35.33:410][424]LogFbx: 2: 08 - Default
[2015.03.18-03.35.33:410][424]LogFbx: 3: 07 - Default
[2015.03.18-03.35.33:410][424]LogFbx: 4: default Slot #5
[2015.03.18-03.35.33:410][424]LogFbx: 5: default Slot #6
[2015.03.18-03.35.33:410][424]LogFbx: 6: default Slot #7
[2015.03.18-03.35.33:410][424]LogFbx: 7: default Slot #8
[2015.03.18-03.35.33:410][424]LogFbx: 8: default Slot #9
[2015.03.18-03.35.33:410][424]LogFbx: 9: default Slot #10
[2015.03.18-03.35.33:410][424]LogFbx: == Mapping table:
[2015.03.18-03.35.33:410][424]LogFbx:   sort 0 -> 0
[2015.03.18-03.35.33:410][424]LogFbx:   sort 1 -> 1
[2015.03.18-03.35.33:410][424]LogFbx:   sort 2 -> 2
[2015.03.18-03.35.33:410][424]LogFbx:   sort 3 -> 3
[2015.03.18-03.35.33:410][424]LogFbx:   sort 4 -> 4
[2015.03.18-03.35.33:410][424]LogFbx:   sort 5 -> 5
[2015.03.18-03.35.33:410][424]LogFbx:   sort 6 -> 6
[2015.03.18-03.35.33:410][424]LogFbx:   sort 7 -> 7
[2015.03.18-03.35.33:410][424]LogFbx:   sort 8 -> 8
[2015.03.18-03.35.33:410][424]LogFbx:   sort 9 -> 9
[2015.03.18-03.35.33:411][424]LogStaticMesh: Building static mesh Tstreet...
[2015.03.18-03.35.33:411][424]LogLayoutUV:Display: FindCharts: 0 ms
[2015.03.18-03.35.33:411][424]LogLayoutUV:Display: PackCharts: 0 ms
[2015.03.18-03.35.33:411][424]LogLayoutUV:Display:   Rasterize: 515
[2015.03.18-03.35.33:411][424]LogLayoutUV:Display:   Find: 60
[2015.03.18-03.35.33:411][424]LogLayoutUV:Display: PackCharts: 0 ms
[2015.03.18-03.35.33:411][424]LogLayoutUV:Display:   Rasterize: 650
[2015.03.18-03.35.33:411][424]LogLayoutUV:Display:   Find: 276
[2015.03.18-03.35.33:412][424]LogLayoutUV:Display: PackCharts: 0 ms
[2015.03.18-03.35.33:412][424]LogLayoutUV:Display:   Rasterize: 758
[2015.03.18-03.35.33:412][424]LogLayoutUV:Display:   Find: 273
[2015.03.18-03.35.33:412][424]LogLayoutUV:Display: PackCharts: 0 ms
[2015.03.18-03.35.33:412][424]LogLayoutUV:Display:   Rasterize: 728
[2015.03.18-03.35.33:412][424]LogLayoutUV:Display:   Find: 260
[2015.03.18-03.35.33:413][424]LogLayoutUV:Display: PackCharts: 0 ms
[2015.03.18-03.35.33:413][424]LogLayoutUV:Display:   Rasterize: 724
[2015.03.18-03.35.33:413][424]LogLayoutUV:Display:   Find: 254
[2015.03.18-03.35.33:413][424]LogStaticMesh: Built static mesh [2.743487ms] /Game/Zeke/Mesh/Tstreet.Tstreet
[2015.03.18-03.35.33:423][424]FBXImport:Warning: Warning Warning: No smoothing group information was found in this FBX scene.  Please make sure to enable the 'Export Smoothing Groups' option in the FBX Exporter plug-in before exporting the file.  Even for tools that don't support smoothing groups, the FBX Exporter will generate appropriate smoothing data at export-time so that correct vertex normals can be inferred while importing. 
[2015.03.18-03.35.33:426][424]LogContentBrowser:Verbose: The content browser source was changed by the sources view to 'None'
[2015.03.18-03.35.33:426][424]LogContentBrowser:Verbose: The content browser source was changed by the sources view to '/Game/Zeke/Mesh'
[2015.03.18-03.35.33:427][424]LogContentBrowser:Verbose: The content browser source was changed by the sources view to '/Game/Zeke/Mesh'
[2015.03.18-03.35.40:183][489]LogFactory: FactoryCreateBinary: StaticMesh with FbxFactory (0 0 ../../../../../../Users/student/Desktop/Exports/bench_type_01.FBX)
[2015.03.18-03.35.40:197][489]LogFbx: ItemName: GlobalSettings, ItemCount : 1
[2015.03.18-03.35.40:197][489]LogFbx: ItemName: AnimationStack, ItemCount : 1
[2015.03.18-03.35.40:197][489]LogFbx: ItemName: AnimationLayer, ItemCount : 1
[2015.03.18-03.35.40:197][489]LogFbx: ItemName: Model, ItemCount : 1
[2015.03.18-03.35.40:197][489]LogFbx: ItemName: Geometry, ItemCount : 1
[2015.03.18-03.35.40:197][489]LogFbx: ItemName: Material, ItemCount : 4
[2015.03.18-03.35.41:400][489]LogFbx: Loading FBX Scene from ../../../../../../Users/student/Desktop/Exports/bench_type_01.FBX
[2015.03.18-03.35.41:406][489]LogFbx: FBX Scene Loaded Succesfully
[2015.03.18-03.35.41:408][489]LogFbx: == Initial material list:
[2015.03.18-03.35.41:408][489]LogFbx: 0: Material #36
[2015.03.18-03.35.41:408][489]LogFbx: 1: Material #37
[2015.03.18-03.35.41:408][489]LogFbx: 2: Material #38
[2015.03.18-03.35.41:408][489]LogFbx: 3: Material #39
[2015.03.18-03.35.41:408][489]LogFbx: == After sorting:
[2015.03.18-03.35.41:408][489]LogFbx: 0: Material #36
[2015.03.18-03.35.41:408][489]LogFbx: 1: Material #37
[2015.03.18-03.35.41:408][489]LogFbx: 2: Material #38
[2015.03.18-03.35.41:408][489]LogFbx: 3: Material #39
[2015.03.18-03.35.41:408][489]LogFbx: == Mapping table:
[2015.03.18-03.35.41:408][489]LogFbx:   sort 0 -> 0
[2015.03.18-03.35.41:408][489]LogFbx:   sort 1 -> 1
[2015.03.18-03.35.41:408][489]LogFbx:   sort 2 -> 2
[2015.03.18-03.35.41:408][489]LogFbx:   sort 3 -> 3
[2015.03.18-03.35.41:409][489]LogStaticMesh: Building static mesh bench_type_01...
[2015.03.18-03.35.41:409][489]LogLayoutUV:Display: FindCharts: 0 ms
[2015.03.18-03.35.41:409][489]LogLayoutUV:Display: PackCharts: 0 ms
[2015.03.18-03.35.41:409][489]LogLayoutUV:Display:   Rasterize: 701
[2015.03.18-03.35.41:409][489]LogLayoutUV:Display:   Find: 412
[2015.03.18-03.35.41:410][489]LogLayoutUV:Display: PackCharts: 0 ms
[2015.03.18-03.35.41:410][489]LogLayoutUV:Display:   Rasterize: 750
[2015.03.18-03.35.41:410][489]LogLayoutUV:Display:   Find: 493
[2015.03.18-03.35.41:410][489]LogLayoutUV:Display: PackCharts: 0 ms
[2015.03.18-03.35.41:410][489]LogLayoutUV:Display:   Rasterize: 771
[2015.03.18-03.35.41:410][489]LogLayoutUV:Display:   Find: 460
[2015.03.18-03.35.41:411][489]LogLayoutUV:Display: PackCharts: 0 ms
[2015.03.18-03.35.41:411][489]LogLayoutUV:Display:   Rasterize: 793
[2015.03.18-03.35.41:411][489]LogLayoutUV:Display:   Find: 451
[2015.03.18-03.35.41:412][489]LogLayoutUV:Display: PackCharts: 0 ms
[2015.03.18-03.35.41:412][489]LogLayoutUV:Display:   Rasterize: 771
[2015.03.18-03.35.41:412][489]LogLayoutUV:Display:   Find: 450
[2015.03.18-03.35.41:412][489]LogStaticMesh: Built static mesh [3.508481ms] /Game/Zeke/Mesh/bench_type_01.bench_type_01
[2015.03.18-03.35.41:421][489]FBXImport:Warning: Warning Warning: No smoothing group information was found in this FBX scene.  Please make sure to enable the 'Export Smoothing Groups' option in the FBX Exporter plug-in before exporting the file.  Even for tools that don't support smoothing groups, the FBX Exporter will generate appropriate smoothing data at export-time so that correct vertex normals can be inferred while importing. 
[2015.03.18-03.35.41:428][489]LogFactory: FactoryCreateBinary: StaticMesh with FbxFactory (0 0 ../../../../../../Users/student/Desktop/Exports/bench_type_02.FBX)
[2015.03.18-03.35.41:439][489]LogFbx: Loading FBX Scene from ../../../../../../Users/student/Desktop/Exports/bench_type_02.FBX
[2015.03.18-03.35.41:445][489]LogFbx: FBX Scene Loaded Succesfully
[2015.03.18-03.35.41:447][489]LogFbx: == Initial material list:
[2015.03.18-03.35.41:447][489]LogFbx: 0: Material #36
[2015.03.18-03.35.41:447][489]LogFbx: 1: Material #37
[2015.03.18-03.35.41:447][489]LogFbx: 2: Material #38
[2015.03.18-03.35.41:447][489]LogFbx: 3: Material #39
[2015.03.18-03.35.41:447][489]LogFbx: == After sorting:
[2015.03.18-03.35.41:447][489]LogFbx: 0: Material #36
[2015.03.18-03.35.41:447][489]LogFbx: 1: Material #37
[2015.03.18-03.35.41:447][489]LogFbx: 2: Material #38
[2015.03.18-03.35.41:447][489]LogFbx: 3: Material #39
[2015.03.18-03.35.41:447][489]LogFbx: == Mapping table:
[2015.03.18-03.35.41:447][489]LogFbx:   sort 0 -> 0
[2015.03.18-03.35.41:447][489]LogFbx:   sort 1 -> 1
[2015.03.18-03.35.41:447][489]LogFbx:   sort 2 -> 2
[2015.03.18-03.35.41:447][489]LogFbx:   sort 3 -> 3
[2015.03.18-03.35.41:447][489]LogStaticMesh: Building static mesh bench_type_02...
[2015.03.18-03.35.41:448][489]LogLayoutUV:Display: FindCharts: 0 ms
[2015.03.18-03.35.41:449][489]LogLayoutUV:Display: PackCharts: 1 ms
[2015.03.18-03.35.41:449][489]LogLayoutUV:Display:   Rasterize: 1187
[2015.03.18-03.35.41:449][489]LogLayoutUV:Display:   Find: 2578
[2015.03.18-03.35.41:451][489]LogLayoutUV:Display: PackCharts: 1 ms
[2015.03.18-03.35.41:451][489]LogLayoutUV:Display:   Rasterize: 1242
[2015.03.18-03.35.41:451][489]LogLayoutUV:Display:   Find: 2966
[2015.03.18-03.35.41:454][489]LogLayoutUV:Display: PackCharts: 1 ms
[2015.03.18-03.35.41:454][489]LogLayoutUV:Display:   Rasterize: 1250
[2015.03.18-03.35.41:454][489]LogLayoutUV:Display:   Find: 2992
[2015.03.18-03.35.41:456][489]LogLayoutUV:Display: PackCharts: 1 ms
[2015.03.18-03.35.41:456][489]LogLayoutUV:Display:   Rasterize: 1260
[2015.03.18-03.35.41:456][489]LogLayoutUV:Display:   Find: 3008
[2015.03.18-03.35.41:457][489]LogStaticMesh: Built static mesh [9.707129ms] /Game/Zeke/Mesh/bench_type_02.bench_type_02
[2015.03.18-03.35.41:462][489]FBXImport:Warning: Warning Warning: No smoothing group information was found in this FBX scene.  Please make sure to enable the 'Export Smoothing Groups' option in the FBX Exporter plug-in before exporting the file.  Even for tools that don't support smoothing groups, the FBX Exporter will generate appropriate smoothing data at export-time so that correct vertex normals can be inferred while importing. 
[2015.03.18-03.35.41:466][489]LogFactory: FactoryCreateBinary: StaticMesh with FbxFactory (0 0 ../../../../../../Users/student/Desktop/Exports/bus_stop_type_01.FBX)
[2015.03.18-03.35.41:481][489]LogFbx: Loading FBX Scene from ../../../../../../Users/student/Desktop/Exports/bus_stop_type_01.FBX
[2015.03.18-03.35.41:487][489]LogFbx: FBX Scene Loaded Succesfully
[2015.03.18-03.35.41:489][489]LogFbx:Warning: Triangulating static mesh bus_stop_type_01
[2015.03.18-03.35.41:508][489]LogFbx: == Initial material list:
[2015.03.18-03.35.41:508][489]LogFbx: 0: Material #36
[2015.03.18-03.35.41:508][489]LogFbx: 1: Material #37
[2015.03.18-03.35.41:508][489]LogFbx: 2: Material #38
[2015.03.18-03.35.41:508][489]LogFbx: 3: Material #39
[2015.03.18-03.35.41:508][489]LogFbx: == After sorting:
[2015.03.18-03.35.41:508][489]LogFbx: 0: Material #36
[2015.03.18-03.35.41:508][489]LogFbx: 1: Material #37
[2015.03.18-03.35.41:508][489]LogFbx: 2: Material #38
[2015.03.18-03.35.41:508][489]LogFbx: 3: Material #39
[2015.03.18-03.35.41:508][489]LogFbx: == Mapping table:
[2015.03.18-03.35.41:508][489]LogFbx:   sort 0 -> 0
[2015.03.18-03.35.41:508][489]LogFbx:   sort 1 -> 1
[2015.03.18-03.35.41:508][489]LogFbx:   sort 2 -> 2
[2015.03.18-03.35.41:508][489]LogFbx:   sort 3 -> 3
[2015.03.18-03.35.41:509][489]LogStaticMesh: Building static mesh bus_stop_type_01...
[2015.03.18-03.35.41:509][489]LogLayoutUV:Display: FindCharts: 0 ms
[2015.03.18-03.35.41:511][489]LogLayoutUV:Display: PackCharts: 1 ms
[2015.03.18-03.35.41:511][489]LogLayoutUV:Display:   Rasterize: 1043
[2015.03.18-03.35.41:511][489]LogLayoutUV:Display:   Find: 4691
[2015.03.18-03.35.41:516][489]LogLayoutUV:Display: PackCharts: 1 ms
[2015.03.18-03.35.41:516][489]LogLayoutUV:Display:   Rasterize: 1031
[2015.03.18-03.35.41:516][489]LogLayoutUV:Display:   Find: 4155
[2015.03.18-03.35.41:517][489]LogLayoutUV:Display: PackCharts: 1 ms
[2015.03.18-03.35.41:517][489]LogLayoutUV:Display:   Rasterize: 1051
[2015.03.18-03.35.41:517][489]LogLayoutUV:Display:   Find: 4194
[2015.03.18-03.35.41:519][489]LogLayoutUV:Display: PackCharts: 1 ms
[2015.03.18-03.35.41:519][489]LogLayoutUV:Display:   Rasterize: 1045
[2015.03.18-03.35.41:519][489]LogLayoutUV:Display:   Find: 4190
[2015.03.18-03.35.41:519][489]LogStaticMesh: Built static mesh [10.876148ms] /Game/Zeke/Mesh/bus_stop_type_01.bus_stop_type_01
[2015.03.18-03.35.41:525][489]FBXImport:Warning: Warning Warning: No smoothing group information was found in this FBX scene.  Please make sure to enable the 'Export Smoothing Groups' option in the FBX Exporter plug-in before exporting the file.  Even for tools that don't support smoothing groups, the FBX Exporter will generate appropriate smoothing data at export-time so that correct vertex normals can be inferred while importing. 
[2015.03.18-03.35.41:527][489]LogFactory: FactoryCreateBinary: StaticMesh with FbxFactory (0 0 ../../../../../../Users/student/Desktop/Exports/bus_stop_type_02.FBX)
[2015.03.18-03.35.41:534][489]LogFbx: Loading FBX Scene from ../../../../../../Users/student/Desktop/Exports/bus_stop_type_02.FBX
[2015.03.18-03.35.41:540][489]LogFbx: FBX Scene Loaded Succesfully
[2015.03.18-03.35.41:542][489]LogFbx:Warning: Triangulating static mesh bus_stop_type_02
[2015.03.18-03.35.41:588][489]LogFbx: == Initial material list:
[2015.03.18-03.35.41:588][489]LogFbx: 0: Material #36
[2015.03.18-03.35.41:588][489]LogFbx: 1: Material #37
[2015.03.18-03.35.41:588][489]LogFbx: 2: Material #38
[2015.03.18-03.35.41:588][489]LogFbx: 3: Material #39
[2015.03.18-03.35.41:588][489]LogFbx: == After sorting:
[2015.03.18-03.35.41:588][489]LogFbx: 0: Material #36
[2015.03.18-03.35.41:588][489]LogFbx: 1: Material #37
[2015.03.18-03.35.41:588][489]LogFbx: 2: Material #38
[2015.03.18-03.35.41:588][489]LogFbx: 3: Material #39
[2015.03.18-03.35.41:588][489]LogFbx: == Mapping table:
[2015.03.18-03.35.41:588][489]LogFbx:   sort 0 -> 0
[2015.03.18-03.35.41:588][489]LogFbx:   sort 1 -> 1
[2015.03.18-03.35.41:588][489]LogFbx:   sort 2 -> 2
[2015.03.18-03.35.41:588][489]LogFbx:   sort 3 -> 3
[2015.03.18-03.35.41:589][489]LogStaticMesh: Building static mesh bus_stop_type_02...
[2015.03.18-03.35.41:590][489]LogLayoutUV:Display: FindCharts: 0 ms
[2015.03.18-03.35.41:592][489]LogLayoutUV:Display: PackCharts: 2 ms
[2015.03.18-03.35.41:592][489]LogLayoutUV:Display:   Rasterize: 1694
[2015.03.18-03.35.41:592][489]LogLayoutUV:Display:   Find: 6200
[2015.03.18-03.35.41:600][489]LogLayoutUV:Display: PackCharts: 2 ms
[2015.03.18-03.35.41:600][489]LogLayoutUV:Display:   Rasterize: 1702
[2015.03.18-03.35.41:600][489]LogLayoutUV:Display:   Find: 5850
[2015.03.18-03.35.41:602][489]LogLayoutUV:Display: PackCharts: 2 ms
[2015.03.18-03.35.41:602][489]LogLayoutUV:Display:   Rasterize: 1689
[2015.03.18-03.35.41:602][489]LogLayoutUV:Display:   Find: 6571
[2015.03.18-03.35.41:604][489]LogLayoutUV:Display: PackCharts: 2 ms
[2015.03.18-03.35.41:604][489]LogLayoutUV:Display:   Rasterize: 1697
[2015.03.18-03.35.41:604][489]LogLayoutUV:Display:   Find: 6555
[2015.03.18-03.35.41:606][489]LogStaticMesh: Built static mesh [17.221636ms] /Game/Zeke/Mesh/bus_stop_type_02.bus_stop_type_02
[2015.03.18-03.35.41:611][489]FBXImport:Warning: Warning Warning: No smoothing group information was found in this FBX scene.  Please make sure to enable the 'Export Smoothing Groups' option in the FBX Exporter plug-in before exporting the file.  Even for tools that don't support smoothing groups, the FBX Exporter will generate appropriate smoothing data at export-time so that correct vertex normals can be inferred while importing. 
[2015.03.18-03.35.41:615][489]LogFactory: FactoryCreateBinary: StaticMesh with FbxFactory (0 0 ../../../../../../Users/student/Desktop/Exports/bus_stop_type_03.FBX)
[2015.03.18-03.35.41:627][489]LogFbx: Loading FBX Scene from ../../../../../../Users/student/Desktop/Exports/bus_stop_type_03.FBX
[2015.03.18-03.35.41:633][489]LogFbx: FBX Scene Loaded Succesfully
[2015.03.18-03.35.41:635][489]LogFbx:Warning: Triangulating static mesh bus_stop_type_03
[2015.03.18-03.35.41:646][489]LogFbx: == Initial material list:
[2015.03.18-03.35.41:646][489]LogFbx: 0: Material #36
[2015.03.18-03.35.41:646][489]LogFbx: 1: Material #37
[2015.03.18-03.35.41:646][489]LogFbx: 2: Material #38
[2015.03.18-03.35.41:646][489]LogFbx: 3: Material #39
[2015.03.18-03.35.41:646][489]LogFbx: == After sorting:
[2015.03.18-03.35.41:646][489]LogFbx: 0: Material #36
[2015.03.18-03.35.41:646][489]LogFbx: 1: Material #37
[2015.03.18-03.35.41:646][489]LogFbx: 2: Material #38
[2015.03.18-03.35.41:646][489]LogFbx: 3: Material #39
[2015.03.18-03.35.41:646][489]LogFbx: == Mapping table:
[2015.03.18-03.35.41:646][489]LogFbx:   sort 0 -> 0
[2015.03.18-03.35.41:646][489]LogFbx:   sort 1 -> 1
[2015.03.18-03.35.41:646][489]LogFbx:   sort 2 -> 2
[2015.03.18-03.35.41:646][489]LogFbx:   sort 3 -> 3
[2015.03.18-03.35.41:647][489]LogStaticMesh: Building static mesh bus_stop_type_03...
[2015.03.18-03.35.41:647][489]LogLayoutUV:Display: FindCharts: 0 ms
[2015.03.18-03.35.41:649][489]LogLayoutUV:Display: PackCharts: 1 ms
[2015.03.18-03.35.41:649][489]LogLayoutUV:Display:   Rasterize: 788
[2015.03.18-03.35.41:649][489]LogLayoutUV:Display:   Find: 3891
[2015.03.18-03.35.41:654][489]LogLayoutUV:Display: PackCharts: 1 ms
[2015.03.18-03.35.41:654][489]LogLayoutUV:Display:   Rasterize: 759
[2015.03.18-03.35.41:654][489]LogLayoutUV:Display:   Find: 3877
[2015.03.18-03.35.41:655][489]LogStaticMesh: Built static mesh [7.830427ms] /Game/Zeke/Mesh/bus_stop_type_03.bus_stop_type_03
[2015.03.18-03.35.41:659][489]FBXImport:Warning: Warning Warning: No smoothing group information was found in this FBX scene.  Please make sure to enable the 'Export Smoothing Groups' option in the FBX Exporter plug-in before exporting the file.  Even for tools that don't support smoothing groups, the FBX Exporter will generate appropriate smoothing data at export-time so that correct vertex normals can be inferred while importing. 
[2015.03.18-03.35.41:693][489]LogFactory: FactoryCreateBinary: StaticMesh with FbxFactory (0 0 ../../../../../../Users/student/Desktop/Exports/trashcan_type_01.FBX)
[2015.03.18-03.35.41:700][489]LogFbx: Loading FBX Scene from ../../../../../../Users/student/Desktop/Exports/trashcan_type_01.FBX
[2015.03.18-03.35.41:706][489]LogFbx: FBX Scene Loaded Succesfully
[2015.03.18-03.35.41:708][489]LogFbx: == Initial material list:
[2015.03.18-03.35.41:708][489]LogFbx: 0: Material #36
[2015.03.18-03.35.41:708][489]LogFbx: 1: Material #37
[2015.03.18-03.35.41:708][489]LogFbx: 2: Material #38
[2015.03.18-03.35.41:708][489]LogFbx: 3: Material #39
[2015.03.18-03.35.41:708][489]LogFbx: == After sorting:
[2015.03.18-03.35.41:708][489]LogFbx: 0: Material #36
[2015.03.18-03.35.41:708][489]LogFbx: 1: Material #37
[2015.03.18-03.35.41:708][489]LogFbx: 2: Material #38
[2015.03.18-03.35.41:708][489]LogFbx: 3: Material #39
[2015.03.18-03.35.41:708][489]LogFbx: == Mapping table:
[2015.03.18-03.35.41:708][489]LogFbx:   sort 0 -> 0
[2015.03.18-03.35.41:708][489]LogFbx:   sort 1 -> 1
[2015.03.18-03.35.41:708][489]LogFbx:   sort 2 -> 2
[2015.03.18-03.35.41:708][489]LogFbx:   sort 3 -> 3
[2015.03.18-03.35.41:709][489]LogStaticMesh: Building static mesh trashcan_type_01...
[2015.03.18-03.35.41:710][489]LogLayoutUV:Display: FindCharts: 0 ms
[2015.03.18-03.35.41:711][489]LogLayoutUV:Display: PackCharts: 1 ms
[2015.03.18-03.35.41:711][489]LogLayoutUV:Display:   Rasterize: 1101
[2015.03.18-03.35.41:711][489]LogLayoutUV:Display:   Find: 3135
[2015.03.18-03.35.41:716][489]LogLayoutUV:Display: PackCharts: 1 ms
[2015.03.18-03.35.41:716][489]LogLayoutUV:Display:   Rasterize: 1059
[2015.03.18-03.35.41:716][489]LogLayoutUV:Display:   Find: 3231
[2015.03.18-03.35.41:717][489]LogLayoutUV:Display: PackCharts: 1 ms
[2015.03.18-03.35.41:717][489]LogLayoutUV:Display:   Rasterize: 1069
[2015.03.18-03.35.41:717][489]LogLayoutUV:Display:   Find: 3270
[2015.03.18-03.35.41:718][489]LogStaticMesh: Built static mesh [8.797576ms] /Game/Zeke/Mesh/trashcan_type_01.trashcan_type_01
[2015.03.18-03.35.41:725][489]LogFactory: FactoryCreateBinary: StaticMesh with FbxFactory (0 0 ../../../../../../Users/student/Desktop/Exports/trashcan_type_02.FBX)
[2015.03.18-03.35.41:732][489]LogFbx: Loading FBX Scene from ../../../../../../Users/student/Desktop/Exports/trashcan_type_02.FBX
[2015.03.18-03.35.41:737][489]LogFbx: FBX Scene Loaded Succesfully
[2015.03.18-03.35.41:739][489]LogFbx: == Initial material list:
[2015.03.18-03.35.41:739][489]LogFbx: 0: None
[2015.03.18-03.35.41:739][489]LogFbx: == After sorting:
[2015.03.18-03.35.41:739][489]LogFbx: 0: None
[2015.03.18-03.35.41:739][489]LogFbx: == Mapping table:
[2015.03.18-03.35.41:739][489]LogFbx:   sort 0 -> 0
[2015.03.18-03.35.41:740][489]LogStaticMesh: Building static mesh trashcan_type_02...
[2015.03.18-03.35.41:741][489]LogLayoutUV:Display: FindCharts: 0 ms
[2015.03.18-03.35.41:742][489]LogLayoutUV:Display: PackCharts: 0 ms
[2015.03.18-03.35.41:742][489]LogLayoutUV:Display:   Rasterize: 1207
[2015.03.18-03.35.41:742][489]LogLayoutUV:Display:   Find: 1189
[2015.03.18-03.35.41:743][489]LogLayoutUV:Display: PackCharts: 0 ms
[2015.03.18-03.35.41:743][489]LogLayoutUV:Display:   Rasterize: 1305
[2015.03.18-03.35.41:743][489]LogLayoutUV:Display:   Find: 1146
[2015.03.18-03.35.41:744][489]LogLayoutUV:Display: PackCharts: 0 ms
[2015.03.18-03.35.41:744][489]LogLayoutUV:Display:   Rasterize: 1327
[2015.03.18-03.35.41:744][489]LogLayoutUV:Display:   Find: 959
[2015.03.18-03.35.41:745][489]LogLayoutUV:Display: PackCharts: 0 ms
[2015.03.18-03.35.41:745][489]LogLayoutUV:Display:   Rasterize: 1326
[2015.03.18-03.35.41:745][489]LogLayoutUV:Display:   Find: 983
[2015.03.18-03.35.41:746][489]LogLayoutUV:Display: PackCharts: 0 ms
[2015.03.18-03.35.41:746][489]LogLayoutUV:Display:   Rasterize: 1327
[2015.03.18-03.35.41:746][489]LogLayoutUV:Display:   Find: 995
[2015.03.18-03.35.41:747][489]LogStaticMesh: Built static mesh [6.699046ms] /Game/Zeke/Mesh/trashcan_type_02.trashcan_type_02
[2015.03.18-03.35.41:756][489]LogFactory: FactoryCreateBinary: StaticMesh with FbxFactory (0 0 ../../../../../../Users/student/Desktop/Exports/trashcan_type_03.FBX)
[2015.03.18-03.35.41:762][489]LogFbx: Loading FBX Scene from ../../../../../../Users/student/Desktop/Exports/trashcan_type_03.FBX
[2015.03.18-03.35.41:768][489]LogFbx: FBX Scene Loaded Succesfully
[2015.03.18-03.35.41:770][489]LogFbx: == Initial material list:
[2015.03.18-03.35.41:770][489]LogFbx: 0: None
[2015.03.18-03.35.41:770][489]LogFbx: == After sorting:
[2015.03.18-03.35.41:770][489]LogFbx: 0: None
[2015.03.18-03.35.41:770][489]LogFbx: == Mapping table:
[2015.03.18-03.35.41:770][489]LogFbx:   sort 0 -> 0
[2015.03.18-03.35.41:770][489]LogStaticMesh: Building static mesh trashcan_type_03...
[2015.03.18-03.35.41:771][489]LogLayoutUV:Display: FindCharts: 0 ms
[2015.03.18-03.35.41:772][489]LogLayoutUV:Display: PackCharts: 0 ms
[2015.03.18-03.35.41:772][489]LogLayoutUV:Display:   Rasterize: 669
[2015.03.18-03.35.41:772][489]LogLayoutUV:Display:   Find: 1758
[2015.03.18-03.35.41:773][489]LogLayoutUV:Display: PackCharts: 0 ms
[2015.03.18-03.35.41:773][489]LogLayoutUV:Display:   Rasterize: 780
[2015.03.18-03.35.41:773][489]LogLayoutUV:Display:   Find: 2309
[2015.03.18-03.35.41:775][489]LogLayoutUV:Display: PackCharts: 0 ms
[2015.03.18-03.35.41:775][489]LogLayoutUV:Display:   Rasterize: 775
[2015.03.18-03.35.41:775][489]LogLayoutUV:Display:   Find: 2299
[2015.03.18-03.35.41:775][489]LogStaticMesh: Built static mesh [4.677784ms] /Game/Zeke/Mesh/trashcan_type_03.trashcan_type_03
[2015.03.18-03.35.41:781][489]LogFactory: FactoryCreateBinary: StaticMesh with FbxFactory (0 0 ../../../../../../Users/student/Desktop/Exports/trashcan_type_04.FBX)
[2015.03.18-03.35.41:789][489]LogFbx: Loading FBX Scene from ../../../../../../Users/student/Desktop/Exports/trashcan_type_04.FBX
[2015.03.18-03.35.41:795][489]LogFbx: FBX Scene Loaded Succesfully
[2015.03.18-03.35.41:797][489]LogFbx: == Initial material list:
[2015.03.18-03.35.41:797][489]LogFbx: 0: None
[2015.03.18-03.35.41:797][489]LogFbx: == After sorting:
[2015.03.18-03.35.41:798][489]LogFbx: 0: None
[2015.03.18-03.35.41:798][489]LogFbx: == Mapping table:
[2015.03.18-03.35.41:798][489]LogFbx:   sort 0 -> 0
[2015.03.18-03.35.41:798][489]LogStaticMesh: Building static mesh trashcan_type_04...
[2015.03.18-03.35.41:800][489]LogLayoutUV:Display: FindCharts: 0 ms
[2015.03.18-03.35.41:802][489]LogLayoutUV:Display: PackCharts: 1 ms
[2015.03.18-03.35.41:802][489]LogLayoutUV:Display:   Rasterize: 1114
[2015.03.18-03.35.41:802][489]LogLayoutUV:Display:   Find: 4051
[2015.03.18-03.35.41:804][489]LogLayoutUV:Display: PackCharts: 2 ms
[2015.03.18-03.35.41:804][489]LogLayoutUV:Display:   Rasterize: 1437
[2015.03.18-03.35.41:804][489]LogLayoutUV:Display:   Find: 7815
[2015.03.18-03.35.41:807][489]LogLayoutUV:Display: PackCharts: 2 ms
[2015.03.18-03.35.41:807][489]LogLayoutUV:Display:   Rasterize: 1495
[2015.03.18-03.35.41:807][489]LogLayoutUV:Display:   Find: 6828
[2015.03.18-03.35.41:811][489]LogLayoutUV:Display: PackCharts: 3 ms
[2015.03.18-03.35.41:811][489]LogLayoutUV:Display:   Rasterize: 1586
[2015.03.18-03.35.41:811][489]LogLayoutUV:Display:   Find: 9318
[2015.03.18-03.35.41:814][489]LogLayoutUV:Display: PackCharts: 3 ms
[2015.03.18-03.35.41:814][489]LogLayoutUV:Display:   Rasterize: 1595
[2015.03.18-03.35.41:814][489]LogLayoutUV:Display:   Find: 9657
[2015.03.18-03.35.41:818][489]LogLayoutUV:Display: PackCharts: 3 ms
[2015.03.18-03.35.41:818][489]LogLayoutUV:Display:   Rasterize: 1583
[2015.03.18-03.35.41:818][489]LogLayoutUV:Display:   Find: 9661
[2015.03.18-03.35.41:819][489]LogStaticMesh: Built static mesh [20.679935ms] /Game/Zeke/Mesh/trashcan_type_04.trashcan_type_04
[2015.03.18-03.35.41:828][489]LogFactory: FactoryCreateBinary: StaticMesh with FbxFactory (0 0 ../../../../../../Users/student/Desktop/Exports/trashcan_type_05.FBX)
[2015.03.18-03.35.41:834][489]LogFbx: Loading FBX Scene from ../../../../../../Users/student/Desktop/Exports/trashcan_type_05.FBX
[2015.03.18-03.35.41:841][489]LogFbx: FBX Scene Loaded Succesfully
[2015.03.18-03.35.41:843][489]LogFbx: == Initial material list:
[2015.03.18-03.35.41:843][489]LogFbx: 0: Material #36
[2015.03.18-03.35.41:843][489]LogFbx: 1: Material #37
[2015.03.18-03.35.41:843][489]LogFbx: 2: Material #38
[2015.03.18-03.35.41:843][489]LogFbx: 3: Material #39
[2015.03.18-03.35.41:843][489]LogFbx: == After sorting:
[2015.03.18-03.35.41:843][489]LogFbx: 0: Material #36
[2015.03.18-03.35.41:843][489]LogFbx: 1: Material #37
[2015.03.18-03.35.41:843][489]LogFbx: 2: Material #38
[2015.03.18-03.35.41:843][489]LogFbx: 3: Material #39
[2015.03.18-03.35.41:843][489]LogFbx: == Mapping table:
[2015.03.18-03.35.41:843][489]LogFbx:   sort 0 -> 0
[2015.03.18-03.35.41:843][489]LogFbx:   sort 1 -> 1
[2015.03.18-03.35.41:843][489]LogFbx:   sort 2 -> 2
[2015.03.18-03.35.41:843][489]LogFbx:   sort 3 -> 3
[2015.03.18-03.35.41:843][489]LogStaticMesh: Building static mesh trashcan_type_05...
[2015.03.18-03.35.41:844][489]LogLayoutUV:Display: FindCharts: 0 ms
[2015.03.18-03.35.41:846][489]LogLayoutUV:Display: PackCharts: 1 ms
[2015.03.18-03.35.41:846][489]LogLayoutUV:Display:   Rasterize: 1223
[2015.03.18-03.35.41:846][489]LogLayoutUV:Display:   Find: 5674
[2015.03.18-03.35.41:850][489]LogLayoutUV:Display: PackCharts: 2 ms
[2015.03.18-03.35.41:850][489]LogLayoutUV:Display:   Rasterize: 1264
[2015.03.18-03.35.41:850][489]LogLayoutUV:Display:   Find: 6867
[2015.03.18-03.35.41:853][489]LogLayoutUV:Display: PackCharts: 2 ms
[2015.03.18-03.35.41:853][489]LogLayoutUV:Display:   Rasterize: 1271
[2015.03.18-03.35.41:853][489]LogLayoutUV:Display:   Find: 6949
[2015.03.18-03.35.41:855][489]LogLayoutUV:Display: PackCharts: 2 ms
[2015.03.18-03.35.41:855][489]LogLayoutUV:Display:   Rasterize: 1265
[2015.03.18-03.35.41:855][489]LogLayoutUV:Display:   Find: 7218
[2015.03.18-03.35.41:858][489]LogLayoutUV:Display: PackCharts: 2 ms
[2015.03.18-03.35.41:858][489]LogLayoutUV:Display:   Rasterize: 1318
[2015.03.18-03.35.41:858][489]LogLayoutUV:Display:   Find: 7539
[2015.03.18-03.35.41:860][489]LogLayoutUV:Display: PackCharts: 2 ms
[2015.03.18-03.35.41:860][489]LogLayoutUV:Display:   Rasterize: 1263
[2015.03.18-03.35.41:860][489]LogLayoutUV:Display:   Find: 7498
[2015.03.18-03.35.41:861][489]LogStaticMesh: Built static mesh [17.938444ms] /Game/Zeke/Mesh/trashcan_type_05.trashcan_type_05
[2015.03.18-03.35.41:869][489]LogContentBrowser:Verbose: The content browser source was changed by the sources view to 'None'
[2015.03.18-03.35.41:869][489]LogContentBrowser:Verbose: The content browser source was changed by the sources view to '/Game/Zeke/Mesh'
[2015.03.18-03.35.41:870][489]LogContentBrowser:Verbose: The content browser source was changed by the sources view to '/Game/Zeke/Mesh'
[2015.03.18-03.35.41:870][489]LogContentBrowser:Verbose: The content browser source was changed by the sources view to '/Game/Zeke/Mesh'
[2015.03.18-03.35.41:870][489]LogContentBrowser:Verbose: The content browser source was changed by the sources view to '/Game/Zeke/Mesh'
[2015.03.18-03.35.41:871][489]LogContentBrowser:Verbose: The content browser source was changed by the sources view to '/Game/Zeke/Mesh'
[2015.03.18-03.35.41:871][489]LogContentBrowser:Verbose: The content browser source was changed by the sources view to '/Game/Zeke/Mesh'
[2015.03.18-03.35.41:871][489]LogContentBrowser:Verbose: The content browser source was changed by the sources view to '/Game/Zeke/Mesh'
[2015.03.18-03.35.41:872][489]LogContentBrowser:Verbose: The content browser source was changed by the sources view to '/Game/Zeke/Mesh'
[2015.03.18-03.35.41:872][489]LogContentBrowser:Verbose: The content browser source was changed by the sources view to '/Game/Zeke/Mesh'
[2015.03.18-03.35.41:872][489]LogContentBrowser:Verbose: The content browser source was changed by the sources view to '/Game/Zeke/Mesh'
[2015.03.18-03.35.44:874][574]LogActorComponent: UnregisterComponent: (/Engine/Transient.CharacterMovementComponent_0) Not registered. Aborting.
[2015.03.18-03.35.46:498][574]Cmd: OBJ SAVEPACKAGE PACKAGE="/Game/Zeke/Mesh/bench_type_01" FILE="../../../../../../Users/student/Documents/GitHub/Zeke/Zeke/Content/Zeke/Mesh/bench_type_01.uasset" SILENT=true
[2015.03.18-03.35.46:809][574]LogSavePackage: Save=309.184845ms
[2015.03.18-03.35.46:809][574]LogSavePackage: Moving '../../../../../../Users/student/Documents/GitHub/Zeke/Zeke/Saved/bench_type_0152862B41440BBB094BFF7C8DFCFBD6E2.tmp' to '../../../../../../Users/student/Documents/GitHub/Zeke/Zeke/Content/Zeke/Mesh/bench_type_01.uasset'
[2015.03.18-03.35.46:845][574]Cmd: OBJ SAVEPACKAGE PACKAGE="/Game/Zeke/Mesh/bench_type_02" FILE="../../../../../../Users/student/Documents/GitHub/Zeke/Zeke/Content/Zeke/Mesh/bench_type_02.uasset" SILENT=true
[2015.03.18-03.35.47:147][574]LogSavePackage: Save=300.370148ms
[2015.03.18-03.35.47:147][574]LogSavePackage: Moving '../../../../../../Users/student/Documents/GitHub/Zeke/Zeke/Saved/bench_type_0273D5F03D467163601B3B40844E03E7F7.tmp' to '../../../../../../Users/student/Documents/GitHub/Zeke/Zeke/Content/Zeke/Mesh/bench_type_02.uasset'
[2015.03.18-03.35.47:167][574]Cmd: OBJ SAVEPACKAGE PACKAGE="/Game/Zeke/Mesh/bus_stop_type_01" FILE="../../../../../../Users/student/Documents/GitHub/Zeke/Zeke/Content/Zeke/Mesh/bus_stop_type_01.uasset" SILENT=true
[2015.03.18-03.35.47:436][574]LogSavePackage: Save=267.300903ms
[2015.03.18-03.35.47:436][574]LogSavePackage: Moving '../../../../../../Users/student/Documents/GitHub/Zeke/Zeke/Saved/bus_stop_type_017432E2EE4B8BA4C2302F12AAE4D7A38E.tmp' to '../../../../../../Users/student/Documents/GitHub/Zeke/Zeke/Content/Zeke/Mesh/bus_stop_type_01.uasset'
[2015.03.18-03.35.47:456][574]Cmd: OBJ SAVEPACKAGE PACKAGE="/Game/Zeke/Mesh/bus_stop_type_02" FILE="../../../../../../Users/student/Documents/GitHub/Zeke/Zeke/Content/Zeke/Mesh/bus_stop_type_02.uasset" SILENT=true
[2015.03.18-03.35.47:721][574]LogSavePackage: Save=263.854584ms
[2015.03.18-03.35.47:721][574]LogSavePackage: Moving '../../../../../../Users/student/Documents/GitHub/Zeke/Zeke/Saved/bus_stop_type_022E2CECAE4776D88741BF57A867FAF265.tmp' to '../../../../../../Users/student/Documents/GitHub/Zeke/Zeke/Content/Zeke/Mesh/bus_stop_type_02.uasset'
[2015.03.18-03.35.47:742][574]Cmd: OBJ SAVEPACKAGE PACKAGE="/Game/Zeke/Mesh/bus_stop_type_03" FILE="../../../../../../Users/student/Documents/GitHub/Zeke/Zeke/Content/Zeke/Mesh/bus_stop_type_03.uasset" SILENT=true
[2015.03.18-03.35.47:992][574]LogSavePackage: Save=248.157516ms
[2015.03.18-03.35.47:992][574]LogSavePackage: Moving '../../../../../../Users/student/Documents/GitHub/Zeke/Zeke/Saved/bus_stop_type_03BD78C972475E603B41C0C3871CE7A677.tmp' to '../../../../../../Users/student/Documents/GitHub/Zeke/Zeke/Content/Zeke/Mesh/bus_stop_type_03.uasset'
[2015.03.18-03.35.48:013][574]Cmd: OBJ SAVEPACKAGE PACKAGE="/Game/Zeke/Mesh/floot" FILE="../../../../../../Users/student/Documents/GitHub/Zeke/Zeke/Content/Zeke/Mesh/floot.uasset" SILENT=true
[2015.03.18-03.35.48:208][574]LogSavePackage: Save=193.532990ms
[2015.03.18-03.35.48:208][574]LogSavePackage: Moving '../../../../../../Users/student/Documents/GitHub/Zeke/Zeke/Saved/floot676B3DE64EC0102D1F4AAD842CB11AF7.tmp' to '../../../../../../Users/student/Documents/GitHub/Zeke/Zeke/Content/Zeke/Mesh/floot.uasset'
[2015.03.18-03.35.48:228][574]Cmd: OBJ SAVEPACKAGE PACKAGE="/Game/Zeke/Mesh/trashcan_type_01" FILE="../../../../../../Users/student/Documents/GitHub/Zeke/Zeke/Content/Zeke/Mesh/trashcan_type_01.uasset" SILENT=true
[2015.03.18-03.35.48:542][574]LogSavePackage: Save=312.534790ms
[2015.03.18-03.35.48:542][574]LogSavePackage: Moving '../../../../../../Users/student/Documents/GitHub/Zeke/Zeke/Saved/trashcan_type_0108ED1D6F4A671DBCC67E909A7F7530E3.tmp' to '../../../../../../Users/student/Documents/GitHub/Zeke/Zeke/Content/Zeke/Mesh/trashcan_type_01.uasset'
[2015.03.18-03.35.48:563][574]Cmd: OBJ SAVEPACKAGE PACKAGE="/Game/Zeke/Mesh/trashcan_type_02" FILE="../../../../../../Users/student/Documents/GitHub/Zeke/Zeke/Content/Zeke/Mesh/trashcan_type_02.uasset" SILENT=true
[2015.03.18-03.35.48:862][574]LogSavePackage: Save=298.002167ms
[2015.03.18-03.35.48:862][574]LogSavePackage: Moving '../../../../../../Users/student/Documents/GitHub/Zeke/Zeke/Saved/trashcan_type_020C45D028481418B7A8CAB38D737DED91.tmp' to '../../../../../../Users/student/Documents/GitHub/Zeke/Zeke/Content/Zeke/Mesh/trashcan_type_02.uasset'
[2015.03.18-03.35.48:882][574]Cmd: OBJ SAVEPACKAGE PACKAGE="/Game/Zeke/Mesh/trashcan_type_03" FILE="../../../../../../Users/student/Documents/GitHub/Zeke/Zeke/Content/Zeke/Mesh/trashcan_type_03.uasset" SILENT=true
[2015.03.18-03.35.49:190][574]LogSavePackage: Save=306.139984ms
[2015.03.18-03.35.49:190][574]LogSavePackage: Moving '../../../../../../Users/student/Documents/GitHub/Zeke/Zeke/Saved/trashcan_type_038EFCDE1B45402F9AF15DFBA1BFAC0E28.tmp' to '../../../../../../Users/student/Documents/GitHub/Zeke/Zeke/Content/Zeke/Mesh/trashcan_type_03.uasset'
[2015.03.18-03.35.49:211][574]Cmd: OBJ SAVEPACKAGE PACKAGE="/Game/Zeke/Mesh/trashcan_type_04" FILE="../../../../../../Users/student/Documents/GitHub/Zeke/Zeke/Content/Zeke/Mesh/trashcan_type_04.uasset" SILENT=true
[2015.03.18-03.35.49:520][574]LogSavePackage: Save=308.182037ms
[2015.03.18-03.35.49:520][574]LogSavePackage: Moving '../../../../../../Users/student/Documents/GitHub/Zeke/Zeke/Saved/trashcan_type_042F21A3424D7289A940F7C9888EC6EA56.tmp' to '../../../../../../Users/student/Documents/GitHub/Zeke/Zeke/Content/Zeke/Mesh/trashcan_type_04.uasset'
[2015.03.18-03.35.49:541][574]Cmd: OBJ SAVEPACKAGE PACKAGE="/Game/Zeke/Mesh/trashcan_type_05" FILE="../../../../../../Users/student/Documents/GitHub/Zeke/Zeke/Content/Zeke/Mesh/trashcan_type_05.uasset" SILENT=true
[2015.03.18-03.35.49:842][574]LogSavePackage: Save=299.757416ms
[2015.03.18-03.35.49:842][574]LogSavePackage: Moving '../../../../../../Users/student/Documents/GitHub/Zeke/Zeke/Saved/trashcan_type_052DCC039D4ACC2549F1E93988E94CD809.tmp' to '../../../../../../Users/student/Documents/GitHub/Zeke/Zeke/Content/Zeke/Mesh/trashcan_type_05.uasset'
[2015.03.18-03.35.49:863][574]Cmd: OBJ SAVEPACKAGE PACKAGE="/Game/Zeke/Mesh/Tstreet" FILE="../../../../../../Users/student/Documents/GitHub/Zeke/Zeke/Content/Zeke/Mesh/Tstreet.uasset" SILENT=true
[2015.03.18-03.35.50:050][574]LogSavePackage: Save=186.218643ms
[2015.03.18-03.35.50:050][574]LogSavePackage: Moving '../../../../../../Users/student/Documents/GitHub/Zeke/Zeke/Saved/TstreetF32A07BF4CFB0807E06932A4089AC031.tmp' to '../../../../../../Users/student/Documents/GitHub/Zeke/Zeke/Content/Zeke/Mesh/Tstreet.uasset'
[2015.03.18-03.36.35:798][727]Cmd: QUIT_EDITOR
[2015.03.18-03.36.36:126][727]LogExit: Preparing to exit.
[2015.03.18-03.36.36:543][727]LogExit: Editor shut down
[2015.03.18-03.36.36:543][727]LogExit: Transaction tracking system shut down
[2015.03.18-03.36.36:544][727]LogParticles: Destroying 0 GPU particle simulations for FXSystem 0x0000000026528C20
[2015.03.18-03.36.36:545][727]LogParticles: Destroying 0 GPU particle simulations for FXSystem 0x000000002B4DDD00
[2015.03.18-03.36.36:545][727]LogParticles: Destroying 0 GPU particle simulations for FXSystem 0x000000002B43E980
[2015.03.18-03.36.36:545][727]LogParticles: Destroying 0 GPU particle simulations for FXSystem 0x000000002B43E660
[2015.03.18-03.36.36:590][727]LogExit: Object subsystem successfully closed.
[2015.03.18-03.36.36:645][727]LogModuleManager: Shutting down and abandoning module AndroidDeviceDetection (172)
[2015.03.18-03.36.36:645][727]LogModuleManager: Shutting down and abandoning module CrashTracker (171)
[2015.03.18-03.36.36:645][727]LogModuleManager: Shutting down and abandoning module SuperSearch (170)
[2015.03.18-03.36.36:645][727]LogModuleManager: Shutting down and abandoning module SceneOutliner (169)
[2015.03.18-03.36.36:645][727]LogModuleManager: Shutting down and abandoning module EditorWidgets (168)
[2015.03.18-03.36.36:645][727]LogModuleManager: Shutting down and abandoning module CollectionManager (167)
[2015.03.18-03.36.36:645][727]LogModuleManager: Shutting down and abandoning module StatsViewer (166)
[2015.03.18-03.36.36:645][727]LogModuleManager: Shutting down and abandoning module FoliageEdit (165)
[2015.03.18-03.36.36:645][727]LogModuleManager: Shutting down and abandoning module LandscapeEditor (164)
[2015.03.18-03.36.36:646][727]LogModuleManager: Shutting down and abandoning module MeshPaint (163)
[2015.03.18-03.36.36:646][727]LogModuleManager: Shutting down and abandoning module ActorPickerMode (162)
[2015.03.18-03.36.36:646][727]LogModuleManager: Shutting down and abandoning module GeometryMode (161)
[2015.03.18-03.36.36:646][727]LogModuleManager: Shutting down and abandoning module TextureAlignMode (160)
[2015.03.18-03.36.36:646][727]LogModuleManager: Shutting down and abandoning module BspMode (159)
[2015.03.18-03.36.36:646][727]LogModuleManager: Shutting down and abandoning module PlacementMode (158)
[2015.03.18-03.36.36:646][727]LogModuleManager: Shutting down and abandoning module AutomationWorker (157)
[2015.03.18-03.36.36:646][727]LogModuleManager: Shutting down and abandoning module CharacterAI (156)
[2015.03.18-03.36.36:646][727]LogModuleManager: Shutting down and abandoning module GameProjectGeneration (155)
[2015.03.18-03.36.36:646][727]LogModuleManager: Shutting down and abandoning module IntroTutorials (154)
[2015.03.18-03.36.36:646][727]LogModuleManager: Shutting down and abandoning module EditorLiveStreaming (153)
[2015.03.18-03.36.36:646][727]LogModuleManager: Shutting down and abandoning module HardwareTargeting (152)
[2015.03.18-03.36.36:646][727]LogModuleManager: Shutting down and abandoning module DeviceProfileEditor (151)
[2015.03.18-03.36.36:646][727]LogModuleManager: Shutting down and abandoning module UndoHistory (150)
[2015.03.18-03.36.36:646][727]LogModuleManager: Shutting down and abandoning module GameplayTagsEditor (149)
[2015.03.18-03.36.36:646][727]LogModuleManager: Shutting down and abandoning module UserFeedback (148)
[2015.03.18-03.36.36:646][727]LogModuleManager: Shutting down and abandoning module XmlParser (147)
[2015.03.18-03.36.36:646][727]LogModuleManager: Shutting down and abandoning module Blutility (146)
[2015.03.18-03.36.36:646][727]LogModuleManager: Shutting down and abandoning module IOSPlatformEditor (145)
[2015.03.18-03.36.36:646][727]LogModuleManager: Shutting down and abandoning module IOSRuntimeSettings (144)
[2015.03.18-03.36.36:646][727]LogModuleManager: Shutting down and abandoning module AndroidPlatformEditor (143)
[2015.03.18-03.36.36:646][727]LogModuleManager: Shutting down and abandoning module AndroidRuntimeSettings (142)
[2015.03.18-03.36.36:646][727]LogModuleManager: Shutting down and abandoning module ProjectTargetPlatformEditor (141)
[2015.03.18-03.36.36:646][727]LogModuleManager: Shutting down and abandoning module ProjectSettingsViewer (140)
[2015.03.18-03.36.36:646][727]LogModuleManager: Shutting down and abandoning module InputBindingEditor (139)
[2015.03.18-03.36.36:646][727]LogModuleManager: Shutting down and abandoning module EditorSettingsViewer (138)
[2015.03.18-03.36.36:646][727]LogModuleManager: Shutting down and abandoning module SettingsEditor (137)
[2015.03.18-03.36.36:646][727]LogModuleManager: Shutting down and abandoning module ProjectLauncher (136)
[2015.03.18-03.36.36:646][727]LogModuleManager: Shutting down and abandoning module SessionFrontend (135)
[2015.03.18-03.36.36:646][727]LogModuleManager: Shutting down and abandoning module ProfilerClient (134)
[2015.03.18-03.36.36:646][727]LogModuleManager: Shutting down and abandoning module TargetDeviceServices (133)
[2015.03.18-03.36.36:646][727]LogModuleManager: Shutting down and abandoning module DeviceManager (132)
[2015.03.18-03.36.36:646][727]LogModuleManager: Shutting down and abandoning module AutomationController (131)
[2015.03.18-03.36.36:646][727]LogModuleManager: Shutting down and abandoning module AutomationWindow (130)
[2015.03.18-03.36.36:646][727]LogModuleManager: Shutting down and abandoning module Layers (129)
[2015.03.18-03.36.36:646][727]LogModuleManager: Shutting down and abandoning module ComponentVisualizers (128)
[2015.03.18-03.36.36:646][727]LogModuleManager: Shutting down and abandoning module DetailCustomizations (127)
[2015.03.18-03.36.36:647][727]LogModuleManager: Shutting down and abandoning module PackagesDialog (126)
[2015.03.18-03.36.36:647][727]LogModuleManager: Shutting down and abandoning module AssetRegistry (125)
[2015.03.18-03.36.36:710][727]LogModuleManager: Shutting down and abandoning module Persona (124)
[2015.03.18-03.36.36:710][727]LogModuleManager: Shutting down and abandoning module Kismet (123)
[2015.03.18-03.36.36:710][727]LogModuleManager: Shutting down and abandoning module GraphEditor (122)
[2015.03.18-03.36.36:710][727]LogModuleManager: Shutting down and abandoning module ClassViewer (121)
[2015.03.18-03.36.36:710][727]LogModuleManager: Shutting down and abandoning module Toolbox (120)
[2015.03.18-03.36.36:710][727]LogModuleManager: Shutting down and abandoning module ModuleUI (119)
[2015.03.18-03.36.36:710][727]LogModuleManager: Shutting down and abandoning module MovieSceneTools (118)
[2015.03.18-03.36.36:711][727]LogModuleManager: Shutting down and abandoning module OutputLog (117)
[2015.03.18-03.36.36:711][727]LogModuleManager: Shutting down and abandoning module GammaUI (116)
[2015.03.18-03.36.36:711][727]LogModuleManager: Shutting down and abandoning module Documentation (115)
[2015.03.18-03.36.36:711][727]LogModuleManager: Shutting down and abandoning module GameLiveStreaming (114)
[2015.03.18-03.36.36:711][727]LogModuleManager: Shutting down and abandoning module StreamingPauseRendering (113)
[2015.03.18-03.36.36:711][727]LogModuleManager: Shutting down and abandoning module HTTP (112)
[2015.03.18-03.36.36:711][727]LogModuleManager: Shutting down and abandoning module AnalyticsET (111)
[2015.03.18-03.36.36:711][727]LogModuleManager: Shutting down and abandoning module Analytics (110)
[2015.03.18-03.36.36:711][727]LogModuleManager: Shutting down and abandoning module AITestSuite (109)
[2015.03.18-03.36.36:711][727]LogModuleManager: Shutting down and abandoning module AIModule (108)
[2015.03.18-03.36.36:711][727]LogModuleManager: Shutting down and abandoning module ProfilerService (107)
[2015.03.18-03.36.36:838][727]LogModuleManager: Shutting down and abandoning module TaskGraph (106)
[2015.03.18-03.36.36:838][727]LogModuleManager: Shutting down and abandoning module GameplayDebugger (105)
[2015.03.18-03.36.36:838][727]LogModuleManager: Shutting down and abandoning module SlateRemote (104)
[2015.03.18-03.36.36:838][727]LogModuleManager: Shutting down and abandoning module ScriptEditorPlugin (103)
[2015.03.18-03.36.36:838][727]LogModuleManager: Shutting down and abandoning module CustomMeshComponent (102)
[2015.03.18-03.36.36:838][727]LogModuleManager: Shutting down and abandoning module CableComponent (101)
[2015.03.18-03.36.36:838][727]LogModuleManager: Shutting down and abandoning module MessagingDebugger (100)
[2015.03.18-03.36.36:838][727]LogModuleManager: Shutting down and abandoning module MediaPlayerEditor (99)
[2015.03.18-03.36.36:838][727]LogModuleManager: Shutting down and abandoning module SpeedTreeImporter (98)
[2015.03.18-03.36.36:838][727]LogModuleManager: Shutting down and abandoning module PluginsEditor (97)
[2015.03.18-03.36.36:838][727]LogModuleManager: Shutting down and abandoning module EpicSurvey (96)
[2015.03.18-03.36.36:838][727]LogModuleManager: Shutting down and abandoning module DesktopPlatform (95)
[2015.03.18-03.36.36:838][727]LogModuleManager: Shutting down and abandoning module VisualStudioSourceCodeAccess (94)
[2015.03.18-03.36.36:838][727]LogModuleManager: Shutting down and abandoning module UObjectPlugin (93)
[2015.03.18-03.36.36:838][727]LogModuleManager: Shutting down and abandoning module SubversionSourceControl (92)
[2015.03.18-03.36.36:838][727]LogModuleManager: Shutting down and abandoning module SourceControl (91)
[2015.03.18-03.36.36:838][727]LogModuleManager: Shutting down and abandoning module PerforceSourceControl (90)
[2015.03.18-03.36.36:838][727]LogModuleManager: Shutting down and abandoning module BlankPlugin (89)
[2015.03.18-03.36.36:838][727]LogModuleManager: Shutting down and abandoning module SlateReflector (88)
[2015.03.18-03.36.36:838][727]LogModuleManager: Shutting down and abandoning module DirectoryWatcher (87)
[2015.03.18-03.36.36:838][727]LogModuleManager: Shutting down and abandoning module HotReload (86)
[2015.03.18-03.36.36:838][727]LogModuleManager: Shutting down and abandoning module MainFrame (85)
[2015.03.18-03.36.36:838][727]LogModuleManager: Shutting down and abandoning module LevelEditor (84)
[2015.03.18-03.36.36:839][727]LogModuleManager: Shutting down and abandoning module ViewportSnapping (83)
[2015.03.18-03.36.36:839][727]LogModuleManager: Shutting down and abandoning module SmartSnapping (82)
[2015.03.18-03.36.36:839][727]LogModuleManager: Shutting down and abandoning module PaperTiledImporter (81)
[2015.03.18-03.36.36:839][727]LogModuleManager: Shutting down and abandoning module PaperJsonImporter (80)
[2015.03.18-03.36.36:839][727]LogModuleManager: Shutting down and abandoning module ContentBrowser (79)
[2015.03.18-03.36.36:839][727]LogModuleManager: Shutting down and abandoning module Paper2DEditor (78)
[2015.03.18-03.36.36:839][727]LogModuleManager: Shutting down and abandoning module ScriptPlugin (77)
[2015.03.18-03.36.36:839][727]LogModuleManager: Shutting down and abandoning module UdpMessaging (76)
[2015.03.18-03.36.36:939][727]LogModuleManager: Shutting down and abandoning module Paper2D (75)
[2015.03.18-03.36.36:939][727]LogModuleManager: Shutting down and abandoning module UE4Game (74)
[2015.03.18-03.36.36:939][727]LogModuleManager: Shutting down and abandoning module WindowsMoviePlayer (73)
[2015.03.18-03.36.36:941][727]LogModuleManager: Shutting down and abandoning module Media (72)
[2015.03.18-03.36.36:941][727]LogModuleManager: Shutting down and abandoning module WmfMedia (71)
[2015.03.18-03.36.36:941][727]LogModuleManager: Shutting down and abandoning module OnlineBlueprintSupport (70)
[2015.03.18-03.36.36:941][727]LogModuleManager: Shutting down and abandoning module PropertyEditor (69)
[2015.03.18-03.36.36:941][727]LogModuleManager: Shutting down and abandoning module BehaviorTreeEditor (68)
[2015.03.18-03.36.36:941][727]LogModuleManager: Shutting down and abandoning module FunctionalTesting (67)
[2015.03.18-03.36.36:941][727]LogModuleManager: Shutting down and abandoning module CollisionAnalyzer (66)
[2015.03.18-03.36.36:941][727]LogModuleManager: Shutting down and abandoning module WorkspaceMenuStructure (65)
[2015.03.18-03.36.36:941][727]LogModuleManager: Shutting down and abandoning module MessageLog (64)
[2015.03.18-03.36.36:941][727]LogModuleManager: Shutting down and abandoning module Sequencer (63)
[2015.03.18-03.36.36:941][727]LogModuleManager: Shutting down and abandoning module AssetTools (62)
[2015.03.18-03.36.36:941][727]LogModuleManager: Shutting down and abandoning module UMGEditor (61)
[2015.03.18-03.36.36:941][727]LogModuleManager: Shutting down and abandoning module UMG (60)
[2015.03.18-03.36.36:941][727]LogModuleManager: Shutting down and abandoning module Slate (59)
[2015.03.18-03.36.36:941][727]LogModuleManager: Shutting down and abandoning module EditorStyle (58)
[2015.03.18-03.36.36:944][727]LogModuleManager: Shutting down and abandoning module SessionServices (57)
[2015.03.18-03.36.36:944][727]LogModuleManager: Shutting down and abandoning module SourceCodeAccess (56)
[2015.03.18-03.36.36:944][727]LogModuleManager: Shutting down and abandoning module HeadMountedDisplay (55)
[2015.03.18-03.36.36:945][727]LogModuleManager: Shutting down and abandoning module XAudio2 (54)
[2015.03.18-03.36.36:945][727]LogModuleManager: Shutting down and abandoning module Networking (52)
[2015.03.18-03.36.36:945][727]LogModuleManager: Shutting down and abandoning module Core (51)
[2015.03.18-03.36.36:945][727]LogModuleManager: Shutting down and abandoning module KismetCompiler (50)
[2015.03.18-03.36.36:945][727]LogModuleManager: Shutting down and abandoning module PhysXFormats (49)
[2015.03.18-03.36.36:945][727]LogModuleManager: Shutting down and abandoning module MeshUtilities (48)
[2015.03.18-03.36.36:945][727]LogModuleManager: Shutting down and abandoning module DerivedDataCache (47)
[2015.03.18-03.36.37:052][727]LogDerivedDataCache: Shutdown
[2015.03.18-03.36.37:052][727]LogModuleManager: Shutting down and abandoning module ShaderFormatOpenGL (46)
[2015.03.18-03.36.37:052][727]LogModuleManager: Shutting down and abandoning module ShaderFormatD3D (45)
[2015.03.18-03.36.37:052][727]LogModuleManager: Shutting down and abandoning module MetalShaderFormat (44)
[2015.03.18-03.36.37:052][727]LogModuleManager: Shutting down and abandoning module TextureFormatUncompressed (43)
[2015.03.18-03.36.37:052][727]LogModuleManager: Shutting down and abandoning module TextureFormatPVR (42)
[2015.03.18-03.36.37:052][727]LogModuleManager: Shutting down and abandoning module TextureFormatDXT (41)
[2015.03.18-03.36.37:052][727]LogModuleManager: Shutting down and abandoning module TextureFormatAndroid (40)
[2015.03.18-03.36.37:052][727]LogModuleManager: Shutting down and abandoning module AudioFormatOpus (39)
[2015.03.18-03.36.37:052][727]LogModuleManager: Shutting down and abandoning module AudioFormatOgg (38)
[2015.03.18-03.36.37:052][727]LogModuleManager: Shutting down and abandoning module AudioFormatADPCM (37)
[2015.03.18-03.36.37:052][727]LogModuleManager: Shutting down and abandoning module LinuxTargetPlatform (36)
[2015.03.18-03.36.37:052][727]LogModuleManager: Shutting down and abandoning module LinuxServerTargetPlatform (35)
[2015.03.18-03.36.37:052][727]LogModuleManager: Shutting down and abandoning module LinuxNoEditorTargetPlatform (34)
[2015.03.18-03.36.37:052][727]LogModuleManager: Shutting down and abandoning module Messaging (33)
[2015.03.18-03.36.37:052][727]LogModuleManager: Shutting down and abandoning module IOSTargetPlatform (32)
[2015.03.18-03.36.37:052][727]LogModuleManager: Shutting down and abandoning module Android_PVRTCTargetPlatform (31)
[2015.03.18-03.36.37:052][727]LogModuleManager: Shutting down and abandoning module Android_ETC2TargetPlatform (30)
[2015.03.18-03.36.37:052][727]LogModuleManager: Shutting down and abandoning module Android_ETC1TargetPlatform (29)
[2015.03.18-03.36.37:052][727]LogModuleManager: Shutting down and abandoning module Android_DXTTargetPlatform (28)
[2015.03.18-03.36.37:052][727]LogModuleManager: Shutting down and abandoning module Android_ATCTargetPlatform (27)
[2015.03.18-03.36.37:052][727]LogModuleManager: Shutting down and abandoning module AndroidTargetPlatform (26)
[2015.03.18-03.36.37:052][727]LogModuleManager: Shutting down and abandoning module WindowsTargetPlatform (25)
[2015.03.18-03.36.37:052][727]LogModuleManager: Shutting down and abandoning module WindowsServerTargetPlatform (24)
[2015.03.18-03.36.37:052][727]LogModuleManager: Shutting down and abandoning module WindowsNoEditorTargetPlatform (23)
[2015.03.18-03.36.37:052][727]LogModuleManager: Shutting down and abandoning module WindowsClientTargetPlatform (22)
[2015.03.18-03.36.37:052][727]LogModuleManager: Shutting down and abandoning module TargetPlatform (21)
[2015.03.18-03.36.37:052][727]LogModuleManager: Shutting down and abandoning module InputCore (20)
[2015.03.18-03.36.37:052][727]LogModuleManager: Shutting down and abandoning module Settings (19)
[2015.03.18-03.36.37:052][727]LogModuleManager: Shutting down and abandoning module ImageWrapper (18)
[2015.03.18-03.36.37:052][727]LogModuleManager: Shutting down and abandoning module OculusRift (15)
[2015.03.18-03.36.37:052][727]LogModuleManager: Shutting down and abandoning module ExampleDeviceProfileSelector (14)
[2015.03.18-03.36.37:052][727]LogModuleManager: Shutting down and abandoning module TextureCompressor (13)
[2015.03.18-03.36.37:052][727]LogModuleManager: Shutting down and abandoning module ShaderCore (12)
[2015.03.18-03.36.37:052][727]LogModuleManager: Shutting down and abandoning module Landscape (11)
[2015.03.18-03.36.37:052][727]LogModuleManager: Shutting down and abandoning module SlateRHIRenderer (10)
[2015.03.18-03.36.37:053][727]LogModuleManager: Shutting down and abandoning module OpenGLDrv (9)
[2015.03.18-03.36.37:053][727]LogModuleManager: Shutting down and abandoning module D3D11RHI (8)
[2015.03.18-03.36.37:053][727]LogModuleManager: Shutting down and abandoning module Renderer (7)
[2015.03.18-03.36.37:053][727]LogModuleManager: Shutting down and abandoning module Engine (6)
[2015.03.18-03.36.37:053][727]LogModuleManager: Shutting down and abandoning module CoreUObject (5)
[2015.03.18-03.36.37:053][727]LogModuleManager: Shutting down and abandoning module NetworkFile (4)
[2015.03.18-03.36.37:053][727]LogModuleManager: Shutting down and abandoning module StreamingFile (3)
[2015.03.18-03.36.37:053][727]LogModuleManager: Shutting down and abandoning module SandboxFile (2)
[2015.03.18-03.36.37:053][727]LogModuleManager: Shutting down and abandoning module PakFile (1)
[2015.03.18-03.36.37:053][727]LogExit: Exiting.
[2015.03.18-03.36.37:074][727]Log file closed, 03/17/15 20:36:37
