Log file open, 02/14/15 12:03:44
LogInit:Display: Running engine for game: Zeke
LogInit: Version: 4.6.1-2386410+++depot+UE4-Releases+4.6
LogInit: API Version: 2369412
LogInit: Compiled (64-bit): Dec 11 2014 21:31:39
LogInit: Compiled with Visual C++: 18.00.21005.01
LogInit: Build Configuration: Development
LogInit: Branch Name: ++depot+UE4-Releases+4.6
LogInit: Command line: 
LogInit: Base directory: E:/Program Files/Epic Games/4.6/Engine/Binaries/Win64/
LogInit: Rocket: 1
[2015.02.14-20.03.44:530][  0]LogTaskGraph: Started task graph with 3 named threads and 6 total threads.
[2015.02.14-20.03.44:583][  0]LogOnline:Warning: No default platform service specified for OnlineSubsystem
[2015.02.14-20.03.44:609][  0]LogInit: Presizing for 0 objects not considered by GC, pre-allocating 0 bytes.
[2015.02.14-20.03.44:619][  0]LogInit: Object subsystem initialized
[2015.02.14-20.03.44:621][  0]LogConsoleResponse:Warning: Skipping Unknown console variable: 'UIScaleRule = ShortestSide'
[2015.02.14-20.03.44:621][  0]LogConsoleResponse:Warning:   Found in ini file 'E:/Users/Joseph/documents/Unreal Projects/Zeke/Saved/Config/Windows/Engine.ini', in section '[/Script/Engine.RendererSettings]'
[2015.02.14-20.03.44:621][  0]LogConsoleResponse:Warning: Skipping Unknown console variable: 'UIScaleCurve = (EditorCurveData=(Keys=),ExternalCurve=None)'
[2015.02.14-20.03.44:621][  0]LogConsoleResponse:Warning:   Found in ini file 'E:/Users/Joseph/documents/Unreal Projects/Zeke/Saved/Config/Windows/Engine.ini', in section '[/Script/Engine.RendererSettings]'
[2015.02.14-20.03.44:621][  0]LogConsoleManager:Warning: Console variable 'r.MSAA.CompositingSampleCount' wasn't set (Priority ProjectSetting < Scalability)
[2015.02.14-20.03.44:621][  0]LogInit: Selected Device Profile: [Windows]
[2015.02.14-20.03.44:621][  0]LogInit: Applying CVar settings loaded from the selected device profile: [Windows]
[2015.02.14-20.03.44:673][  0]LogInit: Computer: JOSEPH-PC
[2015.02.14-20.03.44:673][  0]LogInit: User: Joseph
[2015.02.14-20.03.44:673][  0]LogInit: CPU Page size=4096, Cores=4
[2015.02.14-20.03.44:673][  0]LogInit: High frequency timer resolution =3.919433 MHz
[2015.02.14-20.03.44:673][  0]LogMemory: Memory total: Physical=15.9GB (16GB approx) Virtual=8192.0GB
[2015.02.14-20.03.44:674][  0]LogMemory: Platform Memory Stats for Windows
[2015.02.14-20.03.44:674][  0]LogMemory: Process Physical Memory: 50.78 MB used, 50.78 MB peak
[2015.02.14-20.03.44:674][  0]LogMemory: Process Virtual Memory: 27.55 MB used, 27.55 MB peak
[2015.02.14-20.03.44:674][  0]LogMemory: Physical Memory: 5905.20 MB used, 16280.89 MB total
[2015.02.14-20.03.44:674][  0]LogMemory: Virtual Memory: 263.06 MB used, 8388608.00 MB total
[2015.02.14-20.03.44:701][  0]LogD3D11RHI: Found D3D11 adapter 0: AMD Radeon R9 200 Series (Feature Level 11_0)
[2015.02.14-20.03.44:702][  0]LogD3D11RHI: Adapter has 4073MB of dedicated video memory, 0MB of dedicated system memory, and 3840MB of shared system memory, 1 output[s]
[2015.02.14-20.03.44:702][  0]LogD3D11RHI: Chosen D3D11 Adapter Id = 0
[2015.02.14-20.03.44:709][  0]LogRHI: Texture pool is 1361 MB (70% of 1945 MB)
[2015.02.14-20.03.44:715][  0]LogD3D11RHI: Async texture creation disabled: no driver support
[2015.02.14-20.03.44:777][  0]LogTextLocalizationManager: The requested culture ('en_US') has no localization data; parent culture's ('en') localization data will be used.
[2015.02.14-20.03.44:926][  0]LogContentStreaming: Texture pool size is 0.000000MB
[2015.02.14-20.03.50:385][  0]LogTargetPlatformManager:Display: Building Assets For Windows
[2015.02.14-20.03.50:927][  0]LogTargetPlatformManager:Display: Building Assets For Windows
[2015.02.14-20.03.50:994][  0]LogDerivedDataCache:Display: Max Cache Size: 512 MB
[2015.02.14-20.03.51:055][  0]LogDerivedDataCache: Loaded boot cache 0.06s 39MB C:/Users/Joseph/AppData/Local/UnrealEngine/4.6/DerivedDataCache/Boot.ddc.
[2015.02.14-20.03.51:055][  0]LogDerivedDataCache:Display: Loaded Boot cache: C:/Users/Joseph/AppData/Local/UnrealEngine/4.6/DerivedDataCache/Boot.ddc
[2015.02.14-20.03.51:055][  0]LogDerivedDataCache: FDerivedDataBackendGraph:  Pak pak cache file ../../../../../../Users/Joseph/documents/Unreal Projects/Zeke/DerivedDataCache/DDC.ddp not found, will not use a pak cache.
[2015.02.14-20.03.51:055][  0]LogDerivedDataCache: Unable to find inner node Pak for hierarchical cache Hierarchy.
[2015.02.14-20.03.51:116][  0]LogDerivedDataCache:Display: Pak cache opened for reading ../../../Engine/DerivedDataCache/DDC.ddp.
[2015.02.14-20.03.51:128][  0]LogDerivedDataCache: Using Local data cache path C:/Users/Joseph/AppData/Local/UnrealEngine/Common/DerivedDataCache: Writable
[2015.02.14-20.03.51:283][  0]LogCollisionProfile:Warning: Profile (UI) - Custom Channel Name = 'Weapon' hasn't been found
[2015.02.14-20.03.51:440][  0]LogMeshUtilities: No automatic mesh reduction module available
[2015.02.14-20.03.51:440][  0]LogMeshUtilities: No automatic mesh merging module available
[2015.02.14-20.03.51:859][  0]LogInit: WinSock: version 1.1 (2.2), MaxSocks=32767, MaxUdp=65467
[2015.02.14-20.03.51:937][  0]LogSlate:Warning: Failed to load font data from '../../../Engine/Content/Slate/Fonts/Roboto-Italic.ttf'
[2015.02.14-20.03.52:850][  0]UdpMessaging: Initializing bridge on interface 0.0.0.0:0 to multicast group 230.0.0.1:6666.
[2015.02.14-20.03.53:055][  0]LogDirectoryWatcher:Warning: Failed to begin reading directory changes for E:/Users/Joseph/documents/Unreal Projects/Zeke/Binaries/Win64. Error: 0
[2015.02.14-20.03.53:266][  0]SourceControl: Info Source control is disabled
[2015.02.14-20.03.53:266][  0]SourceControl: Info Source control is disabled
[2015.02.14-20.03.53:276][  0]SourceControl: Info Source control is disabled
[2015.02.14-20.03.53:450][  0]LogObj: 23754 objects as part of root set at end of initial load.
[2015.02.14-20.03.53:450][  0]LogUObjectAllocator: 5168136 out of 0 bytes used by permanent object pool.
[2015.02.14-20.03.53:519][  0]LogEngine: Initializing Engine...
[2015.02.14-20.03.53:676][  0]LogInit: XAudio2 using '1 - LG ULTRAWIDE (AMD High Definition Audio Device)' : 2 channels at 48 kHz using 16 bits per sample (channel mask 0x3)
[2015.02.14-20.03.53:686][  0]LogInit: FAudioDevice initialized.
[2015.02.14-20.03.53:714][  0]LogAIModule: Creating AISystem for world NewWorld
[2015.02.14-20.03.53:747][  0]LogDerivedDataCache: Saved boot cache 0.03s 39MB C:/Users/Joseph/AppData/Local/UnrealEngine/4.6/DerivedDataCache/Boot.ddc.
[2015.02.14-20.03.53:755][  0]LogInit: Texture streaming: Enabled
[2015.02.14-20.03.53:794][  0]LogAnalytics: Creating configured Analytics provider AnalyticsET
[2015.02.14-20.03.53:794][  0]LogAnalytics: ET APIKey = Rocket.Release. APIServer = http://et2.epicgames.com/ET2/. AppVersion = 4.6.1-2386410+++depot+UE4-Releases+4.6
[2015.02.14-20.03.53:795][  0]LogAnalytics: SetUserId 402b2bd15b9296f902c668936ab9f44f
[2015.02.14-20.03.53:795][  0]LogAnalytics: AnalyticsET::StartSession [Rocket.Release]
[2015.02.14-20.03.53:821][  0]LogInit: Transaction tracking system initialized
[2015.02.14-20.03.53:960][  0]BlueprintLog: New page: Editor Load
[2015.02.14-20.03.53:997][  0]LogAssetRegistry: FAssetRegistry took 0.0097 seconds to start up
[2015.02.14-20.03.53:997][  0]LogDirectoryWatcher:Warning: Failed to begin reading directory changes for ../../../Engine/Plugins/Experimental/CharacterAI/Content/. Error: 0
[2015.02.14-20.03.54:621][  0]LogTargetPlatformManager:Display: Building Assets For Windows
[2015.02.14-20.03.55:052][  0]LogTargetPlatformManager:Display: Building Assets For Windows
[2015.02.14-20.03.55:295][  0]LogConsoleResponse:Display: 
[2015.02.14-20.03.55:444][  0]LogLinker:Warning: Asset '../../../Engine/Content/Functions/Engine_MaterialFunctions03/Procedurals/ComputeFilterWidth.uasset' has been saved with empty engine version. The asset will be loaded but may be incompatible.
[2015.02.14-20.03.55:671][  0]SourceControl: Info Source control is disabled
[2015.02.14-20.03.55:671][  0]Cmd: MAP LOAD FILE="../../../../../../Users/Joseph/documents/Unreal Projects/Zeke/Content/Maps/Example_Map.umap" TEMPLATE=0 SHOWPROGRESS=1
[2015.02.14-20.03.55:697][  0]LightingResults: New page: Lighting Build
[2015.02.14-20.03.55:710][  0]MapCheck: New page: Map Check
[2015.02.14-20.03.55:710][  0]LightingResults: New page: Lighting Build
[2015.02.14-20.03.55:721][  0]LogParticles: Destroying 0 GPU particle simulations for FXSystem 0x0000000013089940
[2015.02.14-20.03.57:096][  0]LogEditorServer: Finished looking for orphan Actors (0.000 secs)
[2015.02.14-20.03.57:097][  0]LogAIModule: Creating AISystem for world Example_Map
[2015.02.14-20.03.57:108][  0]Cmd: MAP CHECKDEP
[2015.02.14-20.03.57:108][  0]MapCheck: New page: Example_Map - Feb 14, 2015, 4:03:57 AM
[2015.02.14-20.03.57:220][  0]MapCheck: Info Map check complete: 0 Error(s), 0 Warning(s), took 111.828ms to complete.
[2015.02.14-20.03.57:220][  0]LogFileHelpers: Loading map 'Example_Map' took 1.549
[2015.02.14-20.03.57:516][  0]LogCollectionManager: Loaded 0 collections in 0.001132 seconds
[2015.02.14-20.03.57:926][  0]LogCrashTracker: Crashtracker disabled due to settings.
[2015.02.14-20.03.57:963][  0]LogUObjectGlobals:Warning: Failed to find object 'Class None.'
[2015.02.14-20.03.57:998][  0]LogLoad: Full Startup: 16.10 seconds (BP compile: 0.06 seconds)
[2015.02.14-20.03.58:342][  0]LogContentBrowser:Verbose: The content browser source was changed by the sources view to '/Game/Zeke/Textures'
[2015.02.14-20.03.58:541][  1]Cmd: UpdateLandscapeEditorData -warnings
[2015.02.14-20.03.58:579][  1]Cmd: UpdateLandscapeEditorData
[2015.02.14-20.03.58:749][  2]LogRenderer:Warning: Reallocating scene render targets to support 736x576.
[2015.02.14-20.03.59:340][  3]LogAssetRegistry: Asset discovery search completed in 5.3536 seconds
[2015.02.14-20.04.08:848][130]LogRenderer:Warning: Reallocating scene render targets to support 1520x896.
[2015.02.14-20.04.11:799][437]LogEditorViewport: Clicking on Actor (LMB): StaticMeshActor (Building19)
[2015.02.14-20.04.12:231][437]LogPropertyNode:Warning: UI Min (0.001) >= UI Max () for Ranged Numeric
[2015.02.14-20.04.13:118][491]LogEditorViewport: Clicking on Actor (context menu): StaticMeshActor (Building19)
[2015.02.14-20.04.13:127][491]LogPropertyNode:Warning: UI Min (0.001) >= UI Max () for Ranged Numeric
[2015.02.14-20.04.14:769][614]LogContentBrowser:Verbose: The content browser source was changed by the sources view to 'None'
[2015.02.14-20.04.14:769][614]LogContentBrowser:Verbose: The content browser source was changed by the sources view to '/Game/Zeke/Meshes'
[2015.02.14-20.04.17:370][762]LogPhysics:Warning: PHYSX: ..\..\PhysXExtensions\src\ExtRigidBodyExt.cpp (234) 4 : computeMassAndInertia: Dynamic actor with illegal collision shapes
[2015.02.14-20.04.17:370][762]LogPhysics:Warning: PHYSX: ..\..\PhysXExtensions\src\ExtRigidBodyExt.cpp (283) 4 : PxRigidBodyExt::updateMassAndInertia: Mass and inertia computation failed, setting mass to 1 and inertia to (1,1,1)
[2015.02.14-20.04.17:412][762]LogPhysics:Warning: PHYSX: ..\..\PhysXExtensions\src\ExtRigidBodyExt.cpp (234) 4 : computeMassAndInertia: Dynamic actor with illegal collision shapes
[2015.02.14-20.04.17:412][762]LogPhysics:Warning: PHYSX: ..\..\PhysXExtensions\src\ExtRigidBodyExt.cpp (283) 4 : PxRigidBodyExt::updateMassAndInertia: Mass and inertia computation failed, setting mass to 1 and inertia to (1,1,1)
[2015.02.14-20.04.17:429][762]LogPhysics:Warning: PHYSX: ..\..\PhysXExtensions\src\ExtRigidBodyExt.cpp (234) 4 : computeMassAndInertia: Dynamic actor with illegal collision shapes
[2015.02.14-20.04.17:429][762]LogPhysics:Warning: PHYSX: ..\..\PhysXExtensions\src\ExtRigidBodyExt.cpp (283) 4 : PxRigidBodyExt::updateMassAndInertia: Mass and inertia computation failed, setting mass to 1 and inertia to (1,1,1)
[2015.02.14-20.04.20:404][946]LogEditorFactories: Performing atomic reimport of [E:/Documents/Last Quarter/Pre Production/Detroit/Building009.FBX]
[2015.02.14-20.04.20:442][946]LogFbx: Loading FBX Scene from E:/Documents/Last Quarter/Pre Production/Detroit/Building009.FBX
[2015.02.14-20.04.20:482][946]LogFbx: FBX Scene Loaded Succesfully
[2015.02.14-20.04.20:544][946]LogFbx:Warning: Triangulating static mesh FirstFloorWindowWall007
[2015.02.14-20.04.25:025][946]LogFbx: == Initial material list:
[2015.02.14-20.04.25:025][946]LogFbx: 0: 07 - Default Slot #1
[2015.02.14-20.04.25:025][946]LogFbx: 1: Material #38
[2015.02.14-20.04.25:025][946]LogFbx: 2: Material #37
[2015.02.14-20.04.25:025][946]LogFbx: 3: Material #36
[2015.02.14-20.04.25:025][946]LogFbx: 4: 07 - Default Slot #5
[2015.02.14-20.04.25:025][946]LogFbx: 5: 07 - Default Slot #6
[2015.02.14-20.04.25:025][946]LogFbx: 6: 07 - Default Slot #7
[2015.02.14-20.04.25:025][946]LogFbx: 7: 07 - Default Slot #8
[2015.02.14-20.04.25:025][946]LogFbx: 8: 07 - Default Slot #9
[2015.02.14-20.04.25:025][946]LogFbx: 9: 07 - Default Slot #10
[2015.02.14-20.04.25:025][946]LogFbx: == After sorting:
[2015.02.14-20.04.25:025][946]LogFbx: 0: 07 - Default Slot #1
[2015.02.14-20.04.25:025][946]LogFbx: 1: Material #38
[2015.02.14-20.04.25:025][946]LogFbx: 2: Material #37
[2015.02.14-20.04.25:025][946]LogFbx: 3: Material #36
[2015.02.14-20.04.25:025][946]LogFbx: 4: 07 - Default Slot #5
[2015.02.14-20.04.25:025][946]LogFbx: 5: 07 - Default Slot #6
[2015.02.14-20.04.25:025][946]LogFbx: 6: 07 - Default Slot #7
[2015.02.14-20.04.25:025][946]LogFbx: 7: 07 - Default Slot #8
[2015.02.14-20.04.25:025][946]LogFbx: 8: 07 - Default Slot #9
[2015.02.14-20.04.25:025][946]LogFbx: 9: 07 - Default Slot #10
[2015.02.14-20.04.25:025][946]LogFbx: == Mapping table:
[2015.02.14-20.04.25:025][946]LogFbx:   sort 0 -> 0
[2015.02.14-20.04.25:025][946]LogFbx:   sort 1 -> 1
[2015.02.14-20.04.25:025][946]LogFbx:   sort 2 -> 2
[2015.02.14-20.04.25:025][946]LogFbx:   sort 3 -> 3
[2015.02.14-20.04.25:025][946]LogFbx:   sort 4 -> 4
[2015.02.14-20.04.25:025][946]LogFbx:   sort 5 -> 5
[2015.02.14-20.04.25:025][946]LogFbx:   sort 6 -> 6
[2015.02.14-20.04.25:025][946]LogFbx:   sort 7 -> 7
[2015.02.14-20.04.25:025][946]LogFbx:   sort 8 -> 8
[2015.02.14-20.04.25:025][946]LogFbx:   sort 9 -> 9
[2015.02.14-20.04.25:082][946]LogStaticMesh: Building static mesh Building009...
[2015.02.14-20.04.25:270][946]LogLayoutUV:Display: FindCharts: 32 ms
[2015.02.14-20.04.25:467][946]LogLayoutUV:Display: PackCharts: 49 ms
[2015.02.14-20.04.25:467][946]LogLayoutUV:Display:   Rasterize: 70938
[2015.02.14-20.04.25:467][946]LogLayoutUV:Display:   Find: 115926
[2015.02.14-20.04.25:608][946]LogLayoutUV:Display: PackCharts: 65 ms
[2015.02.14-20.04.25:608][946]LogLayoutUV:Display:   Rasterize: 71289
[2015.02.14-20.04.25:608][946]LogLayoutUV:Display:   Find: 178235
[2015.02.14-20.04.25:672][946]LogLayoutUV:Display: PackCharts: 64 ms
[2015.02.14-20.04.25:672][946]LogLayoutUV:Display:   Rasterize: 71190
[2015.02.14-20.04.25:672][946]LogLayoutUV:Display:   Find: 172452
[2015.02.14-20.04.25:738][946]LogLayoutUV:Display: PackCharts: 65 ms
[2015.02.14-20.04.25:738][946]LogLayoutUV:Display:   Rasterize: 71417
[2015.02.14-20.04.25:738][946]LogLayoutUV:Display:   Find: 178506
[2015.02.14-20.04.25:816][946]LogLayoutUV:Display: PackCharts: 77 ms
[2015.02.14-20.04.25:816][946]LogLayoutUV:Display:   Rasterize: 71967
[2015.02.14-20.04.25:816][946]LogLayoutUV:Display:   Find: 222964
[2015.02.14-20.04.25:897][946]LogLayoutUV:Display: PackCharts: 81 ms
[2015.02.14-20.04.25:897][946]LogLayoutUV:Display:   Rasterize: 71912
[2015.02.14-20.04.25:897][946]LogLayoutUV:Display:   Find: 238845
[2015.02.14-20.04.25:979][946]LogLayoutUV:Display: PackCharts: 81 ms
[2015.02.14-20.04.25:979][946]LogLayoutUV:Display:   Rasterize: 71831
[2015.02.14-20.04.25:979][946]LogLayoutUV:Display:   Find: 238842
[2015.02.14-20.04.26:646][946]LogStaticMesh: Built static mesh [1564.052246ms] /Game/Zeke/Meshes/Building009.Building009
[2015.02.14-20.04.26:938][946]LogPhysics:Warning: PHYSX: ..\..\PhysXExtensions\src\ExtRigidBodyExt.cpp (234) 4 : computeMassAndInertia: Dynamic actor with illegal collision shapes
[2015.02.14-20.04.26:938][946]LogPhysics:Warning: PHYSX: ..\..\PhysXExtensions\src\ExtRigidBodyExt.cpp (283) 4 : PxRigidBodyExt::updateMassAndInertia: Mass and inertia computation failed, setting mass to 1 and inertia to (1,1,1)
[2015.02.14-20.04.26:943][946]LogEditorFactories: -- imported successfully
[2015.02.14-20.04.27:100][946]LogPhysics:Warning: PHYSX: ..\..\PhysXExtensions\src\ExtRigidBodyExt.cpp (234) 4 : computeMassAndInertia: Dynamic actor with illegal collision shapes
[2015.02.14-20.04.27:100][946]LogPhysics:Warning: PHYSX: ..\..\PhysXExtensions\src\ExtRigidBodyExt.cpp (283) 4 : PxRigidBodyExt::updateMassAndInertia: Mass and inertia computation failed, setting mass to 1 and inertia to (1,1,1)
[2015.02.14-20.04.27:106][946]LogPhysics:Warning: PHYSX: ..\..\PhysXExtensions\src\ExtRigidBodyExt.cpp (234) 4 : computeMassAndInertia: Dynamic actor with illegal collision shapes
[2015.02.14-20.04.27:106][946]LogPhysics:Warning: PHYSX: ..\..\PhysXExtensions\src\ExtRigidBodyExt.cpp (283) 4 : PxRigidBodyExt::updateMassAndInertia: Mass and inertia computation failed, setting mass to 1 and inertia to (1,1,1)
[2015.02.14-20.04.27:118][946]LogPhysics:Warning: PHYSX: ..\..\PhysXExtensions\src\ExtRigidBodyExt.cpp (234) 4 : computeMassAndInertia: Dynamic actor with illegal collision shapes
[2015.02.14-20.04.27:118][946]LogPhysics:Warning: PHYSX: ..\..\PhysXExtensions\src\ExtRigidBodyExt.cpp (283) 4 : PxRigidBodyExt::updateMassAndInertia: Mass and inertia computation failed, setting mass to 1 and inertia to (1,1,1)
[2015.02.14-20.04.31:775][228]LogPlayLevel: PIE:  No blueprints needed recompiling
[2015.02.14-20.04.31:781][228]PIE: New page: PIE session: Example_Map (Feb 14, 2015, 4:04:31 AM)
[2015.02.14-20.04.31:890][228]LogPlayLevel: PIE: StaticDuplicateObject took: (0.107863s)
[2015.02.14-20.04.31:891][228]LogPlayLevel: PIE: World Init took: (0.001077s)
[2015.02.14-20.04.31:891][228]LogPlayLevel: PIE: Created PIE world by copying editor world from /Game/Maps/Example_Map.Example_Map to /Game/Maps/UEDPIE_0_Example_Map.Example_Map (0.109171s)
[2015.02.14-20.04.32:385][228]LogWorld: Game class is 'MyGame_C'
[2015.02.14-20.04.32:445][228]LogAIModule: Creating AISystem for world Example_Map
[2015.02.14-20.04.32:449][228]LogWorld: Bringing World /Game/Maps/UEDPIE_0_Example_Map.Example_Map up for play (max tick rate 0) at 2015.02.14-12.04.32
[2015.02.14-20.04.32:450][228]LogWorld: Bringing up level for play took: 0.004171
[2015.02.14-20.04.32:492][228]PIE: Info Play in editor start time for /Game/Maps/UEDPIE_0_Example_Map 0.887
[2015.02.14-20.04.55:843][283]LogPropertyNode:Warning: UI Min (0.001) >= UI Max () for Ranged Numeric
[2015.02.14-20.04.55:879][283]LogParticles: Destroying 0 GPU particle simulations for FXSystem 0x0000000023AD6DE0
[2015.02.14-20.04.55:879][283]LogParticles: Destroying 0 GPU particle simulations for FXSystem 0x0000000023B2AAC0
[2015.02.14-20.05.00:123][583]LogEditorViewport: Clicking on Actor (LMB): StaticMeshActor (Building12)
[2015.02.14-20.05.00:132][583]LogPropertyNode:Warning: UI Min (0.001) >= UI Max () for Ranged Numeric
[2015.02.14-20.05.03:202][825]LogEditorViewport: Clicking on Actor (LMB): StaticMeshActor (Building21)
[2015.02.14-20.05.03:211][825]LogPropertyNode:Warning: UI Min (0.001) >= UI Max () for Ranged Numeric
[2015.02.14-20.05.05:686][ 20]LogEditorViewport: Clicking on Actor (LMB): StaticMeshActor (Building12)
[2015.02.14-20.05.05:695][ 20]LogPropertyNode:Warning: UI Min (0.001) >= UI Max () for Ranged Numeric
[2015.02.14-20.05.42:347][  5]LogEditorViewport: Clicking on Actor (LMB): StaticMeshActor (Building21)
[2015.02.14-20.05.42:356][  5]LogPropertyNode:Warning: UI Min (0.001) >= UI Max () for Ranged Numeric
[2015.02.14-20.05.44:847][204]LogEditorViewport: Clicking on Actor (LMB): StaticMeshActor (Building12)
[2015.02.14-20.05.44:856][204]LogPropertyNode:Warning: UI Min (0.001) >= UI Max () for Ranged Numeric
[2015.02.14-20.05.47:746][413]LogEditorViewport: Clicking on Actor (LMB): StaticMeshActor (Building18)
[2015.02.14-20.05.47:756][413]LogPropertyNode:Warning: UI Min (0.001) >= UI Max () for Ranged Numeric
[2015.02.14-20.05.49:542][541]LogEditorViewport: Clicking on Actor (LMB): StaticMeshActor (Building20)
[2015.02.14-20.05.49:551][541]LogPropertyNode:Warning: UI Min (0.001) >= UI Max () for Ranged Numeric
[2015.02.14-20.05.50:141][573]LogEditorViewport: Clicking on Actor (CTRL LMB): StaticMeshActor (Building14)
[2015.02.14-20.05.50:150][573]LogPropertyNode:Warning: UI Min (0.001) >= UI Max () for Ranged Numeric
[2015.02.14-20.05.50:495][592]LogEditorViewport: Clicking on Actor (CTRL LMB): StaticMeshActor (Building22)
[2015.02.14-20.05.50:504][592]LogPropertyNode:Warning: UI Min (0.001) >= UI Max () for Ranged Numeric
[2015.02.14-20.05.50:962][625]LogEditorViewport: Clicking on Actor (CTRL LMB): StaticMeshActor (Building10)
[2015.02.14-20.05.50:971][625]LogPropertyNode:Warning: UI Min (0.001) >= UI Max () for Ranged Numeric
[2015.02.14-20.05.51:276][646]LogEditorViewport: Clicking on Actor (CTRL LMB): StaticMeshActor (Building24)
[2015.02.14-20.05.51:285][646]LogPropertyNode:Warning: UI Min (0.001) >= UI Max () for Ranged Numeric
[2015.02.14-20.05.52:079][707]Cmd: DELETE
[2015.02.14-20.05.52:079][707]Cmd: ACTOR DELETE
[2015.02.14-20.05.52:095][707]LogEditorActor: Deleted Actor: StaticMeshActor
[2015.02.14-20.05.52:096][707]LogEditorActor: Deleted Actor: StaticMeshActor
[2015.02.14-20.05.52:096][707]LogEditorActor: Deleted Actor: StaticMeshActor
[2015.02.14-20.05.52:096][707]LogEditorActor: Deleted Actor: StaticMeshActor
[2015.02.14-20.05.52:096][707]LogEditorActor: Deleted Actor: StaticMeshActor
[2015.02.14-20.05.52:110][707]LogEditorActor: Deleted 5 Actors (0.031 secs)
[2015.02.14-20.05.53:230][814]LogEditorViewport: Clicking on Actor (LMB): StaticMeshActor (Building18)
[2015.02.14-20.05.53:240][814]LogPropertyNode:Warning: UI Min (0.001) >= UI Max () for Ranged Numeric
[2015.02.14-20.05.53:891][863]Cmd: DELETE
[2015.02.14-20.05.53:891][863]Cmd: ACTOR DELETE
[2015.02.14-20.05.53:907][863]LogEditorActor: Deleted Actor: StaticMeshActor
[2015.02.14-20.05.53:921][863]LogEditorActor: Deleted 1 Actors (0.029 secs)
[2015.02.14-20.05.54:802][948]LogEditorViewport: Clicking on Actor (LMB): StaticMeshActor (Building21)
[2015.02.14-20.05.54:812][948]LogPropertyNode:Warning: UI Min (0.001) >= UI Max () for Ranged Numeric
[2015.02.14-20.05.55:280][982]LogEditorViewport: Clicking on Actor (CTRL LMB): StaticMeshActor (Building12)
[2015.02.14-20.05.55:289][982]LogPropertyNode:Warning: UI Min (0.001) >= UI Max () for Ranged Numeric
[2015.02.14-20.05.56:387][ 50]LogPropertyNode:Warning: UI Min (0.001) >= UI Max () for Ranged Numeric
[2015.02.14-20.05.56:407][ 50]LogPropertyNode:Warning: UI Min (0.001) >= UI Max () for Ranged Numeric
[2015.02.14-20.05.59:902][308]Cmd: TRANSACTION UNDO
[2015.02.14-20.05.59:902][308]LogEditorTransaction: Undo Move Actors
[2015.02.14-20.05.59:922][308]LogPropertyNode:Warning: UI Min (0.001) >= UI Max () for Ranged Numeric
[2015.02.14-20.06.01:077][370]LogPropertyNode:Warning: UI Min (0.001) >= UI Max () for Ranged Numeric
[2015.02.14-20.06.01:097][370]LogPropertyNode:Warning: UI Min (0.001) >= UI Max () for Ranged Numeric
[2015.02.14-20.06.04:015][581]LogPropertyNode:Warning: UI Min (0.001) >= UI Max () for Ranged Numeric
[2015.02.14-20.06.04:034][581]LogPropertyNode:Warning: UI Min (0.001) >= UI Max () for Ranged Numeric
[2015.02.14-20.06.12:095][183]Cmd: OBJ SAVEPACKAGE PACKAGE="/Game/Maps/Example_Map" FILE="../../../../../../Users/Joseph/documents/Unreal Projects/Zeke/Content/Maps/Example_Map.umap" SILENT=true AUTOSAVING=false KEEPDIRTY=false
[2015.02.14-20.06.12:873][183]LogSavePackage: Save=538.702637ms
[2015.02.14-20.06.12:873][183]LogSavePackage: Moving '../../../../../../Users/Joseph/documents/Unreal Projects/Zeke/Saved/Example_MapD5F0B9164939B77FC13194A8CDA10C6A.tmp' to '../../../../../../Users/Joseph/documents/Unreal Projects/Zeke/Content/Maps/Example_Map.umap'
[2015.02.14-20.06.12:905][183]LogFileHelpers: Saving map 'Example_Map' took 0.913
[2015.02.14-20.06.12:929][183]Cmd: OBJ SAVEPACKAGE PACKAGE="/Game/Zeke/Meshes/Building009" FILE="../../../../../../Users/Joseph/documents/Unreal Projects/Zeke/Content/Zeke/Meshes/Building009.uasset" SILENT=true
[2015.02.14-20.06.13:175][183]LogSavePackage: Save=221.922409ms
[2015.02.14-20.06.13:175][183]LogSavePackage: Moving '../../../../../../Users/Joseph/documents/Unreal Projects/Zeke/Saved/Building0091331D75F4849053939752E8B942802A9.tmp' to '../../../../../../Users/Joseph/documents/Unreal Projects/Zeke/Content/Zeke/Meshes/Building009.uasset'
[2015.02.14-20.06.14:456][283]MapCheck: New page: Map Check
[2015.02.14-20.06.14:502][283]Cmd: MAP REBUILD ALLVISIBLE
[2015.02.14-20.06.14:503][283]LogEditorServer: Rebuildmap Clear paths rebuilt
[2015.02.14-20.06.14:503][283]LogInstancedFoliage: Map Rebuilt - Update all BSP painted foliage!
[2015.02.14-20.06.14:579][283]LightingResults: New page: Lighting Build - Feb 14, 2015, 4:06:14 AM
[2015.02.14-20.06.19:139][283]LogStaticLightingSystem: Running Lightmass w/ ImmediateImport mode ENABLED
[2015.02.14-20.06.19:139][283]LogStaticLightingSystem: Running Lightmass w/ ImmediateProcess mode ENABLED
[2015.02.14-20.06.19:139][283]LogStaticLightingSystem: Running Lightmass w/ Sorting mode ENABLED
[2015.02.14-20.06.19:139][283]LogStaticLightingSystem: Running Lightmass w/ Mapping paddings ENABLED
[2015.02.14-20.06.19:139][283]LogStaticLightingSystem: Running Lightmass w/ Mapping debug paddings DISABLED
[2015.02.14-20.06.19:358][283]LogEditorBuildUtils: Build time 0:00:04
[2015.02.14-20.06.19:722][284]Cmd: UpdateLandscapeEditorData
[2015.02.14-20.06.42:182][786]LightingResults:Error: Error Building009 Object has overlapping UVs.
[2015.02.14-20.06.42:182][786]LightingResults: Info Building009 Lightmap UV are overlapping by 74.1%. Please adjust content - Enable Error Coloring to visualize.
[2015.02.14-20.06.42:325][795]LightingResults:Error: Error Building009 Object has overlapping UVs.
[2015.02.14-20.06.42:325][795]LightingResults: Info Building009 Lightmap UV are overlapping by 74.1%. Please adjust content - Enable Error Coloring to visualize.
[2015.02.14-20.06.42:369][798]LightingResults:Error: Error Building009 Object has overlapping UVs.
[2015.02.14-20.06.42:370][798]LightingResults: Info Building009 Lightmap UV are overlapping by 74.1%. Please adjust content - Enable Error Coloring to visualize.
[2015.02.14-20.06.43:458][872]LightingResults:Error: Error Building009 Object has overlapping UVs.
[2015.02.14-20.06.43:459][872]LightingResults: Info Building009 Lightmap UV are overlapping by 74.1%. Please adjust content - Enable Error Coloring to visualize.
[2015.02.14-20.06.43:954][906]LightingResults:Error: Error Building009 Object has overlapping UVs.
[2015.02.14-20.06.43:954][906]LightingResults: Info Building009 Lightmap UV are overlapping by 74.1%. Please adjust content - Enable Error Coloring to visualize.
[2015.02.14-20.06.44:668][954]LightingResults:Error: Error Building009 Object has overlapping UVs.
[2015.02.14-20.06.44:669][954]LightingResults: Info Building009 Lightmap UV are overlapping by 74.1%. Please adjust content - Enable Error Coloring to visualize.
[2015.02.14-20.07.18:919][314]LightingResults:Error: Error Building00010 Object has wrapping UVs.
[2015.02.14-20.07.18:919][314]LightingResults:Error: Error Building00010 Object has overlapping UVs.
[2015.02.14-20.07.18:919][314]LightingResults: Info Building00010 Lightmap UV are overlapping by 99.8%. Please adjust content - Enable Error Coloring to visualize.
[2015.02.14-20.07.20:113][394]LightingResults:Error: Error Building009 Object has overlapping UVs.
[2015.02.14-20.07.20:113][394]LightingResults: Info Building009 Lightmap UV are overlapping by 74.1%. Please adjust content - Enable Error Coloring to visualize.
[2015.02.14-20.07.20:634][428]LightingResults:Error: Error Building00010 Object has wrapping UVs.
[2015.02.14-20.07.20:634][428]LightingResults:Error: Error Building00010 Object has overlapping UVs.
[2015.02.14-20.07.20:634][428]LightingResults: Info Building00010 Lightmap UV are overlapping by 99.8%. Please adjust content - Enable Error Coloring to visualize.
[2015.02.14-20.07.21:300][472]LightingResults:Error: Error Building009 Object has overlapping UVs.
[2015.02.14-20.07.21:301][472]LightingResults: Info Building009 Lightmap UV are overlapping by 74.1%. Please adjust content - Enable Error Coloring to visualize.
[2015.02.14-20.07.21:376][477]LightingResults:Error: Error Building00010 Object has wrapping UVs.
[2015.02.14-20.07.21:377][477]LightingResults:Error: Error Building00010 Object has overlapping UVs.
[2015.02.14-20.07.21:377][477]LightingResults: Info Building00010 Lightmap UV are overlapping by 99.8%. Please adjust content - Enable Error Coloring to visualize.
[2015.02.14-20.07.21:511][486]LightingResults:Error: Error Building00010 Object has wrapping UVs.
[2015.02.14-20.07.21:511][486]LightingResults:Error: Error Building00010 Object has overlapping UVs.
[2015.02.14-20.07.21:511][486]LightingResults: Info Building00010 Lightmap UV are overlapping by 99.8%. Please adjust content - Enable Error Coloring to visualize.
[2015.02.14-20.07.22:331][541]LightingResults:Error: Error Building00010 Object has wrapping UVs.
[2015.02.14-20.07.22:331][541]LightingResults:Error: Error Building00010 Object has overlapping UVs.
[2015.02.14-20.07.22:331][541]LightingResults: Info Building00010 Lightmap UV are overlapping by 99.8%. Please adjust content - Enable Error Coloring to visualize.
[2015.02.14-20.07.22:813][573]LightingResults:Error: Error Building00010 Object has wrapping UVs.
[2015.02.14-20.07.22:814][573]LightingResults:Error: Error Building00010 Object has overlapping UVs.
[2015.02.14-20.07.22:814][573]LightingResults: Info Building00010 Lightmap UV are overlapping by 99.8%. Please adjust content - Enable Error Coloring to visualize.
[2015.02.14-20.07.57:388][812]Job is a success!
[2015.02.14-20.07.57:388][812]LightingResults:Error: Error Building00010 Object has wrapping UVs.
[2015.02.14-20.07.57:388][812]LightingResults:Error: Error Building00010 Object has overlapping UVs.
[2015.02.14-20.07.57:388][812]LightingResults: Info Building00010 Lightmap UV are overlapping by 99.8%. Please adjust content - Enable Error Coloring to visualize.
[2015.02.14-20.07.57:388][812]LightingResults:Error: Error Building00010 Object has wrapping UVs.
[2015.02.14-20.07.57:388][812]LightingResults:Error: Error Building00010 Object has overlapping UVs.
[2015.02.14-20.07.57:388][812]LightingResults: Info Building00010 Lightmap UV are overlapping by 99.8%. Please adjust content - Enable Error Coloring to visualize.
[2015.02.14-20.07.58:206][813]LogTexture:Display: Building textures: HQ_Lightmap0_1 (AutoDXT)
[2015.02.14-20.07.58:238][813]LogTexture:Display: Building textures: LQ_Lightmap_1_81 (DXT1)
[2015.02.14-20.07.58:242][813]LogTexture:Display: Building textures: HQ_Lightmap0_81 (AutoDXT)
[2015.02.14-20.07.58:246][813]LogTexture:Display: Building textures: LQ_Lightmap_0_80 (DXT1)
[2015.02.14-20.07.58:249][813]LogTexture:Display: Building textures: HQ_Lightmap0_80 (AutoDXT)
[2015.02.14-20.07.58:260][813]LogTexture:Display: Building textures: LQ_Lightmap_0_79 (DXT1)
[2015.02.14-20.07.58:265][813]LogTexture:Display: Building textures: HQ_Lightmap0_79 (AutoDXT)
[2015.02.14-20.07.58:279][813]LogTexture:Display: Building textures: LQ_Lightmap_0_78 (DXT1)
[2015.02.14-20.07.58:285][813]LogTexture:Display: Building textures: HQ_Lightmap0_78 (AutoDXT)
[2015.02.14-20.07.58:297][813]LogTexture:Display: Building textures: LQ_Lightmap_0_77 (DXT1)
[2015.02.14-20.07.58:302][813]LogTexture:Display: Building textures: HQ_Lightmap0_77 (AutoDXT)
[2015.02.14-20.07.58:317][813]LogTexture:Display: Building textures: LQ_Lightmap_0_76 (DXT1)
[2015.02.14-20.07.58:321][813]LogTexture:Display: Building textures: HQ_Lightmap0_76 (AutoDXT)
[2015.02.14-20.07.58:332][813]LogTexture:Display: Building textures: LQ_Lightmap_0_75 (DXT1)
[2015.02.14-20.07.58:336][813]LogTexture:Display: Building textures: HQ_Lightmap0_75 (AutoDXT)
[2015.02.14-20.07.58:349][813]LogTexture:Display: Building textures: LQ_Lightmap_0_74 (DXT1)
[2015.02.14-20.07.58:353][813]LogTexture:Display: Building textures: HQ_Lightmap0_74 (AutoDXT)
[2015.02.14-20.07.58:364][813]LogTexture:Display: Building textures: LQ_Lightmap_0_73 (DXT1)
[2015.02.14-20.07.58:369][813]LogTexture:Display: Building textures: HQ_Lightmap0_73 (AutoDXT)
[2015.02.14-20.07.58:380][813]LogTexture:Display: Building textures: LQ_Lightmap_0_72 (DXT1)
[2015.02.14-20.07.58:383][813]LogTexture:Display: Building textures: HQ_Lightmap0_72 (AutoDXT)
[2015.02.14-20.07.58:395][813]LogTexture:Display: Building textures: LQ_Lightmap_0_71 (DXT1)
[2015.02.14-20.07.58:398][813]LogTexture:Display: Building textures: HQ_Lightmap0_71 (AutoDXT)
[2015.02.14-20.07.58:414][813]LogTexture:Display: Building textures: LQ_Lightmap_0_70 (DXT1)
[2015.02.14-20.07.58:418][813]LogTexture:Display: Building textures: HQ_Lightmap0_70 (AutoDXT)
[2015.02.14-20.07.58:432][813]LogTexture:Display: Building textures: LQ_Lightmap_0_69 (DXT1)
[2015.02.14-20.07.58:437][813]LogTexture:Display: Building textures: HQ_Lightmap0_69 (AutoDXT)
[2015.02.14-20.07.58:454][813]LogTexture:Display: Building textures: LQ_Lightmap_1_68 (DXT1)
[2015.02.14-20.07.58:459][813]LogTexture:Display: Building textures: HQ_Lightmap0_68 (AutoDXT)
[2015.02.14-20.07.58:473][813]LogTexture:Display: Building textures: LQ_Lightmap_0_67 (DXT1)
[2015.02.14-20.07.58:477][813]LogTexture:Display: Building textures: HQ_Lightmap0_67 (AutoDXT)
[2015.02.14-20.07.58:491][813]LogTexture:Display: Building textures: LQ_Lightmap_1_66 (DXT1)
[2015.02.14-20.07.58:495][813]LogTexture:Display: Building textures: HQ_Lightmap0_66 (AutoDXT)
[2015.02.14-20.07.58:512][813]LogTexture:Display: Building textures: LQ_Lightmap_0_65 (DXT1)
[2015.02.14-20.07.58:522][813]LogTexture:Display: Building textures: HQ_Lightmap0_65 (AutoDXT)
[2015.02.14-20.07.58:536][813]LogTexture:Display: Building textures: LQ_Lightmap_0_64 (DXT1)
[2015.02.14-20.07.58:548][813]LogTexture:Display: Building textures: HQ_Lightmap0_64 (AutoDXT)
[2015.02.14-20.07.58:565][813]LogTexture:Display: Building textures: LQ_Lightmap_0_63 (DXT1)
[2015.02.14-20.07.58:576][813]LogTexture:Display: Building textures: HQ_Lightmap0_63 (AutoDXT)
[2015.02.14-20.07.58:592][813]LogTexture:Display: Building textures: LQ_Lightmap_1_62 (DXT1)
[2015.02.14-20.07.58:603][813]LogTexture:Display: Building textures: HQ_Lightmap0_62 (AutoDXT)
[2015.02.14-20.07.58:618][813]LogTexture:Display: Building textures: LQ_Lightmap_0_61 (DXT1)
[2015.02.14-20.07.58:622][813]LogTexture:Display: Building textures: HQ_Lightmap0_61 (AutoDXT)
[2015.02.14-20.07.58:634][813]LogTexture:Display: Building textures: LQ_Lightmap_0_60 (DXT1)
[2015.02.14-20.07.58:645][813]LogTexture:Display: Building textures: HQ_Lightmap0_60 (AutoDXT)
[2015.02.14-20.07.58:661][813]LogTexture:Display: Building textures: LQ_Lightmap_0_59 (DXT1)
[2015.02.14-20.07.58:670][813]LogTexture:Display: Building textures: HQ_Lightmap0_59 (AutoDXT)
[2015.02.14-20.07.58:686][813]LogTexture:Display: Building textures: LQ_Lightmap_0_58 (DXT1)
[2015.02.14-20.07.58:697][813]LogTexture:Display: Building textures: HQ_Lightmap0_58 (AutoDXT)
[2015.02.14-20.07.58:738][813]LogTexture:Display: Building textures: LQ_Lightmap_0_57 (DXT1)
[2015.02.14-20.07.58:746][813]LogTexture:Display: Building textures: HQ_Lightmap0_57 (AutoDXT)
[2015.02.14-20.07.58:763][813]LogTexture:Display: Building textures: LQ_Lightmap_0_56 (DXT1)
[2015.02.14-20.07.58:770][813]LogTexture:Display: Building textures: HQ_Lightmap0_56 (AutoDXT)
[2015.02.14-20.07.58:785][813]LogTexture:Display: Building textures: LQ_Lightmap_0_55 (DXT1)
[2015.02.14-20.07.58:793][813]LogTexture:Display: Building textures: HQ_Lightmap0_55 (AutoDXT)
[2015.02.14-20.07.58:808][813]LogTexture:Display: Building textures: LQ_Lightmap_0_54 (DXT1)
[2015.02.14-20.07.58:819][813]LogTexture:Display: Building textures: HQ_Lightmap0_54 (AutoDXT)
[2015.02.14-20.07.58:835][813]LogTexture:Display: Building textures: LQ_Lightmap_0_53 (DXT1)
[2015.02.14-20.07.58:843][813]LogTexture:Display: Building textures: HQ_Lightmap0_53 (AutoDXT)
[2015.02.14-20.07.58:858][813]LogTexture:Display: Building textures: LQ_Lightmap_0_52 (DXT1)
[2015.02.14-20.07.58:865][813]LogTexture:Display: Building textures: HQ_Lightmap0_52 (AutoDXT)
[2015.02.14-20.07.58:879][813]LogTexture:Display: Building textures: LQ_Lightmap_0_51 (DXT1)
[2015.02.14-20.07.58:893][813]LogTexture:Display: Building textures: HQ_Lightmap0_51 (AutoDXT)
[2015.02.14-20.07.58:909][813]LogTexture:Display: Building textures: LQ_Lightmap_0_50 (DXT1)
[2015.02.14-20.07.58:924][813]LogTexture:Display: Building textures: HQ_Lightmap0_50 (AutoDXT)
[2015.02.14-20.07.58:940][813]LogTexture:Display: Building textures: LQ_Lightmap_0_49 (DXT1)
[2015.02.14-20.07.58:956][813]LogTexture:Display: Building textures: HQ_Lightmap0_49 (AutoDXT)
[2015.02.14-20.07.58:972][813]LogTexture:Display: Building textures: LQ_Lightmap_0_48 (DXT1)
[2015.02.14-20.07.58:987][813]LogTexture:Display: Building textures: HQ_Lightmap0_48 (AutoDXT)
[2015.02.14-20.07.59:003][813]LogTexture:Display: Building textures: LQ_Lightmap_0_47 (DXT1)
[2015.02.14-20.07.59:014][813]LogTexture:Display: Building textures: HQ_Lightmap0_47 (AutoDXT)
[2015.02.14-20.07.59:029][813]LogTexture:Display: Building textures: LQ_Lightmap_0_46 (DXT1)
[2015.02.14-20.07.59:045][813]LogTexture:Display: Building textures: HQ_Lightmap0_46 (AutoDXT)
[2015.02.14-20.07.59:061][813]LogTexture:Display: Building textures: LQ_Lightmap_0_45 (DXT1)
[2015.02.14-20.07.59:072][813]LogTexture:Display: Building textures: HQ_Lightmap0_45 (AutoDXT)
[2015.02.14-20.07.59:088][813]LogTexture:Display: Building textures: LQ_Lightmap_0_44 (DXT1)
[2015.02.14-20.07.59:100][813]LogTexture:Display: Building textures: HQ_Lightmap0_44 (AutoDXT)
[2015.02.14-20.07.59:116][813]LogTexture:Display: Building textures: LQ_Lightmap_0_43 (DXT1)
[2015.02.14-20.07.59:129][813]LogTexture:Display: Building textures: HQ_Lightmap0_43 (AutoDXT)
[2015.02.14-20.07.59:145][813]LogTexture:Display: Building textures: LQ_Lightmap_0_42 (DXT1)
[2015.02.14-20.07.59:159][813]LogTexture:Display: Building textures: HQ_Lightmap0_42 (AutoDXT)
[2015.02.14-20.07.59:175][813]LogTexture:Display: Building textures: LQ_Lightmap_0_41 (DXT1)
[2015.02.14-20.07.59:191][813]LogTexture:Display: Building textures: HQ_Lightmap0_41 (AutoDXT)
[2015.02.14-20.07.59:207][813]LogTexture:Display: Building textures: LQ_Lightmap_0_40 (DXT1)
[2015.02.14-20.07.59:220][813]LogTexture:Display: Building textures: HQ_Lightmap0_40 (AutoDXT)
[2015.02.14-20.07.59:236][813]LogTexture:Display: Building textures: LQ_Lightmap_0_39 (DXT1)
[2015.02.14-20.07.59:251][813]LogTexture:Display: Building textures: HQ_Lightmap0_39 (AutoDXT)
[2015.02.14-20.07.59:267][813]LogTexture:Display: Building textures: LQ_Lightmap_0_38 (DXT1)
[2015.02.14-20.07.59:281][813]LogTexture:Display: Building textures: HQ_Lightmap0_38 (AutoDXT)
[2015.02.14-20.07.59:297][813]LogTexture:Display: Building textures: LQ_Lightmap_0_37 (DXT1)
[2015.02.14-20.07.59:308][813]LogTexture:Display: Building textures: HQ_Lightmap0_37 (AutoDXT)
[2015.02.14-20.07.59:324][813]LogTexture:Display: Building textures: LQ_Lightmap_0_36 (DXT1)
[2015.02.14-20.07.59:336][813]LogTexture:Display: Building textures: HQ_Lightmap0_36 (AutoDXT)
[2015.02.14-20.07.59:352][813]LogTexture:Display: Building textures: LQ_Lightmap_0_35 (DXT1)
[2015.02.14-20.07.59:361][813]LogTexture:Display: Building textures: HQ_Lightmap0_35 (AutoDXT)
[2015.02.14-20.07.59:377][813]LogTexture:Display: Building textures: LQ_Lightmap_0_34 (DXT1)
[2015.02.14-20.07.59:387][813]LogTexture:Display: Building textures: HQ_Lightmap0_34 (AutoDXT)
[2015.02.14-20.07.59:402][813]LogTexture:Display: Building textures: LQ_Lightmap_0_33 (DXT1)
[2015.02.14-20.07.59:415][813]LogTexture:Display: Building textures: HQ_Lightmap0_33 (AutoDXT)
[2015.02.14-20.07.59:431][813]LogTexture:Display: Building textures: LQ_Lightmap_0_32 (DXT1)
[2015.02.14-20.07.59:444][813]LogTexture:Display: Building textures: HQ_Lightmap0_32 (AutoDXT)
[2015.02.14-20.07.59:461][813]LogTexture:Display: Building textures: LQ_Lightmap_0_31 (DXT1)
[2015.02.14-20.07.59:473][813]LogTexture:Display: Building textures: HQ_Lightmap0_31 (AutoDXT)
[2015.02.14-20.07.59:489][813]LogTexture:Display: Building textures: LQ_Lightmap_0_30 (DXT1)
[2015.02.14-20.07.59:502][813]LogTexture:Display: Building textures: HQ_Lightmap0_30 (AutoDXT)
[2015.02.14-20.07.59:518][813]LogTexture:Display: Building textures: LQ_Lightmap_0_29 (DXT1)
[2015.02.14-20.07.59:530][813]LogTexture:Display: Building textures: HQ_Lightmap0_29 (AutoDXT)
[2015.02.14-20.07.59:547][813]LogTexture:Display: Building textures: LQ_Lightmap_0_28 (DXT1)
[2015.02.14-20.07.59:558][813]LogTexture:Display: Building textures: HQ_Lightmap0_28 (AutoDXT)
[2015.02.14-20.07.59:573][813]LogTexture:Display: Building textures: LQ_Lightmap_0_27 (DXT1)
[2015.02.14-20.07.59:584][813]LogTexture:Display: Building textures: HQ_Lightmap0_27 (AutoDXT)
[2015.02.14-20.07.59:597][813]LogTexture:Display: Building textures: LQ_Lightmap_0_26 (DXT1)
[2015.02.14-20.07.59:610][813]LogTexture:Display: Building textures: HQ_Lightmap0_26 (AutoDXT)
[2015.02.14-20.07.59:626][813]LogTexture:Display: Building textures: LQ_Lightmap_0_25 (DXT1)
[2015.02.14-20.07.59:637][813]LogTexture:Display: Building textures: HQ_Lightmap0_25 (AutoDXT)
[2015.02.14-20.07.59:653][813]LogTexture:Display: Building textures: LQ_Lightmap_0_24 (DXT1)
[2015.02.14-20.07.59:667][813]LogTexture:Display: Building textures: HQ_Lightmap0_24 (AutoDXT)
[2015.02.14-20.07.59:682][813]LogTexture:Display: Building textures: LQ_Lightmap_0_23 (DXT1)
[2015.02.14-20.07.59:696][813]LogTexture:Display: Building textures: HQ_Lightmap0_23 (AutoDXT)
[2015.02.14-20.07.59:712][813]LogTexture:Display: Building textures: LQ_Lightmap_0_22 (DXT1)
[2015.02.14-20.07.59:726][813]LogTexture:Display: Building textures: HQ_Lightmap0_22 (AutoDXT)
[2015.02.14-20.07.59:742][813]LogTexture:Display: Building textures: LQ_Lightmap_0_21 (DXT1)
[2015.02.14-20.07.59:758][813]LogTexture:Display: Building textures: HQ_Lightmap0_21 (AutoDXT)
[2015.02.14-20.07.59:776][813]LogTexture:Display: Building textures: LQ_Lightmap_0_20 (DXT1)
[2015.02.14-20.07.59:789][813]LogTexture:Display: Building textures: HQ_Lightmap0_20 (AutoDXT)
[2015.02.14-20.07.59:805][813]LogTexture:Display: Building textures: LQ_Lightmap_0_19 (DXT1)
[2015.02.14-20.07.59:816][813]LogTexture:Display: Building textures: HQ_Lightmap0_19 (AutoDXT)
[2015.02.14-20.07.59:832][813]LogTexture:Display: Building textures: LQ_Lightmap_0_18 (DXT1)
[2015.02.14-20.07.59:839][813]LogTexture:Display: Building textures: HQ_Lightmap0_18 (AutoDXT)
[2015.02.14-20.07.59:854][813]LogTexture:Display: Building textures: LQ_Lightmap_0_17 (DXT1)
[2015.02.14-20.07.59:869][813]LogTexture:Display: Building textures: HQ_Lightmap0_17 (AutoDXT)
[2015.02.14-20.07.59:888][813]LogTexture:Display: Building textures: LQ_Lightmap_0_16 (DXT1)
[2015.02.14-20.07.59:905][813]LogTexture:Display: Building textures: HQ_Lightmap0_16 (AutoDXT)
[2015.02.14-20.07.59:921][813]LogTexture:Display: Building textures: LQ_Lightmap_0_15 (DXT1)
[2015.02.14-20.07.59:934][813]LogTexture:Display: Building textures: HQ_Lightmap0_15 (AutoDXT)
[2015.02.14-20.07.59:950][813]LogTexture:Display: Building textures: LQ_Lightmap_0_14 (DXT1)
[2015.02.14-20.07.59:962][813]LogTexture:Display: Building textures: HQ_Lightmap0_14 (AutoDXT)
[2015.02.14-20.07.59:978][813]LogTexture:Display: Building textures: LQ_Lightmap_0_13 (DXT1)
[2015.02.14-20.07.59:989][813]LogTexture:Display: Building textures: HQ_Lightmap0_13 (AutoDXT)
[2015.02.14-20.08.00:005][813]LogTexture:Display: Building textures: LQ_Lightmap_0_12 (DXT1)
[2015.02.14-20.08.00:017][813]LogTexture:Display: Building textures: HQ_Lightmap0_12 (AutoDXT)
[2015.02.14-20.08.00:033][813]LogTexture:Display: Building textures: LQ_Lightmap_0_11 (DXT1)
[2015.02.14-20.08.00:049][813]LogTexture:Display: Building textures: HQ_Lightmap0_11 (AutoDXT)
[2015.02.14-20.08.00:065][813]LogTexture:Display: Building textures: LQ_Lightmap_0_10 (DXT1)
[2015.02.14-20.08.00:076][813]LogTexture:Display: Building textures: HQ_Lightmap0_10 (AutoDXT)
[2015.02.14-20.08.00:092][813]LogTexture:Display: Building textures: LQ_Lightmap_0_9 (DXT1)
[2015.02.14-20.08.00:103][813]LogTexture:Display: Building textures: HQ_Lightmap0_9 (AutoDXT)
[2015.02.14-20.08.00:119][813]LogTexture:Display: Building textures: LQ_Lightmap_0_8 (DXT1)
[2015.02.14-20.08.00:125][813]LogTexture:Display: Building textures: HQ_Lightmap0_8 (AutoDXT)
[2015.02.14-20.08.00:139][813]LogTexture:Display: Building textures: LQ_Lightmap_0_7 (DXT1)
[2015.02.14-20.08.00:148][813]LogTexture:Display: Building textures: HQ_Lightmap0_7 (AutoDXT)
[2015.02.14-20.08.00:165][813]LogTexture:Display: Building textures: LQ_Lightmap_1_6 (DXT1)
[2015.02.14-20.08.00:177][813]LogTexture:Display: Building textures: HQ_Lightmap0_6 (AutoDXT)
[2015.02.14-20.08.00:194][813]LogTexture:Display: Building textures: LQ_Lightmap_0_5 (DXT1)
[2015.02.14-20.08.00:207][813]LogTexture:Display: Building textures: HQ_Lightmap0_5 (AutoDXT)
[2015.02.14-20.08.00:225][813]LogTexture:Display: Building textures: LQ_Lightmap_0_4 (DXT1)
[2015.02.14-20.08.00:237][813]LogTexture:Display: Building textures: HQ_Lightmap0_4 (AutoDXT)
[2015.02.14-20.08.00:256][813]LogTexture:Display: Building textures: LQ_Lightmap_0_3 (DXT1)
[2015.02.14-20.08.00:267][813]LogTexture:Display: Building textures: HQ_Lightmap0_3 (AutoDXT)
[2015.02.14-20.08.00:283][813]LogTexture:Display: Building textures: LQ_Lightmap_0_2 (DXT1)
[2015.02.14-20.08.00:295][813]LogTexture:Display: Building textures: HQ_Lightmap0_2 (AutoDXT)
[2015.02.14-20.08.00:311][813]LogTexture:Display: Building textures: LQ_Lightmap_0_1 (DXT1)
[2015.02.14-20.08.00:325][813]LogTexture:Display: Building textures: ShadowMapTexture2D_0 (BGRA8)
[2015.02.14-20.08.00:328][813]LogTexture:Display: Building textures: ShadowMapTexture2D_1 (BGRA8)
[2015.02.14-20.08.00:331][813]LogTexture:Display: Building textures: ShadowMapTexture2D_2 (BGRA8)
[2015.02.14-20.08.00:335][813]LogTexture:Display: Building textures: ShadowMapTexture2D_3 (BGRA8)
[2015.02.14-20.08.00:338][813]LogTexture:Display: Building textures: ShadowMapTexture2D_4 (BGRA8)
[2015.02.14-20.08.00:341][813]LogTexture:Display: Building textures: ShadowMapTexture2D_5 (BGRA8)
[2015.02.14-20.08.00:345][813]LogTexture:Display: Building textures: ShadowMapTexture2D_6 (BGRA8)
[2015.02.14-20.08.00:349][813]LogTexture:Display: Building textures: ShadowMapTexture2D_7 (BGRA8)
[2015.02.14-20.08.00:353][813]LogTexture:Display: Building textures: ShadowMapTexture2D_8 (BGRA8)
[2015.02.14-20.08.00:357][813]LogTexture:Display: Building textures: ShadowMapTexture2D_9 (BGRA8)
[2015.02.14-20.08.00:360][813]LogTexture:Display: Building textures: ShadowMapTexture2D_10 (BGRA8)
[2015.02.14-20.08.00:364][813]LogTexture:Display: Building textures: ShadowMapTexture2D_11 (BGRA8)
[2015.02.14-20.08.00:369][813]LogTexture:Display: Building textures: ShadowMapTexture2D_12 (BGRA8)
[2015.02.14-20.08.00:373][813]LogTexture:Display: Building textures: ShadowMapTexture2D_13 (BGRA8)
[2015.02.14-20.08.00:376][813]LogTexture:Display: Building textures: ShadowMapTexture2D_14 (BGRA8)
[2015.02.14-20.08.00:380][813]LogTexture:Display: Building textures: ShadowMapTexture2D_15 (BGRA8)
[2015.02.14-20.08.00:383][813]LogTexture:Display: Building textures: ShadowMapTexture2D_16 (BGRA8)
[2015.02.14-20.08.00:387][813]LogTexture:Display: Building textures: ShadowMapTexture2D_17 (BGRA8)
[2015.02.14-20.08.00:391][813]LogTexture:Display: Building textures: ShadowMapTexture2D_18 (BGRA8)
[2015.02.14-20.08.00:395][813]LogTexture:Display: Building textures: ShadowMapTexture2D_19 (BGRA8)
[2015.02.14-20.08.00:398][813]LogTexture:Display: Building textures: ShadowMapTexture2D_20 (BGRA8)
[2015.02.14-20.08.00:402][813]LogTexture:Display: Building textures: ShadowMapTexture2D_21 (BGRA8)
[2015.02.14-20.08.00:406][813]LogTexture:Display: Building textures: ShadowMapTexture2D_22 (BGRA8)
[2015.02.14-20.08.00:410][813]LogTexture:Display: Building textures: ShadowMapTexture2D_23 (BGRA8)
[2015.02.14-20.08.00:414][813]LogTexture:Display: Building textures: ShadowMapTexture2D_24 (BGRA8)
[2015.02.14-20.08.00:418][813]LogTexture:Display: Building textures: ShadowMapTexture2D_25 (BGRA8)
[2015.02.14-20.08.00:421][813]LogTexture:Display: Building textures: ShadowMapTexture2D_26 (BGRA8)
[2015.02.14-20.08.00:426][813]LogTexture:Display: Building textures: ShadowMapTexture2D_27 (BGRA8)
[2015.02.14-20.08.00:433][813]LogTexture:Display: Building textures: ShadowMapTexture2D_28 (BGRA8)
[2015.02.14-20.08.00:440][813]LogTexture:Display: Building textures: ShadowMapTexture2D_29 (BGRA8)
[2015.02.14-20.08.00:444][813]LogTexture:Display: Building textures: ShadowMapTexture2D_30 (BGRA8)
[2015.02.14-20.08.00:448][813]LogTexture:Display: Building textures: ShadowMapTexture2D_31 (BGRA8)
[2015.02.14-20.08.00:453][813]LogTexture:Display: Building textures: ShadowMapTexture2D_32 (BGRA8)
[2015.02.14-20.08.00:457][813]LogTexture:Display: Building textures: ShadowMapTexture2D_33 (BGRA8)
[2015.02.14-20.08.00:460][813]LogTexture:Display: Building textures: ShadowMapTexture2D_34 (BGRA8)
[2015.02.14-20.08.00:464][813]LogTexture:Display: Building textures: ShadowMapTexture2D_35 (BGRA8)
[2015.02.14-20.08.00:468][813]LogTexture:Display: Building textures: ShadowMapTexture2D_36 (BGRA8)
[2015.02.14-20.08.00:472][813]LogTexture:Display: Building textures: ShadowMapTexture2D_37 (BGRA8)
[2015.02.14-20.08.00:476][813]LogTexture:Display: Building textures: ShadowMapTexture2D_38 (BGRA8)
[2015.02.14-20.08.00:480][813]LogTexture:Display: Building textures: ShadowMapTexture2D_39 (BGRA8)
[2015.02.14-20.08.00:484][813]LogTexture:Display: Building textures: ShadowMapTexture2D_40 (BGRA8)
[2015.02.14-20.08.00:488][813]LogTexture:Display: Building textures: ShadowMapTexture2D_41 (BGRA8)
[2015.02.14-20.08.00:492][813]LogTexture:Display: Building textures: ShadowMapTexture2D_42 (BGRA8)
[2015.02.14-20.08.00:496][813]LogTexture:Display: Building textures: ShadowMapTexture2D_43 (BGRA8)
[2015.02.14-20.08.00:500][813]LogTexture:Display: Building textures: ShadowMapTexture2D_44 (BGRA8)
[2015.02.14-20.08.00:504][813]LogTexture:Display: Building textures: ShadowMapTexture2D_45 (BGRA8)
[2015.02.14-20.08.00:508][813]LogTexture:Display: Building textures: ShadowMapTexture2D_46 (BGRA8)
[2015.02.14-20.08.00:511][813]LogTexture:Display: Building textures: ShadowMapTexture2D_47 (BGRA8)
[2015.02.14-20.08.00:515][813]LogTexture:Display: Building textures: ShadowMapTexture2D_48 (BGRA8)
[2015.02.14-20.08.00:518][813]LogTexture:Display: Building textures: ShadowMapTexture2D_49 (BGRA8)
[2015.02.14-20.08.00:522][813]LogTexture:Display: Building textures: ShadowMapTexture2D_50 (BGRA8)
[2015.02.14-20.08.00:526][813]LogTexture:Display: Building textures: ShadowMapTexture2D_51 (BGRA8)
[2015.02.14-20.08.00:530][813]LogTexture:Display: Building textures: ShadowMapTexture2D_52 (BGRA8)
[2015.02.14-20.08.00:533][813]LogTexture:Display: Building textures: ShadowMapTexture2D_53 (BGRA8)
[2015.02.14-20.08.00:537][813]LogTexture:Display: Building textures: ShadowMapTexture2D_54 (BGRA8)
[2015.02.14-20.08.00:540][813]LogTexture:Display: Building textures: ShadowMapTexture2D_55 (BGRA8)
[2015.02.14-20.08.00:544][813]LogTexture:Display: Building textures: ShadowMapTexture2D_56 (BGRA8)
[2015.02.14-20.08.00:548][813]LogTexture:Display: Building textures: ShadowMapTexture2D_57 (BGRA8)
[2015.02.14-20.08.00:552][813]LogTexture:Display: Building textures: ShadowMapTexture2D_58 (BGRA8)
[2015.02.14-20.08.00:556][813]LogTexture:Display: Building textures: ShadowMapTexture2D_59 (BGRA8)
[2015.02.14-20.08.00:560][813]LogTexture:Display: Building textures: ShadowMapTexture2D_60 (BGRA8)
[2015.02.14-20.08.00:563][813]LogTexture:Display: Building textures: ShadowMapTexture2D_61 (BGRA8)
[2015.02.14-20.08.00:567][813]LogTexture:Display: Building textures: ShadowMapTexture2D_62 (BGRA8)
[2015.02.14-20.08.00:571][813]LogTexture:Display: Building textures: ShadowMapTexture2D_63 (BGRA8)
[2015.02.14-20.08.00:574][813]LogTexture:Display: Building textures: ShadowMapTexture2D_64 (BGRA8)
[2015.02.14-20.08.00:578][813]LogTexture:Display: Building textures: ShadowMapTexture2D_65 (BGRA8)
[2015.02.14-20.08.00:581][813]LogTexture:Display: Building textures: ShadowMapTexture2D_66 (BGRA8)
[2015.02.14-20.08.00:585][813]LogTexture:Display: Building textures: ShadowMapTexture2D_67 (BGRA8)
[2015.02.14-20.08.00:588][813]LogTexture:Display: Building textures: ShadowMapTexture2D_68 (BGRA8)
[2015.02.14-20.08.00:592][813]LogTexture:Display: Building textures: ShadowMapTexture2D_69 (BGRA8)
[2015.02.14-20.08.00:595][813]LogTexture:Display: Building textures: ShadowMapTexture2D_70 (BGRA8)
[2015.02.14-20.08.00:599][813]LogTexture:Display: Building textures: ShadowMapTexture2D_71 (BGRA8)
[2015.02.14-20.08.00:602][813]LogTexture:Display: Building textures: ShadowMapTexture2D_72 (BGRA8)
[2015.02.14-20.08.00:605][813]LogTexture:Display: Building textures: ShadowMapTexture2D_73 (BGRA8)
[2015.02.14-20.08.00:609][813]LogTexture:Display: Building textures: ShadowMapTexture2D_74 (BGRA8)
[2015.02.14-20.08.00:614][813]LogTexture:Display: Building textures: ShadowMapTexture2D_75 (BGRA8)
[2015.02.14-20.08.00:617][813]LogTexture:Display: Building textures: ShadowMapTexture2D_76 (BGRA8)
[2015.02.14-20.08.00:621][813]LogTexture:Display: Building textures: ShadowMapTexture2D_77 (BGRA8)
[2015.02.14-20.08.00:624][813]LogTexture:Display: Building textures: ShadowMapTexture2D_78 (BGRA8)
[2015.02.14-20.08.00:628][813]LogTexture:Display: Building textures: ShadowMapTexture2D_79 (BGRA8)
[2015.02.14-20.08.00:630][813]LogTexture:Display: Building textures: ShadowMapTexture2D_80 (BGRA8)
[2015.02.14-20.08.00:679][813]Lightmass on JOSEPH-PC: 1:40 min total, 457 ms importing, 3.56 sec setup, 7.51 sec photons, 1:28 min processing, 0 ms extra exporting [81/81 mappings]. Threads: 10:21 min total, 6:28 min processing.
[2015.02.14-20.08.00:713][813]LogStaticLightingSystem:Warning: Illumination: 1:45 min (2.53 sec encoding lightmaps)
[2015.02.14-20.08.00:713][813]LogStaticLightingSystem: Lightmap texture memory:  1.7 MB (1.7 MB streaming, 0.0 MB non-streaming), 162 textures
[2015.02.14-20.08.00:713][813]LogStaticLightingSystem: Shadowmap texture memory: 0.0 MB (0.0 MB streaming, 0.0 MB non-streaming), 81 textures
[2015.02.14-20.08.01:179][814]Cmd: UpdateLandscapeEditorData
[2015.02.14-20.08.01:179][814]Cmd: MAP CHECK NOTIFYRESULTS
[2015.02.14-20.08.01:179][814]MapCheck: New page: Example_Map - Feb 14, 2015, 4:08:01 AM
[2015.02.14-20.08.01:278][814]MapCheck: Info Map check complete: 0 Error(s), 0 Warning(s), took 98.504ms to complete.
[2015.02.14-20.08.06:431][188]LogTexture:Warning: Failed to stream mip data from the derived data cache for /Game/Maps/Example_Map.HQ_Lightmap1_55. Streaming mips will be recached.
[2015.02.14-20.08.06:435][188]LogTexture:Display: Building textures: HQ_Lightmap1_55 (AutoDXT)
[2015.02.14-20.08.08:047][318]LogTexture:Warning: Failed to stream mip data from the derived data cache for /Game/Maps/Example_Map.HQ_Lightmap1_6. Streaming mips will be recached.
[2015.02.14-20.08.08:051][318]LogTexture:Display: Building textures: HQ_Lightmap1_6 (AutoDXT)
[2015.02.14-20.08.08:134][323]LogTexture:Warning: Failed to stream mip data from the derived data cache for /Game/Maps/Example_Map.HQ_Lightmap1_24. Streaming mips will be recached.
[2015.02.14-20.08.08:138][323]LogTexture:Display: Building textures: HQ_Lightmap1_24 (AutoDXT)
[2015.02.14-20.08.08:217][328]LogTexture:Warning: Failed to stream mip data from the derived data cache for /Game/Maps/Example_Map.HQ_Lightmap1_33. Streaming mips will be recached.
[2015.02.14-20.08.08:223][328]LogTexture:Display: Building textures: HQ_Lightmap1_33 (AutoDXT)
[2015.02.14-20.08.08:302][333]LogTexture:Warning: Failed to stream mip data from the derived data cache for /Game/Maps/Example_Map.HQ_Lightmap1_50. Streaming mips will be recached.
[2015.02.14-20.08.08:306][333]LogTexture:Display: Building textures: HQ_Lightmap1_50 (AutoDXT)
[2015.02.14-20.08.08:507][348]LogTexture:Warning: Failed to stream mip data from the derived data cache for /Game/Maps/Example_Map.HQ_Lightmap1_25. Streaming mips will be recached.
[2015.02.14-20.08.08:512][348]LogTexture:Display: Building textures: HQ_Lightmap1_25 (AutoDXT)
[2015.02.14-20.08.08:527][348]LogTexture:Warning: Failed to stream mip data from the derived data cache for /Game/Maps/Example_Map.HQ_Lightmap1_16. Streaming mips will be recached.
[2015.02.14-20.08.08:527][348]LogTexture:Display: Building textures: HQ_Lightmap1_16 (AutoDXT)
[2015.02.14-20.08.08:794][368]LogTexture:Warning: Failed to stream mip data from the derived data cache for /Game/Maps/Example_Map.HQ_Lightmap1_42. Streaming mips will be recached.
[2015.02.14-20.08.08:798][368]LogTexture:Display: Building textures: HQ_Lightmap1_42 (AutoDXT)
[2015.02.14-20.08.09:425][418]LogTexture:Warning: Failed to stream mip data from the derived data cache for /Game/Maps/Example_Map.HQ_Lightmap1_66. Streaming mips will be recached.
[2015.02.14-20.08.09:429][418]LogTexture:Display: Building textures: HQ_Lightmap1_66 (AutoDXT)
[2015.02.14-20.08.09:575][428]LogTexture:Warning: Failed to stream mip data from the derived data cache for /Game/Maps/Example_Map.HQ_Lightmap1_7. Streaming mips will be recached.
[2015.02.14-20.08.09:580][428]LogTexture:Display: Building textures: HQ_Lightmap1_7 (AutoDXT)
[2015.02.14-20.08.09:720][438]LogTexture:Warning: Failed to stream mip data from the derived data cache for /Game/Maps/Example_Map.HQ_Lightmap1_26. Streaming mips will be recached.
[2015.02.14-20.08.09:724][438]LogTexture:Display: Building textures: HQ_Lightmap1_26 (AutoDXT)
[2015.02.14-20.08.10:719][518]LogTexture:Warning: Failed to stream mip data from the derived data cache for /Game/Maps/Example_Map.HQ_Lightmap1_34. Streaming mips will be recached.
[2015.02.14-20.08.10:723][518]LogTexture:Display: Building textures: HQ_Lightmap1_34 (AutoDXT)
[2015.02.14-20.08.10:739][518]LogTexture:Warning: Failed to stream mip data from the derived data cache for /Game/Maps/Example_Map.HQ_Lightmap1_56. Streaming mips will be recached.
[2015.02.14-20.08.10:739][518]LogTexture:Display: Building textures: HQ_Lightmap1_56 (AutoDXT)
[2015.02.14-20.08.10:816][523]LogTexture:Warning: Failed to stream mip data from the derived data cache for /Game/Maps/Example_Map.HQ_Lightmap1_51. Streaming mips will be recached.
[2015.02.14-20.08.10:820][523]LogTexture:Display: Building textures: HQ_Lightmap1_51 (AutoDXT)
[2015.02.14-20.08.10:836][523]LogTexture:Warning: Failed to stream mip data from the derived data cache for /Game/Maps/Example_Map.HQ_Lightmap1_57. Streaming mips will be recached.
[2015.02.14-20.08.10:836][523]LogTexture:Display: Building textures: HQ_Lightmap1_57 (AutoDXT)
[2015.02.14-20.08.14:897][848]LogTexture:Warning: Failed to stream mip data from the derived data cache for /Game/Maps/Example_Map.HQ_Lightmap1_17. Streaming mips will be recached.
[2015.02.14-20.08.14:901][848]LogTexture:Display: Building textures: HQ_Lightmap1_17 (AutoDXT)
[2015.02.14-20.08.16:659][988]LogTexture:Warning: Failed to stream mip data from the derived data cache for /Game/Maps/Example_Map.HQ_Lightmap1_43. Streaming mips will be recached.
[2015.02.14-20.08.16:663][988]LogTexture:Display: Building textures: HQ_Lightmap1_43 (AutoDXT)
[2015.02.14-20.08.16:802][998]LogTexture:Warning: Failed to stream mip data from the derived data cache for /Game/Maps/Example_Map.HQ_Lightmap1_36. Streaming mips will be recached.
[2015.02.14-20.08.16:806][998]LogTexture:Display: Building textures: HQ_Lightmap1_36 (AutoDXT)
[2015.02.14-20.08.17:004][ 13]LogTexture:Warning: Failed to stream mip data from the derived data cache for /Game/Maps/Example_Map.HQ_Lightmap1_59. Streaming mips will be recached.
[2015.02.14-20.08.17:008][ 13]LogTexture:Display: Building textures: HQ_Lightmap1_59 (AutoDXT)
[2015.02.14-20.08.17:084][ 18]LogTexture:Warning: Failed to stream mip data from the derived data cache for /Game/Maps/Example_Map.HQ_Lightmap1_27. Streaming mips will be recached.
[2015.02.14-20.08.17:088][ 18]LogTexture:Display: Building textures: HQ_Lightmap1_27 (AutoDXT)
[2015.02.14-20.08.17:103][ 18]LogTexture:Warning: Failed to stream mip data from the derived data cache for /Game/Maps/Example_Map.HQ_Lightmap1_35. Streaming mips will be recached.
[2015.02.14-20.08.17:104][ 18]LogTexture:Display: Building textures: HQ_Lightmap1_35 (AutoDXT)
[2015.02.14-20.08.17:119][ 18]LogTexture:Warning: Failed to stream mip data from the derived data cache for /Game/Maps/Example_Map.HQ_Lightmap1_52. Streaming mips will be recached.
[2015.02.14-20.08.17:119][ 18]LogTexture:Display: Building textures: HQ_Lightmap1_52 (AutoDXT)
[2015.02.14-20.08.17:134][ 18]LogTexture:Warning: Failed to stream mip data from the derived data cache for /Game/Maps/Example_Map.HQ_Lightmap1_8. Streaming mips will be recached.
[2015.02.14-20.08.17:134][ 18]LogTexture:Display: Building textures: HQ_Lightmap1_8 (AutoDXT)
[2015.02.14-20.08.17:269][ 28]LogTexture:Warning: Failed to stream mip data from the derived data cache for /Game/Maps/Example_Map.HQ_Lightmap1_44. Streaming mips will be recached.
[2015.02.14-20.08.17:273][ 28]LogTexture:Display: Building textures: HQ_Lightmap1_44 (AutoDXT)
[2015.02.14-20.08.17:289][ 28]LogTexture:Warning: Failed to stream mip data from the derived data cache for /Game/Maps/Example_Map.HQ_Lightmap1_18. Streaming mips will be recached.
[2015.02.14-20.08.17:289][ 28]LogTexture:Display: Building textures: HQ_Lightmap1_18 (AutoDXT)
[2015.02.14-20.08.17:425][ 38]LogTexture:Warning: Failed to stream mip data from the derived data cache for /Game/Maps/Example_Map.HQ_Lightmap1_47. Streaming mips will be recached.
[2015.02.14-20.08.17:430][ 38]LogTexture:Display: Building textures: HQ_Lightmap1_47 (AutoDXT)
[2015.02.14-20.08.17:568][ 48]LogTexture:Warning: Failed to stream mip data from the derived data cache for /Game/Maps/Example_Map.HQ_Lightmap1_60. Streaming mips will be recached.
[2015.02.14-20.08.17:571][ 48]LogTexture:Display: Building textures: HQ_Lightmap1_60 (AutoDXT)
[2015.02.14-20.08.17:648][ 53]LogTexture:Warning: Failed to stream mip data from the derived data cache for /Game/Maps/Example_Map.HQ_Lightmap1_9. Streaming mips will be recached.
[2015.02.14-20.08.17:651][ 53]LogTexture:Display: Building textures: HQ_Lightmap1_9 (AutoDXT)
[2015.02.14-20.08.17:728][ 58]LogTexture:Warning: Failed to stream mip data from the derived data cache for /Game/Maps/Example_Map.HQ_Lightmap1_53. Streaming mips will be recached.
[2015.02.14-20.08.17:732][ 58]LogTexture:Display: Building textures: HQ_Lightmap1_53 (AutoDXT)
[2015.02.14-20.08.17:928][ 73]LogTexture:Warning: Failed to stream mip data from the derived data cache for /Game/Maps/Example_Map.HQ_Lightmap1_58. Streaming mips will be recached.
[2015.02.14-20.08.17:932][ 73]LogTexture:Display: Building textures: HQ_Lightmap1_58 (AutoDXT)
[2015.02.14-20.08.18:495][118]LogTexture:Warning: Failed to stream mip data from the derived data cache for /Game/Maps/Example_Map.HQ_Lightmap1_1. Streaming mips will be recached.
[2015.02.14-20.08.18:499][118]LogTexture:Display: Building textures: HQ_Lightmap1_1 (AutoDXT)
[2015.02.14-20.08.18:950][153]LogTexture:Warning: Failed to stream mip data from the derived data cache for /Game/Maps/Example_Map.HQ_Lightmap1_69. Streaming mips will be recached.
[2015.02.14-20.08.18:954][153]LogTexture:Display: Building textures: HQ_Lightmap1_69 (AutoDXT)
[2015.02.14-20.08.19:834][223]LogTexture:Warning: Failed to stream mip data from the derived data cache for /Game/Maps/Example_Map.HQ_Lightmap1_63. Streaming mips will be recached.
[2015.02.14-20.08.19:838][223]LogTexture:Display: Building textures: HQ_Lightmap1_63 (AutoDXT)
[2015.02.14-20.08.21:409][348]LogTexture:Warning: Failed to stream mip data from the derived data cache for /Game/Maps/Example_Map.HQ_Lightmap1_62. Streaming mips will be recached.
[2015.02.14-20.08.21:413][348]LogTexture:Display: Building textures: HQ_Lightmap1_62 (AutoDXT)
[2015.02.14-20.08.22:044][398]LogTexture:Warning: Failed to stream mip data from the derived data cache for /Game/Maps/Example_Map.HQ_Lightmap1_15. Streaming mips will be recached.
[2015.02.14-20.08.22:048][398]LogTexture:Display: Building textures: HQ_Lightmap1_15 (AutoDXT)
[2015.02.14-20.08.23:814][538]LogTexture:Warning: Failed to stream mip data from the derived data cache for /Game/Maps/Example_Map.HQ_Lightmap1_5. Streaming mips will be recached.
[2015.02.14-20.08.23:818][538]LogTexture:Display: Building textures: HQ_Lightmap1_5 (AutoDXT)
[2015.02.14-20.08.25:772][653]LogEditorViewport: Clicking on Actor (LMB): LightmassImportanceVolume (LightmassImportanceVolume)
[2015.02.14-20.08.34:213][361]Cmd: OBJ SAVEPACKAGE PACKAGE="/Game/Maps/Example_Map" FILE="../../../../../../Users/Joseph/documents/Unreal Projects/Zeke/Content/Maps/Example_Map.umap" SILENT=true AUTOSAVING=false KEEPDIRTY=false
[2015.02.14-20.08.35:094][361]LogSavePackage: Save=845.731995ms
[2015.02.14-20.08.35:094][361]LogSavePackage: Moving '../../../../../../Users/Joseph/documents/Unreal Projects/Zeke/Saved/Example_Map142950224AA18A9DA80FB6B37FA0934F.tmp' to '../../../../../../Users/Joseph/documents/Unreal Projects/Zeke/Content/Maps/Example_Map.umap'
[2015.02.14-20.08.35:412][383]LogTexture:Warning: Failed to stream mip data from the derived data cache for /Game/Maps/Example_Map.HQ_Lightmap1_21. Streaming mips will be recached.
[2015.02.14-20.08.35:433][383]LogTexture:Display: Building textures: HQ_Lightmap1_21 (AutoDXT)
[2015.02.14-20.08.35:449][383]LogTexture:Warning: Failed to stream mip data from the derived data cache for /Game/Maps/Example_Map.HQ_Lightmap1_22. Streaming mips will be recached.
[2015.02.14-20.08.35:449][383]LogTexture:Display: Building textures: HQ_Lightmap1_22 (AutoDXT)
[2015.02.14-20.08.35:464][383]LogTexture:Warning: Failed to stream mip data from the derived data cache for /Game/Maps/Example_Map.HQ_Lightmap1_30. Streaming mips will be recached.
[2015.02.14-20.08.35:465][383]LogTexture:Display: Building textures: HQ_Lightmap1_30 (AutoDXT)
[2015.02.14-20.08.35:480][383]LogTexture:Warning: Failed to stream mip data from the derived data cache for /Game/Maps/Example_Map.HQ_Lightmap1_31. Streaming mips will be recached.
[2015.02.14-20.08.35:480][383]LogTexture:Display: Building textures: HQ_Lightmap1_31 (AutoDXT)
[2015.02.14-20.08.35:954][421]LogContentBrowser:Verbose: The content browser source was changed by the sources view to '/Game/Zeke'
[2015.02.14-20.08.39:138][723]LogContentBrowser:Verbose: The content browser source was changed by the sources view to '/Game'
[2015.02.14-20.08.42:744][ 13]Cmd: QUIT_EDITOR
[2015.02.14-20.08.43:100][ 13]LogExit: Preparing to exit.
[2015.02.14-20.08.43:970][ 13]LogExit: Editor shut down
[2015.02.14-20.08.43:971][ 13]LogExit: Transaction tracking system shut down
[2015.02.14-20.08.43:972][ 13]LogParticles: Destroying 0 GPU particle simulations for FXSystem 0x00000000107CADE0
[2015.02.14-20.08.43:974][ 13]LogParticles: Destroying 0 GPU particle simulations for FXSystem 0x000000002457B2E0
[2015.02.14-20.08.43:974][ 13]LogParticles: Destroying 0 GPU particle simulations for FXSystem 0x000000002457AF20
[2015.02.14-20.08.44:012][ 13]LogExit: Object subsystem successfully closed.
[2015.02.14-20.08.44:064][ 13]LogModuleManager: Shutting down and abandoning module StaticMeshEditor (173)
[2015.02.14-20.08.44:064][ 13]LogModuleManager: Shutting down and abandoning module AndroidDeviceDetection (172)
[2015.02.14-20.08.44:064][ 13]LogModuleManager: Shutting down and abandoning module CrashTracker (171)
[2015.02.14-20.08.44:064][ 13]LogModuleManager: Shutting down and abandoning module SuperSearch (170)
[2015.02.14-20.08.44:064][ 13]LogModuleManager: Shutting down and abandoning module SceneOutliner (169)
[2015.02.14-20.08.44:064][ 13]LogModuleManager: Shutting down and abandoning module EditorWidgets (168)
[2015.02.14-20.08.44:064][ 13]LogModuleManager: Shutting down and abandoning module CollectionManager (167)
[2015.02.14-20.08.44:078][ 13]LogModuleManager: Shutting down and abandoning module StatsViewer (166)
[2015.02.14-20.08.44:078][ 13]LogModuleManager: Shutting down and abandoning module FoliageEdit (165)
[2015.02.14-20.08.44:078][ 13]LogModuleManager: Shutting down and abandoning module LandscapeEditor (164)
[2015.02.14-20.08.44:078][ 13]LogModuleManager: Shutting down and abandoning module MeshPaint (163)
[2015.02.14-20.08.44:078][ 13]LogModuleManager: Shutting down and abandoning module ActorPickerMode (162)
[2015.02.14-20.08.44:078][ 13]LogModuleManager: Shutting down and abandoning module GeometryMode (161)
[2015.02.14-20.08.44:078][ 13]LogModuleManager: Shutting down and abandoning module TextureAlignMode (160)
[2015.02.14-20.08.44:078][ 13]LogModuleManager: Shutting down and abandoning module BspMode (159)
[2015.02.14-20.08.44:078][ 13]LogModuleManager: Shutting down and abandoning module PlacementMode (158)
[2015.02.14-20.08.44:078][ 13]LogModuleManager: Shutting down and abandoning module AutomationWorker (157)
[2015.02.14-20.08.44:078][ 13]LogModuleManager: Shutting down and abandoning module CharacterAI (156)
[2015.02.14-20.08.44:078][ 13]LogModuleManager: Shutting down and abandoning module GameProjectGeneration (155)
[2015.02.14-20.08.44:078][ 13]LogModuleManager: Shutting down and abandoning module IntroTutorials (154)
[2015.02.14-20.08.44:078][ 13]LogModuleManager: Shutting down and abandoning module EditorLiveStreaming (153)
[2015.02.14-20.08.44:078][ 13]LogModuleManager: Shutting down and abandoning module HardwareTargeting (152)
[2015.02.14-20.08.44:078][ 13]LogModuleManager: Shutting down and abandoning module DeviceProfileEditor (151)
[2015.02.14-20.08.44:078][ 13]LogModuleManager: Shutting down and abandoning module UndoHistory (150)
[2015.02.14-20.08.44:078][ 13]LogModuleManager: Shutting down and abandoning module GameplayTagsEditor (149)
[2015.02.14-20.08.44:078][ 13]LogModuleManager: Shutting down and abandoning module UserFeedback (148)
[2015.02.14-20.08.44:078][ 13]LogModuleManager: Shutting down and abandoning module XmlParser (147)
[2015.02.14-20.08.44:078][ 13]LogModuleManager: Shutting down and abandoning module Blutility (146)
[2015.02.14-20.08.44:078][ 13]LogModuleManager: Shutting down and abandoning module IOSPlatformEditor (145)
[2015.02.14-20.08.44:078][ 13]LogModuleManager: Shutting down and abandoning module IOSRuntimeSettings (144)
[2015.02.14-20.08.44:078][ 13]LogModuleManager: Shutting down and abandoning module AndroidPlatformEditor (143)
[2015.02.14-20.08.44:078][ 13]LogModuleManager: Shutting down and abandoning module AndroidRuntimeSettings (142)
[2015.02.14-20.08.44:078][ 13]LogModuleManager: Shutting down and abandoning module ProjectTargetPlatformEditor (141)
[2015.02.14-20.08.44:078][ 13]LogModuleManager: Shutting down and abandoning module ProjectSettingsViewer (140)
[2015.02.14-20.08.44:078][ 13]LogModuleManager: Shutting down and abandoning module InputBindingEditor (139)
[2015.02.14-20.08.44:079][ 13]LogModuleManager: Shutting down and abandoning module EditorSettingsViewer (138)
[2015.02.14-20.08.44:079][ 13]LogModuleManager: Shutting down and abandoning module SettingsEditor (137)
[2015.02.14-20.08.44:079][ 13]LogModuleManager: Shutting down and abandoning module ProjectLauncher (136)
[2015.02.14-20.08.44:079][ 13]LogModuleManager: Shutting down and abandoning module SessionFrontend (135)
[2015.02.14-20.08.44:079][ 13]LogModuleManager: Shutting down and abandoning module ProfilerClient (134)
[2015.02.14-20.08.44:079][ 13]LogModuleManager: Shutting down and abandoning module TargetDeviceServices (133)
[2015.02.14-20.08.44:079][ 13]LogModuleManager: Shutting down and abandoning module DeviceManager (132)
[2015.02.14-20.08.44:079][ 13]LogModuleManager: Shutting down and abandoning module AutomationController (131)
[2015.02.14-20.08.44:079][ 13]LogModuleManager: Shutting down and abandoning module AutomationWindow (130)
[2015.02.14-20.08.44:079][ 13]LogModuleManager: Shutting down and abandoning module Layers (129)
[2015.02.14-20.08.44:079][ 13]LogModuleManager: Shutting down and abandoning module ComponentVisualizers (128)
[2015.02.14-20.08.44:079][ 13]LogModuleManager: Shutting down and abandoning module DetailCustomizations (127)
[2015.02.14-20.08.44:079][ 13]LogModuleManager: Shutting down and abandoning module PackagesDialog (126)
[2015.02.14-20.08.44:079][ 13]LogModuleManager: Shutting down and abandoning module AssetRegistry (125)
[2015.02.14-20.08.44:120][ 13]LogModuleManager: Shutting down and abandoning module Persona (124)
[2015.02.14-20.08.44:120][ 13]LogModuleManager: Shutting down and abandoning module Kismet (123)
[2015.02.14-20.08.44:120][ 13]LogModuleManager: Shutting down and abandoning module GraphEditor (122)
[2015.02.14-20.08.44:120][ 13]LogModuleManager: Shutting down and abandoning module ClassViewer (121)
[2015.02.14-20.08.44:120][ 13]LogModuleManager: Shutting down and abandoning module Toolbox (120)
[2015.02.14-20.08.44:120][ 13]LogModuleManager: Shutting down and abandoning module ModuleUI (119)
[2015.02.14-20.08.44:120][ 13]LogModuleManager: Shutting down and abandoning module MovieSceneTools (118)
[2015.02.14-20.08.44:120][ 13]LogModuleManager: Shutting down and abandoning module OutputLog (117)
[2015.02.14-20.08.44:120][ 13]LogModuleManager: Shutting down and abandoning module GammaUI (116)
[2015.02.14-20.08.44:120][ 13]LogModuleManager: Shutting down and abandoning module Documentation (115)
[2015.02.14-20.08.44:120][ 13]LogModuleManager: Shutting down and abandoning module GameLiveStreaming (114)
[2015.02.14-20.08.44:120][ 13]LogModuleManager: Shutting down and abandoning module StreamingPauseRendering (113)
[2015.02.14-20.08.44:120][ 13]LogModuleManager: Shutting down and abandoning module HTTP (112)
[2015.02.14-20.08.44:120][ 13]LogModuleManager: Shutting down and abandoning module AnalyticsET (111)
[2015.02.14-20.08.44:120][ 13]LogModuleManager: Shutting down and abandoning module Analytics (110)
[2015.02.14-20.08.44:120][ 13]LogModuleManager: Shutting down and abandoning module AITestSuite (109)
[2015.02.14-20.08.44:120][ 13]LogModuleManager: Shutting down and abandoning module AIModule (108)
[2015.02.14-20.08.44:120][ 13]LogModuleManager: Shutting down and abandoning module ProfilerService (107)
[2015.02.14-20.08.44:275][ 13]LogModuleManager: Shutting down and abandoning module TaskGraph (106)
[2015.02.14-20.08.44:275][ 13]LogModuleManager: Shutting down and abandoning module GameplayDebugger (105)
[2015.02.14-20.08.44:275][ 13]LogModuleManager: Shutting down and abandoning module SlateRemote (104)
[2015.02.14-20.08.44:275][ 13]LogModuleManager: Shutting down and abandoning module ScriptEditorPlugin (103)
[2015.02.14-20.08.44:275][ 13]LogModuleManager: Shutting down and abandoning module CustomMeshComponent (102)
[2015.02.14-20.08.44:275][ 13]LogModuleManager: Shutting down and abandoning module CableComponent (101)
[2015.02.14-20.08.44:275][ 13]LogModuleManager: Shutting down and abandoning module MessagingDebugger (100)
[2015.02.14-20.08.44:275][ 13]LogModuleManager: Shutting down and abandoning module MediaPlayerEditor (99)
[2015.02.14-20.08.44:275][ 13]LogModuleManager: Shutting down and abandoning module SpeedTreeImporter (98)
[2015.02.14-20.08.44:275][ 13]LogModuleManager: Shutting down and abandoning module PluginsEditor (97)
[2015.02.14-20.08.44:275][ 13]LogModuleManager: Shutting down and abandoning module EpicSurvey (96)
[2015.02.14-20.08.44:275][ 13]LogModuleManager: Shutting down and abandoning module DesktopPlatform (95)
[2015.02.14-20.08.44:275][ 13]LogModuleManager: Shutting down and abandoning module VisualStudioSourceCodeAccess (94)
[2015.02.14-20.08.44:275][ 13]LogModuleManager: Shutting down and abandoning module UObjectPlugin (93)
[2015.02.14-20.08.44:275][ 13]LogModuleManager: Shutting down and abandoning module SubversionSourceControl (92)
[2015.02.14-20.08.44:275][ 13]LogModuleManager: Shutting down and abandoning module SourceControl (91)
[2015.02.14-20.08.44:275][ 13]LogModuleManager: Shutting down and abandoning module PerforceSourceControl (90)
[2015.02.14-20.08.44:275][ 13]LogModuleManager: Shutting down and abandoning module BlankPlugin (89)
[2015.02.14-20.08.44:275][ 13]LogModuleManager: Shutting down and abandoning module SlateReflector (88)
[2015.02.14-20.08.44:275][ 13]LogModuleManager: Shutting down and abandoning module DirectoryWatcher (87)
[2015.02.14-20.08.44:275][ 13]LogModuleManager: Shutting down and abandoning module HotReload (86)
[2015.02.14-20.08.44:275][ 13]LogModuleManager: Shutting down and abandoning module MainFrame (85)
[2015.02.14-20.08.44:275][ 13]LogModuleManager: Shutting down and abandoning module LevelEditor (84)
[2015.02.14-20.08.44:276][ 13]LogModuleManager: Shutting down and abandoning module ViewportSnapping (83)
[2015.02.14-20.08.44:276][ 13]LogModuleManager: Shutting down and abandoning module SmartSnapping (82)
[2015.02.14-20.08.44:276][ 13]LogModuleManager: Shutting down and abandoning module PaperTiledImporter (81)
[2015.02.14-20.08.44:276][ 13]LogModuleManager: Shutting down and abandoning module PaperJsonImporter (80)
[2015.02.14-20.08.44:277][ 13]LogModuleManager: Shutting down and abandoning module ContentBrowser (79)
[2015.02.14-20.08.44:277][ 13]LogModuleManager: Shutting down and abandoning module Paper2DEditor (78)
[2015.02.14-20.08.44:277][ 13]LogModuleManager: Shutting down and abandoning module ScriptPlugin (77)
[2015.02.14-20.08.44:277][ 13]LogModuleManager: Shutting down and abandoning module UdpMessaging (76)
[2015.02.14-20.08.44:377][ 13]LogModuleManager: Shutting down and abandoning module Paper2D (75)
[2015.02.14-20.08.44:377][ 13]LogModuleManager: Shutting down and abandoning module UE4Game (74)
[2015.02.14-20.08.44:377][ 13]LogModuleManager: Shutting down and abandoning module WindowsMoviePlayer (73)
[2015.02.14-20.08.44:382][ 13]LogModuleManager: Shutting down and abandoning module Media (72)
[2015.02.14-20.08.44:382][ 13]LogModuleManager: Shutting down and abandoning module WmfMedia (71)
[2015.02.14-20.08.44:382][ 13]LogModuleManager: Shutting down and abandoning module OnlineBlueprintSupport (70)
[2015.02.14-20.08.44:382][ 13]LogModuleManager: Shutting down and abandoning module PropertyEditor (69)
[2015.02.14-20.08.44:382][ 13]LogModuleManager: Shutting down and abandoning module BehaviorTreeEditor (68)
[2015.02.14-20.08.44:382][ 13]LogModuleManager: Shutting down and abandoning module FunctionalTesting (67)
[2015.02.14-20.08.44:382][ 13]LogModuleManager: Shutting down and abandoning module CollisionAnalyzer (66)
[2015.02.14-20.08.44:382][ 13]LogModuleManager: Shutting down and abandoning module WorkspaceMenuStructure (65)
[2015.02.14-20.08.44:382][ 13]LogModuleManager: Shutting down and abandoning module MessageLog (64)
[2015.02.14-20.08.44:382][ 13]LogModuleManager: Shutting down and abandoning module Sequencer (63)
[2015.02.14-20.08.44:382][ 13]LogModuleManager: Shutting down and abandoning module AssetTools (62)
[2015.02.14-20.08.44:382][ 13]LogModuleManager: Shutting down and abandoning module UMGEditor (61)
[2015.02.14-20.08.44:382][ 13]LogModuleManager: Shutting down and abandoning module UMG (60)
[2015.02.14-20.08.44:382][ 13]LogModuleManager: Shutting down and abandoning module Slate (59)
[2015.02.14-20.08.44:382][ 13]LogModuleManager: Shutting down and abandoning module EditorStyle (58)
[2015.02.14-20.08.44:386][ 13]LogModuleManager: Shutting down and abandoning module SessionServices (57)
[2015.02.14-20.08.44:386][ 13]LogModuleManager: Shutting down and abandoning module SourceCodeAccess (56)
[2015.02.14-20.08.44:386][ 13]LogModuleManager: Shutting down and abandoning module HeadMountedDisplay (55)
[2015.02.14-20.08.44:386][ 13]LogModuleManager: Shutting down and abandoning module XAudio2 (54)
[2015.02.14-20.08.44:386][ 13]LogModuleManager: Shutting down and abandoning module Networking (52)
[2015.02.14-20.08.44:386][ 13]LogModuleManager: Shutting down and abandoning module Core (51)
[2015.02.14-20.08.44:386][ 13]LogModuleManager: Shutting down and abandoning module KismetCompiler (50)
[2015.02.14-20.08.44:386][ 13]LogModuleManager: Shutting down and abandoning module PhysXFormats (49)
[2015.02.14-20.08.44:386][ 13]LogModuleManager: Shutting down and abandoning module MeshUtilities (48)
[2015.02.14-20.08.44:386][ 13]LogModuleManager: Shutting down and abandoning module DerivedDataCache (47)
[2015.02.14-20.08.44:477][ 13]LogDerivedDataCache: Shutdown
[2015.02.14-20.08.44:477][ 13]LogModuleManager: Shutting down and abandoning module ShaderFormatOpenGL (46)
[2015.02.14-20.08.44:477][ 13]LogModuleManager: Shutting down and abandoning module ShaderFormatD3D (45)
[2015.02.14-20.08.44:477][ 13]LogModuleManager: Shutting down and abandoning module MetalShaderFormat (44)
[2015.02.14-20.08.44:477][ 13]LogModuleManager: Shutting down and abandoning module TextureFormatUncompressed (43)
[2015.02.14-20.08.44:477][ 13]LogModuleManager: Shutting down and abandoning module TextureFormatPVR (42)
[2015.02.14-20.08.44:477][ 13]LogModuleManager: Shutting down and abandoning module TextureFormatDXT (41)
[2015.02.14-20.08.44:477][ 13]LogModuleManager: Shutting down and abandoning module TextureFormatAndroid (40)
[2015.02.14-20.08.44:477][ 13]LogModuleManager: Shutting down and abandoning module AudioFormatOpus (39)
[2015.02.14-20.08.44:477][ 13]LogModuleManager: Shutting down and abandoning module AudioFormatOgg (38)
[2015.02.14-20.08.44:477][ 13]LogModuleManager: Shutting down and abandoning module AudioFormatADPCM (37)
[2015.02.14-20.08.44:477][ 13]LogModuleManager: Shutting down and abandoning module LinuxTargetPlatform (36)
[2015.02.14-20.08.44:477][ 13]LogModuleManager: Shutting down and abandoning module LinuxServerTargetPlatform (35)
[2015.02.14-20.08.44:477][ 13]LogModuleManager: Shutting down and abandoning module LinuxNoEditorTargetPlatform (34)
[2015.02.14-20.08.44:477][ 13]LogModuleManager: Shutting down and abandoning module Messaging (33)
[2015.02.14-20.08.44:477][ 13]LogModuleManager: Shutting down and abandoning module IOSTargetPlatform (32)
[2015.02.14-20.08.44:477][ 13]LogModuleManager: Shutting down and abandoning module Android_PVRTCTargetPlatform (31)
[2015.02.14-20.08.44:477][ 13]LogModuleManager: Shutting down and abandoning module Android_ETC2TargetPlatform (30)
[2015.02.14-20.08.44:477][ 13]LogModuleManager: Shutting down and abandoning module Android_ETC1TargetPlatform (29)
[2015.02.14-20.08.44:477][ 13]LogModuleManager: Shutting down and abandoning module Android_DXTTargetPlatform (28)
[2015.02.14-20.08.44:477][ 13]LogModuleManager: Shutting down and abandoning module Android_ATCTargetPlatform (27)
[2015.02.14-20.08.44:477][ 13]LogModuleManager: Shutting down and abandoning module AndroidTargetPlatform (26)
[2015.02.14-20.08.44:477][ 13]LogModuleManager: Shutting down and abandoning module WindowsTargetPlatform (25)
[2015.02.14-20.08.44:477][ 13]LogModuleManager: Shutting down and abandoning module WindowsServerTargetPlatform (24)
[2015.02.14-20.08.44:477][ 13]LogModuleManager: Shutting down and abandoning module WindowsNoEditorTargetPlatform (23)
[2015.02.14-20.08.44:477][ 13]LogModuleManager: Shutting down and abandoning module WindowsClientTargetPlatform (22)
[2015.02.14-20.08.44:477][ 13]LogModuleManager: Shutting down and abandoning module TargetPlatform (21)
[2015.02.14-20.08.44:477][ 13]LogModuleManager: Shutting down and abandoning module InputCore (20)
[2015.02.14-20.08.44:477][ 13]LogModuleManager: Shutting down and abandoning module Settings (19)
[2015.02.14-20.08.44:477][ 13]LogModuleManager: Shutting down and abandoning module ImageWrapper (18)
[2015.02.14-20.08.44:477][ 13]LogModuleManager: Shutting down and abandoning module OculusRift (15)
[2015.02.14-20.08.44:477][ 13]LogModuleManager: Shutting down and abandoning module ExampleDeviceProfileSelector (14)
[2015.02.14-20.08.44:477][ 13]LogModuleManager: Shutting down and abandoning module TextureCompressor (13)
[2015.02.14-20.08.44:477][ 13]LogModuleManager: Shutting down and abandoning module ShaderCore (12)
[2015.02.14-20.08.44:477][ 13]LogModuleManager: Shutting down and abandoning module Landscape (11)
[2015.02.14-20.08.44:477][ 13]LogModuleManager: Shutting down and abandoning module SlateRHIRenderer (10)
[2015.02.14-20.08.44:478][ 13]LogModuleManager: Shutting down and abandoning module OpenGLDrv (9)
[2015.02.14-20.08.44:478][ 13]LogModuleManager: Shutting down and abandoning module D3D11RHI (8)
[2015.02.14-20.08.44:478][ 13]LogModuleManager: Shutting down and abandoning module Renderer (7)
[2015.02.14-20.08.44:478][ 13]LogModuleManager: Shutting down and abandoning module Engine (6)
[2015.02.14-20.08.44:478][ 13]LogModuleManager: Shutting down and abandoning module CoreUObject (5)
[2015.02.14-20.08.44:478][ 13]LogModuleManager: Shutting down and abandoning module NetworkFile (4)
[2015.02.14-20.08.44:478][ 13]LogModuleManager: Shutting down and abandoning module StreamingFile (3)
[2015.02.14-20.08.44:478][ 13]LogModuleManager: Shutting down and abandoning module SandboxFile (2)
[2015.02.14-20.08.44:478][ 13]LogModuleManager: Shutting down and abandoning module PakFile (1)
[2015.02.14-20.08.44:479][ 13]LogExit: Exiting.
[2015.02.14-20.08.44:483][ 13]Log file closed, 02/14/15 12:08:44
