Log file open, 03/17/15 20:42:28
LogInit:Display: Running engine for game: Zeke
LogInit: Version: 4.6.1-2386410+++depot+UE4-Releases+4.6
LogInit: API Version: 2369412
LogInit: Compiled (64-bit): Dec 11 2014 21:31:39
LogInit: Compiled with Visual C++: 18.00.21005.01
LogInit: Build Configuration: Development
LogInit: Branch Name: ++depot+UE4-Releases+4.6
LogInit: Command line: 
LogInit: Base directory: C:/Program Files/Epic Games/4.6/Engine/Binaries/Win64/
LogInit: Rocket: 1
[2015.03.18-03.42.28:400][  0]LogTaskGraph: Started task graph with 3 named threads and 6 total threads.
[2015.03.18-03.42.28:449][  0]LogOnline:Warning: No default platform service specified for OnlineSubsystem
[2015.03.18-03.42.28:467][  0]LogInit: Presizing for 0 objects not considered by GC, pre-allocating 0 bytes.
[2015.03.18-03.42.28:475][  0]LogInit: Object subsystem initialized
[2015.03.18-03.42.28:476][  0]LogConsoleResponse:Warning: Skipping Unknown console variable: 'UIScaleRule = ShortestSide'
[2015.03.18-03.42.28:476][  0]LogConsoleResponse:Warning:   Found in ini file 'C:/Users/student/Documents/GitHub/Zeke/Zeke/Saved/Config/Windows/Engine.ini', in section '[/Script/Engine.RendererSettings]'
[2015.03.18-03.42.28:476][  0]LogConsoleResponse:Warning: Skipping Unknown console variable: 'UIScaleCurve = (EditorCurveData=(Keys=),ExternalCurve=None)'
[2015.03.18-03.42.28:476][  0]LogConsoleResponse:Warning:   Found in ini file 'C:/Users/student/Documents/GitHub/Zeke/Zeke/Saved/Config/Windows/Engine.ini', in section '[/Script/Engine.RendererSettings]'
[2015.03.18-03.42.28:477][  0]LogConsoleManager:Warning: Console variable 'r.MSAA.CompositingSampleCount' wasn't set (Priority ProjectSetting < Scalability)
[2015.03.18-03.42.28:477][  0]LogInit: Selected Device Profile: [Windows]
[2015.03.18-03.42.28:477][  0]LogInit: Applying CVar settings loaded from the selected device profile: [Windows]
[2015.03.18-03.42.28:483][  0]LogInit: Computer: AI251LAB0234P14
[2015.03.18-03.42.28:483][  0]LogInit: User: student
[2015.03.18-03.42.28:483][  0]LogInit: CPU Page size=4096, Cores=4
[2015.03.18-03.42.28:483][  0]LogInit: High frequency timer resolution =3.507216 MHz
[2015.03.18-03.42.28:484][  0]LogMemory: Memory total: Physical=7.9GB (8GB approx) Virtual=8192.0GB
[2015.03.18-03.42.28:484][  0]LogMemory: Platform Memory Stats for Windows
[2015.03.18-03.42.28:484][  0]LogMemory: Process Physical Memory: 50.13 MB used, 50.13 MB peak
[2015.03.18-03.42.28:484][  0]LogMemory: Process Virtual Memory: 27.09 MB used, 27.10 MB peak
[2015.03.18-03.42.28:484][  0]LogMemory: Physical Memory: 2291.93 MB used, 8115.79 MB total
[2015.03.18-03.42.28:484][  0]LogMemory: Virtual Memory: 264.96 MB used, 8388608.00 MB total
[2015.03.18-03.42.28:507][  0]LogD3D11RHI: Found D3D11 adapter 0: NVIDIA Quadro K2000 (Feature Level 11_0)
[2015.03.18-03.42.28:507][  0]LogD3D11RHI: Adapter has 1990MB of dedicated video memory, 0MB of dedicated system memory, and 3801MB of shared system memory, 1 output[s]
[2015.03.18-03.42.28:507][  0]LogD3D11RHI: Chosen D3D11 Adapter Id = 0
[2015.03.18-03.42.28:511][  0]LogRHI: Texture pool is 1361 MB (70% of 1945 MB)
[2015.03.18-03.42.28:518][  0]LogD3D11RHI: Async texture creation enabled
[2015.03.18-03.42.28:569][  0]LogTextLocalizationManager: The requested culture ('en_US') has no localization data; parent culture's ('en') localization data will be used.
[2015.03.18-03.42.28:694][  0]LogContentStreaming: Texture pool size is 0.000000MB
[2015.03.18-03.42.33:953][  0]LogTargetPlatformManager:Display: Building Assets For Windows
[2015.03.18-03.42.34:337][  0]LogTargetPlatformManager:Display: Building Assets For Windows
[2015.03.18-03.42.34:385][  0]LogDerivedDataCache:Display: Max Cache Size: 512 MB
[2015.03.18-03.42.34:420][  0]LogDerivedDataCache: Loaded boot cache 0.04s 39MB C:/Users/student/AppData/Local/UnrealEngine/4.6/DerivedDataCache/Boot.ddc.
[2015.03.18-03.42.34:420][  0]LogDerivedDataCache:Display: Loaded Boot cache: C:/Users/student/AppData/Local/UnrealEngine/4.6/DerivedDataCache/Boot.ddc
[2015.03.18-03.42.34:420][  0]LogDerivedDataCache: FDerivedDataBackendGraph:  Pak pak cache file ../../../../../../Users/student/Documents/GitHub/Zeke/Zeke/DerivedDataCache/DDC.ddp not found, will not use a pak cache.
[2015.03.18-03.42.34:420][  0]LogDerivedDataCache: Unable to find inner node Pak for hierarchical cache Hierarchy.
[2015.03.18-03.42.34:484][  0]LogDerivedDataCache:Display: Pak cache opened for reading ../../../Engine/DerivedDataCache/DDC.ddp.
[2015.03.18-03.42.34:496][  0]LogDerivedDataCache: Using Local data cache path C:/Users/student/AppData/Local/UnrealEngine/Common/DerivedDataCache: Writable
[2015.03.18-03.42.34:622][  0]LogCollisionProfile:Warning: Profile (UI) - Custom Channel Name = 'Weapon' hasn't been found
[2015.03.18-03.42.34:756][  0]LogMeshUtilities: No automatic mesh reduction module available
[2015.03.18-03.42.34:756][  0]LogMeshUtilities: No automatic mesh merging module available
[2015.03.18-03.42.35:098][  0]LogInit: WinSock: version 1.1 (2.2), MaxSocks=32767, MaxUdp=65467
[2015.03.18-03.42.35:151][  0]LogSlate:Warning: Failed to load font data from '../../../Engine/Content/Slate/Fonts/Roboto-Italic.ttf'
[2015.03.18-03.42.35:868][  0]UdpMessaging: Initializing bridge on interface 0.0.0.0:0 to multicast group 230.0.0.1:6666.
[2015.03.18-03.42.36:014][  0]LogDirectoryWatcher:Warning: Failed to begin reading directory changes for C:/Users/student/Documents/GitHub/Zeke/Zeke/Binaries/Win64. Error: 0
[2015.03.18-03.42.36:148][  0]SourceControl: Info Source control is disabled
[2015.03.18-03.42.36:148][  0]SourceControl: Info Source control is disabled
[2015.03.18-03.42.36:155][  0]SourceControl: Info Source control is disabled
[2015.03.18-03.42.36:263][  0]LogObj: 23754 objects as part of root set at end of initial load.
[2015.03.18-03.42.36:263][  0]LogUObjectAllocator: 5168136 out of 0 bytes used by permanent object pool.
[2015.03.18-03.42.36:313][  0]LogEngine: Initializing Engine...
[2015.03.18-03.42.36:445][  0]LogInit: XAudio2 using 'Speakers (Realtek High Definition Audio)' : 2 channels at 48 kHz using 32 bits per sample (channel mask 0x3)
[2015.03.18-03.42.36:464][  0]LogInit: FAudioDevice initialized.
[2015.03.18-03.42.36:482][  0]LogAIModule: Creating AISystem for world NewWorld
[2015.03.18-03.42.36:501][  0]LogDerivedDataCache: Saved boot cache 0.02s 39MB C:/Users/student/AppData/Local/UnrealEngine/4.6/DerivedDataCache/Boot.ddc.
[2015.03.18-03.42.36:505][  0]LogInit: Texture streaming: Enabled
[2015.03.18-03.42.36:530][  0]LogAnalytics: Creating configured Analytics provider AnalyticsET
[2015.03.18-03.42.36:530][  0]LogAnalytics: ET APIKey = Rocket.Release. APIServer = http://et2.epicgames.com/ET2/. AppVersion = 4.6.1-2386410+++depot+UE4-Releases+4.6
[2015.03.18-03.42.36:531][  0]LogAnalytics: SetUserId 6123c089cfcae1f46a549b249fcdabf4
[2015.03.18-03.42.36:531][  0]LogAnalytics: AnalyticsET::StartSession [Rocket.Release]
[2015.03.18-03.42.36:547][  0]LogInit: Transaction tracking system initialized
[2015.03.18-03.42.36:630][  0]BlueprintLog: New page: Editor Load
[2015.03.18-03.42.36:657][  0]LogAssetRegistry: FAssetRegistry took 0.0100 seconds to start up
[2015.03.18-03.42.36:657][  0]LogDirectoryWatcher:Warning: Failed to begin reading directory changes for ../../../Engine/Plugins/Experimental/CharacterAI/Content/. Error: 0
[2015.03.18-03.42.37:085][  0]LogTargetPlatformManager:Display: Building Assets For Windows
[2015.03.18-03.42.37:391][  0]LogTargetPlatformManager:Display: Building Assets For Windows
[2015.03.18-03.42.37:552][  0]LogConsoleResponse:Display: 
[2015.03.18-03.42.37:595][  0]LogLinker:Warning: Asset '../../../Engine/Content/Functions/Engine_MaterialFunctions03/Procedurals/ComputeFilterWidth.uasset' has been saved with empty engine version. The asset will be loaded but may be incompatible.
[2015.03.18-03.42.37:766][  0]SourceControl: Info Source control is disabled
[2015.03.18-03.42.37:766][  0]Cmd: MAP LOAD FILE="../../../../../../Users/student/Documents/GitHub/Zeke/Zeke/Content/Maps/Example_Map.umap" TEMPLATE=0 SHOWPROGRESS=1
[2015.03.18-03.42.37:766][  0]LightingResults: New page: Lighting Build
[2015.03.18-03.42.37:774][  0]MapCheck: New page: Map Check
[2015.03.18-03.42.37:775][  0]LightingResults: New page: Lighting Build
[2015.03.18-03.42.37:781][  0]LogParticles: Destroying 0 GPU particle simulations for FXSystem 0x00000000136B3E20
[2015.03.18-03.42.38:431][  0]LogBlueprint:Error: [compiler] Error Spawn node  SpawnActor NONE  must have a class specified.
[2015.03.18-03.42.38:433][  0]LogBlueprint:Warning: [compiler] Warning [0011.92] Compile of Example_Map failed. 1 Fatal Issue(s) 0 Warning(s) [in 4 ms]
[2015.03.18-03.42.38:435][  0]LogBlueprint:Error: [compiler] Error Spawn node  SpawnActor NONE  must have a class specified.
[2015.03.18-03.42.38:437][  0]LogBlueprint:Warning: [compiler] Warning [0011.93] Compile of Example_Map failed. 1 Fatal Issue(s) 0 Warning(s) [in 3 ms]
[2015.03.18-03.42.38:437][  0]LogBlueprint:Warning: [compiler] Warning [0011.93] Compile of Example_Map failed. 1 Fatal Issue(s) 1 Warning(s) [in 0 ms]
[2015.03.18-03.42.39:115][  0]LogEditorServer: Finished looking for orphan Actors (0.000 secs)
[2015.03.18-03.42.39:115][  0]LogAIModule: Creating AISystem for world Example_Map
[2015.03.18-03.42.39:116][  0]Cmd: MAP CHECKDEP
[2015.03.18-03.42.39:116][  0]MapCheck: New page: Example_Map - Mar 17, 2015, 1:42:39 PM
[2015.03.18-03.42.39:212][  0]MapCheck: Info Map check complete: 0 Error(s), 0 Warning(s), took 95.908ms to complete.
[2015.03.18-03.42.39:212][  0]LogFileHelpers: Loading map 'Example_Map' took 1.445
[2015.03.18-03.42.39:277][  0]LogCollectionManager: Loaded 0 collections in 0.000948 seconds
[2015.03.18-03.42.39:372][  0]LogCrashTracker: Crashtracker disabled due to settings.
[2015.03.18-03.42.39:376][  0]LogUObjectGlobals:Warning: Failed to find object 'Class None.'
[2015.03.18-03.42.39:401][  0]LogLoad: Full Startup: 12.89 seconds (BP compile: 0.19 seconds)
[2015.03.18-03.42.39:413][  0]LogContentBrowser:Verbose: The content browser source was changed by the sources view to '/Game/level'
[2015.03.18-03.42.39:819][  0]LogRenderer:Warning: Reallocating scene render targets to support 968x1024.
[2015.03.18-03.42.39:926][  1]Cmd: UpdateLandscapeEditorData -warnings
[2015.03.18-03.42.39:926][  1]Cmd: UpdateLandscapeEditorData
[2015.03.18-03.42.40:030][  2]LogAssetRegistry: Asset discovery search completed in 3.3829 seconds
[2015.03.18-03.42.43:056][ 88]LogContentBrowser:Verbose: The content browser source was changed by the sources view to '/Game/Particles'
[2015.03.18-03.42.43:974][117]LogContentBrowser:Verbose: The content browser source was changed by the sources view to '/Game/Mesh'
[2015.03.18-03.42.45:184][156]LogContentBrowser:Verbose: The content browser source was changed by the sources view to '/Game/StarterContent'
[2015.03.18-03.42.45:539][170]LogContentBrowser:Verbose: The content browser source was changed by the sources view to '/Game/Zeke'
[2015.03.18-03.42.47:444][230]LogContentBrowser:Verbose: The content browser source was changed by the sources view to '/Game/Zeke/animations'
[2015.03.18-03.42.48:907][263]LogContentBrowser:Verbose: The content browser source was changed by the sources view to '/Game/Zeke/Mesh'
[2015.03.18-03.42.52:669][349]LogContentBrowser:Verbose: The content browser source was changed by the sources view to '/Game/Mesh'
[2015.03.18-03.42.59:646][567]LogContentBrowser:Verbose: The content browser source was changed by the sources view to '/Game/level'
[2015.03.18-03.43.04:382][717]LogContentBrowser:Verbose: The content browser source was changed by the sources view to '/Game/Maps'
[2015.03.18-03.43.04:744][731]LogContentBrowser:Verbose: The content browser source was changed by the sources view to '/Game/Materials'
[2015.03.18-03.43.05:202][748]LogContentBrowser:Verbose: The content browser source was changed by the sources view to '/Game/Mesh'
[2015.03.18-03.43.06:184][780]LogContentBrowser:Verbose: The content browser source was changed by the sources view to '/Game/Particles'
[2015.03.18-03.43.06:886][803]LogContentBrowser:Verbose: The content browser source was changed by the sources view to '/Game/StarterContent'
[2015.03.18-03.43.07:591][827]LogContentBrowser:Verbose: The content browser source was changed by the sources view to '/Game/Zeke'
[2015.03.18-03.43.09:953][903]LogContentBrowser:Verbose: The content browser source was changed by the sources view to '/Game/Zeke/blueprint'
[2015.03.18-03.45.05:874][467]LogContentBrowser:Verbose: The content browser source was changed by the sources view to '/Game/level'
[2015.03.18-03.45.09:593][540]LogActorComponent: UnregisterComponent: (/Engine/Transient.CharacterMovementComponent_0) Not registered. Aborting.
[2015.03.18-03.45.09:617][540]Cmd: MAP LOAD FILE="../../../../../../Users/student/Documents/GitHub/Zeke/Zeke/Content/level/Scene.umap" TEMPLATE=0 SHOWPROGRESS=1
[2015.03.18-03.45.09:617][540]LightingResults: New page: Lighting Build
[2015.03.18-03.45.09:641][540]LoadErrors: New page: Loading map: Scene.umap
[2015.03.18-03.45.09:670][540]MapCheck: New page: Map Check
[2015.03.18-03.45.09:670][540]LightingResults: New page: Lighting Build
[2015.03.18-03.45.09:678][540]LogParticles: Destroying 0 GPU particle simulations for FXSystem 0x0000000025FB9580
[2015.03.18-03.45.09:688][540]LogEditorServer: Finished looking for orphan Actors (0.000 secs)
[2015.03.18-03.45.09:692][540]LogAIModule: Creating AISystem for world Scene
[2015.03.18-03.45.09:752][540]Cmd: MAP CHECKDEP
[2015.03.18-03.45.09:752][540]MapCheck: New page: Scene - Mar 17, 2015, 1:45:09 PM
[2015.03.18-03.45.09:851][540]MapCheck: Info Map check complete: 0 Error(s), 0 Warning(s), took 98.921ms to complete.
[2015.03.18-03.45.09:853][540]LogFileHelpers: Loading map 'Scene' took 0.237
[2015.03.18-03.45.10:007][541]Cmd: UpdateLandscapeEditorData -warnings
[2015.03.18-03.45.10:007][541]Cmd: UpdateLandscapeEditorData
[2015.03.18-03.45.17:296][834]LogEditorViewport: Clicking on Actor (context menu): Landscape (Landscape)
[2015.03.18-03.45.28:992][262]LogEditorViewport: Clicking on Actor (LMB): TargetPoint (TargetPoint3)
[2015.03.18-03.45.42:765][715]LogEditorViewport: Clicking on Actor (LMB): TargetPoint (TargetPoint2)
[2015.03.18-03.45.47:688][878]LogEditorViewport: Clicking on Actor (LMB): TargetPoint (TargetPoint4)
[2015.03.18-03.45.55:306][144]LogEditorViewport: Clicking on Actor (LMB): TargetPoint (TargetPoint3)
[2015.03.18-03.45.58:186][240]LogLinker:Warning: Can't find file '/Game/StarterContent/Textures/T_Burst_M'
[2015.03.18-03.45.58:186][240]LogLinker:Warning: Can't find file for asset '/Game/StarterContent/Textures/T_Burst_M' while loading ../../../../../../Users/student/Documents/GitHub/Zeke/Zeke/Content/StarterContent/Particles/Materials/M_Burst.uasset.
[2015.03.18-03.45.58:186][240]LoadErrors:Error: Error /Game/StarterContent/Particles/Materials/M_Burst : Can't find file for asset. /Game/StarterContent/Textures/T_Burst_M
[2015.03.18-03.45.58:187][240]LogLinker:Warning: Can't find file '/Game/StarterContent/Textures/T_Burst_M'
[2015.03.18-03.45.58:187][240]LogLinker:Warning: Can't find file for asset '/Game/StarterContent/Textures/T_Burst_M' while loading ../../../../../../Users/student/Documents/GitHub/Zeke/Zeke/Content/StarterContent/Particles/Materials/M_Burst.uasset.
[2015.03.18-03.45.58:190][240]LogLinker:Warning: Can't find file '/Game/StarterContent/Textures/T_Explosion_SubUV'
[2015.03.18-03.45.58:190][240]LogLinker:Warning: Can't find file for asset '/Game/StarterContent/Textures/T_Explosion_SubUV' while loading ../../../../../../Users/student/Documents/GitHub/Zeke/Zeke/Content/StarterContent/Particles/Materials/M_explosion_subUV.uasset.
[2015.03.18-03.45.58:190][240]LoadErrors:Error: Error /Game/StarterContent/Particles/Materials/M_explosion_subUV : Can't find file for asset. /Game/StarterContent/Textures/T_Explosion_SubUV
[2015.03.18-03.45.58:190][240]LogLinker:Warning: Can't find file '/Game/StarterContent/Textures/T_Explosion_SubUV'
[2015.03.18-03.45.58:191][240]LogLinker:Warning: Can't find file for asset '/Game/StarterContent/Textures/T_Explosion_SubUV' while loading ../../../../../../Users/student/Documents/GitHub/Zeke/Zeke/Content/StarterContent/Particles/Materials/M_explosion_subUV.uasset.
[2015.03.18-03.45.58:200][240]LogLinker:Warning: Can't find file '/Game/StarterContent/Textures/T_Smoke_SubUV'
[2015.03.18-03.45.58:200][240]LogLinker:Warning: Can't find file for asset '/Game/StarterContent/Textures/T_Smoke_SubUV' while loading ../../../../../../Users/student/Documents/GitHub/Zeke/Zeke/Content/StarterContent/Particles/Materials/M_smoke_subUV.uasset.
[2015.03.18-03.45.58:200][240]LoadErrors:Error: Error /Game/StarterContent/Particles/Materials/M_smoke_subUV : Can't find file for asset. /Game/StarterContent/Textures/T_Smoke_SubUV
[2015.03.18-03.45.58:200][240]LogLinker:Warning: Can't find file '/Game/StarterContent/Textures/T_Smoke_Tiled_D'
[2015.03.18-03.45.58:200][240]LogLinker:Warning: Can't find file for asset '/Game/StarterContent/Textures/T_Smoke_Tiled_D' while loading ../../../../../../Users/student/Documents/GitHub/Zeke/Zeke/Content/StarterContent/Particles/Materials/M_smoke_subUV.uasset.
[2015.03.18-03.45.58:201][240]LoadErrors:Error: Error /Game/StarterContent/Particles/Materials/M_smoke_subUV : Can't find file for asset. /Game/StarterContent/Textures/T_Smoke_Tiled_D
[2015.03.18-03.45.58:201][240]LogLinker:Warning: Can't find file '/Game/StarterContent/Textures/T_Smoke_SubUV'
[2015.03.18-03.45.58:201][240]LogLinker:Warning: Can't find file for asset '/Game/StarterContent/Textures/T_Smoke_SubUV' while loading ../../../../../../Users/student/Documents/GitHub/Zeke/Zeke/Content/StarterContent/Particles/Materials/M_smoke_subUV.uasset.
[2015.03.18-03.45.58:201][240]LogLinker:Warning: Can't find file '/Game/StarterContent/Textures/T_Smoke_Tiled_D'
[2015.03.18-03.45.58:202][240]LogLinker:Warning: Can't find file for asset '/Game/StarterContent/Textures/T_Smoke_Tiled_D' while loading ../../../../../../Users/student/Documents/GitHub/Zeke/Zeke/Content/StarterContent/Particles/Materials/M_smoke_subUV.uasset.
[2015.03.18-03.45.58:465][240]LogLinker:Warning: Can't find file '/Game/StarterContent/Textures/T_Explosion_SubUV'
[2015.03.18-03.45.58:465][240]LoadErrors: Info Failed to load /Game/StarterContent/Textures/T_Explosion_SubUV.T_Explosion_SubUV Referenced by MaterialExpressionParticleSubUV_0
[2015.03.18-03.45.58:465][240]LogLinker:Warning: Can't find file for asset '/Game/StarterContent/Textures/T_Explosion_SubUV' while loading NULL.
[2015.03.18-03.45.58:466][240]LogLinker:Warning: Can't find file '/Game/StarterContent/Textures/T_Burst_M'
[2015.03.18-03.45.58:466][240]LoadErrors: Info Failed to load /Game/StarterContent/Textures/T_Burst_M.T_Burst_M Referenced by MaterialExpressionTextureSample_0
[2015.03.18-03.45.58:466][240]LogLinker:Warning: Can't find file for asset '/Game/StarterContent/Textures/T_Burst_M' while loading NULL.
[2015.03.18-03.45.58:467][240]LogLinker:Warning: Can't find file '/Game/StarterContent/Textures/T_Smoke_SubUV'
[2015.03.18-03.45.58:467][240]LoadErrors: Info Failed to load /Game/StarterContent/Textures/T_Smoke_SubUV.T_Smoke_SubUV Referenced by MaterialExpressionParticleSubUV_0
[2015.03.18-03.45.58:468][240]LogLinker:Warning: Can't find file for asset '/Game/StarterContent/Textures/T_Smoke_SubUV' while loading NULL.
[2015.03.18-03.45.58:468][240]LogLinker:Warning: Can't find file '/Game/StarterContent/Textures/T_Smoke_Tiled_D'
[2015.03.18-03.45.58:468][240]LoadErrors: Info Failed to load /Game/StarterContent/Textures/T_Smoke_Tiled_D.T_Smoke_Tiled_D Referenced by MaterialExpressionTextureSample_0
[2015.03.18-03.45.58:468][240]LogLinker:Warning: Can't find file for asset '/Game/StarterContent/Textures/T_Smoke_Tiled_D' while loading NULL.
[2015.03.18-03.45.58:479][240]LogMaterial: Missing cached shader map for material Mat_Sparks, compiling.
[2015.03.18-03.45.58:527][240]LogMaterial: Missing cached shader map for material Mat_Lightning, compiling.
[2015.03.18-03.45.58:541][240]LogMaterial: Missing cached shader map for material M_Burst, compiling.
[2015.03.18-03.45.58:541][240]LogMaterial:Warning: Failed to compile Material /Game/StarterContent/Particles/Materials/M_Burst.M_Burst for platform PCD3D_SM5, Default Material will be used in game.
[2015.03.18-03.45.58:541][240]LogMaterial:Warning: 	(Node TextureSample) TextureSample> Missing input texture
[2015.03.18-03.45.58:546][240]LogTexture:Display: Building textures: ThumbnailTexture (DXT1)
[2015.03.18-03.45.58:599][240]LogMaterial: Missing cached shader map for material M_explosion_subUV, compiling.
[2015.03.18-03.45.58:600][240]LogMaterial:Warning: Failed to compile Material /Game/StarterContent/Particles/Materials/M_explosion_subUV.M_explosion_subUV for platform PCD3D_SM5, Default Material will be used in game.
[2015.03.18-03.45.58:600][240]LogMaterial:Warning: 	(Node ParticleSubUV) Missing ParticleSubUV input texture
[2015.03.18-03.45.58:605][240]LogMaterial: Missing cached shader map for material M_smoke_subUV, compiling.
[2015.03.18-03.45.58:606][240]LogMaterial:Warning: Failed to compile Material /Game/StarterContent/Particles/Materials/M_smoke_subUV.M_smoke_subUV for platform PCD3D_SM5, Default Material will be used in game.
[2015.03.18-03.45.58:606][240]LogMaterial:Warning: 	(Node TextureSample) TextureSample> Missing input texture
[2015.03.18-03.45.58:606][240]LogMaterial:Warning: 	(Node ParticleSubUV) Missing ParticleSubUV input texture
[2015.03.18-03.47.06:227][ 18]LogEditorViewport: Clicking on Actor (LMB): TargetPoint (TargetPoint2)
[2015.03.18-03.47.08:111][ 75]LogEditorViewport: Clicking on Actor (LMB): TargetPoint (TargetPoint4)
[2015.03.18-03.47.10:715][119]LogEditorViewport: Clicking on Actor (LMB): TargetPoint (TargetPoint3)
[2015.03.18-03.47.12:032][159]LogEditorViewport: Clicking on Actor (LMB): TargetPoint (TargetPoint2)
[2015.03.18-03.47.32:365][ 10]LogUObjectGlobals:Warning: Failed to find object 'Object None.'
[2015.03.18-03.47.41:126][371]LogEditorViewport: Clicking on Actor (LMB): TargetPoint (TargetPoint3)
[2015.03.18-03.48.40:443][861]LogUObjectGlobals:Warning: Failed to find object 'Object None.'
[2015.03.18-03.48.56:823][445]LogEditorViewport: Clicking on Actor (LMB): TargetPoint (TargetPoint4)
[2015.03.18-03.48.58:971][502]LogUObjectGlobals:Warning: Failed to find object 'Object None.'
[2015.03.18-03.49.58:792][222]BlueprintLog: New page: Compile Scene
[2015.03.18-03.49.58:857][222]LogActorComponent: UnregisterComponent: (/Engine/Transient.CharacterMovementComponent_1) Not registered. Aborting.
[2015.03.18-03.49.58:897][222]BlueprintEditorCompileResults: Info [0452.36] Compile of Scene successful! [in 100 ms]
[2015.03.18-03.50.00:936][286]BlueprintLog: New page: Pre-PIE auto-recompile
[2015.03.18-03.50.00:940][286]LogPlayLevel: [PIE] Compiling Tutorial_BP_MacroLib before PIE...
[2015.03.18-03.50.00:988][286]LogPlayLevel: [PIE] Compiling Scene before PIE...
[2015.03.18-03.50.01:057][286]LogPlayLevel: PIE:  Blueprint regeneration took 120 ms (2 blueprints)
[2015.03.18-03.50.01:057][286]PIE: New page: PIE session: Scene (Mar 17, 2015, 1:50:01 PM)
[2015.03.18-03.50.01:189][286]LogPlayLevel: PIE: StaticDuplicateObject took: (0.131793s)
[2015.03.18-03.50.01:190][286]LogPlayLevel: PIE: World Init took: (0.000784s)
[2015.03.18-03.50.01:190][286]LogPlayLevel: PIE: Created PIE world by copying editor world from /Game/level/Scene.Scene to /Game/level/UEDPIE_0_Scene.Scene (0.132787s)
[2015.03.18-03.50.01:239][286]LogWorld: Game class is 'MyGame_C'
[2015.03.18-03.50.01:241][286]LogAIModule: Creating AISystem for world Scene
[2015.03.18-03.50.01:251][286]LogWorld:Warning: *** WARNING - PATHS MAY NOT BE VALID ***
[2015.03.18-03.50.01:252][286]LogWorld: Bringing World /Game/level/UEDPIE_0_Scene.Scene up for play (max tick rate 0) at 2015.03.17-20.50.01
[2015.03.18-03.50.01:273][286]LogWorld: Bringing up level for play took: 0.031748
[2015.03.18-03.50.01:304][286]PIE: Info Play in editor start time for /Game/level/UEDPIE_0_Scene -0.277
[2015.03.18-03.50.05:384][432]LogParticles: Destroying 0 GPU particle simulations for FXSystem 0x000000002D025300
[2015.03.18-03.50.07:058][491]LogContentBrowser:Verbose: The content browser source was changed by the sources view to '/Game/Zeke/blueprint'
[2015.03.18-03.50.10:927][626]LogPropertyNode:Warning: UI Min (0.001) >= UI Max () for Ranged Numeric
[2015.03.18-03.50.10:930][626]LogPropertyNode:Warning: UI Min (0.001) >= UI Max () for Ranged Numeric
[2015.03.18-03.50.11:072][626]LogPropertyNode:Warning: UI Min (0.001) >= UI Max () for Ranged Numeric
[2015.03.18-03.50.11:073][626]LogPropertyNode:Warning: UI Min (0.001) >= UI Max () for Ranged Numeric
[2015.03.18-03.50.11:142][626]LogPropertyNode:Warning: UI Min (0.001) >= UI Max () for Ranged Numeric
[2015.03.18-03.50.11:143][626]LogPropertyNode:Warning: UI Min (0.001) >= UI Max () for Ranged Numeric
[2015.03.18-03.51.58:438][170]BlueprintLog: New page: Pre-PIE auto-recompile
[2015.03.18-03.51.58:469][170]LogPropertyNode:Warning: UI Min (0.001) >= UI Max () for Ranged Numeric
[2015.03.18-03.51.58:470][170]LogPropertyNode:Warning: UI Min (0.001) >= UI Max () for Ranged Numeric
[2015.03.18-03.51.58:490][170]LogActorComponent: UnregisterComponent: (/Engine/Transient.CharacterMovementComponent_2) Not registered. Aborting.
[2015.03.18-03.51.58:490][170]LogActorComponent: UnregisterComponent: (/Engine/Transient.CharacterMovementComponent_3) Not registered. Aborting.
[2015.03.18-03.51.58:495][170]LogPlayLevel: [PIE] Compiling Police_Character before PIE...
[2015.03.18-03.51.58:556][170]LogPropertyNode:Warning: UI Min (0.001) >= UI Max () for Ranged Numeric
[2015.03.18-03.51.58:557][170]LogPropertyNode:Warning: UI Min (0.001) >= UI Max () for Ranged Numeric
[2015.03.18-03.51.58:632][170]LogPropertyNode:Warning: UI Min (0.001) >= UI Max () for Ranged Numeric
[2015.03.18-03.51.58:632][170]LogPropertyNode:Warning: UI Min (0.001) >= UI Max () for Ranged Numeric
[2015.03.18-03.51.58:673][170]LogPlayLevel: [PIE] Compiling Scene before PIE...
[2015.03.18-03.51.58:746][170]LogPlayLevel: PIE:  Blueprint regeneration took 307 ms (2 blueprints)
[2015.03.18-03.51.58:747][170]PIE: New page: PIE session: Scene (Mar 17, 2015, 1:51:58 PM)
[2015.03.18-03.51.58:871][170]LogPlayLevel: PIE: StaticDuplicateObject took: (0.124248s)
[2015.03.18-03.51.58:872][170]LogPlayLevel: PIE: World Init took: (0.000677s)
[2015.03.18-03.51.58:872][170]LogPlayLevel: PIE: Created PIE world by copying editor world from /Game/level/Scene.Scene to /Game/level/UEDPIE_0_Scene.Scene (0.125125s)
[2015.03.18-03.51.58:904][170]LogWorld: Game class is 'MyGame_C'
[2015.03.18-03.51.58:906][170]LogAIModule: Creating AISystem for world Scene
[2015.03.18-03.51.58:915][170]LogWorld:Warning: *** WARNING - PATHS MAY NOT BE VALID ***
[2015.03.18-03.51.58:916][170]LogWorld: Bringing World /Game/level/UEDPIE_0_Scene.Scene up for play (max tick rate 0) at 2015.03.17-20.51.58
[2015.03.18-03.51.58:917][170]LogWorld: Bringing up level for play took: 0.010645
[2015.03.18-03.51.58:995][170]LogNavigation:Warning: UNavigationSystem::SimpleMoveToLocation called for Controller:None controlling Pawn:NULL (if any of these is None then there's your problem
[2015.03.18-03.51.58:996][170]LogNavigation:Warning: UNavigationSystem::SimpleMoveToLocation called for Controller:None controlling Pawn:NULL (if any of these is None then there's your problem
[2015.03.18-03.51.58:997][170]LogNavigation:Warning: UNavigationSystem::SimpleMoveToLocation called for Controller:None controlling Pawn:NULL (if any of these is None then there's your problem
[2015.03.18-03.51.58:997][170]PIE: Info Play in editor start time for /Game/level/UEDPIE_0_Scene 1.409
[2015.03.18-03.52.03:738][348]LogNavigation:Warning: UNavigationSystem::SimpleMoveToLocation called for Controller:None controlling Pawn:NULL (if any of these is None then there's your problem
[2015.03.18-03.52.03:738][348]LogNavigation:Warning: UNavigationSystem::SimpleMoveToLocation called for Controller:None controlling Pawn:NULL (if any of these is None then there's your problem
[2015.03.18-03.52.03:738][348]LogNavigation:Warning: UNavigationSystem::SimpleMoveToLocation called for Controller:None controlling Pawn:NULL (if any of these is None then there's your problem
[2015.03.18-03.52.07:525][514]LogPropertyNode:Warning: UI Min (0.001) >= UI Max () for Ranged Numeric
[2015.03.18-03.52.07:526][514]LogPropertyNode:Warning: UI Min (0.001) >= UI Max () for Ranged Numeric
[2015.03.18-03.52.07:592][514]LogActorComponent: UnregisterComponent: (/Engine/Transient.CharacterMovementComponent_4) Not registered. Aborting.
[2015.03.18-03.52.07:649][515]LogParticles: Destroying 0 GPU particle simulations for FXSystem 0x000000004FBFA200
[2015.03.18-03.52.39:478][587]LogActorComponent: UnregisterComponent: (/Engine/Transient.CharacterMovementComponent_5) Not registered. Aborting.
[2015.03.18-03.52.42:130][587]Cmd: OBJ SAVEPACKAGE PACKAGE="/Game/level/Scene" FILE="../../../../../../Users/student/Documents/GitHub/Zeke/Zeke/Content/level/Scene.umap" SILENT=true AUTOSAVING=false KEEPDIRTY=false
[2015.03.18-03.52.42:723][587]LogSavePackage: Save=524.419067ms
[2015.03.18-03.52.42:723][587]LogSavePackage: Moving '../../../../../../Users/student/Documents/GitHub/Zeke/Zeke/Saved/Scene2865DEF54CFE0E2D9E541DAC573E775C.tmp' to '../../../../../../Users/student/Documents/GitHub/Zeke/Zeke/Content/level/Scene.umap'
[2015.03.18-03.52.42:768][587]LogFileHelpers: Saving map 'Scene' took 0.762
[2015.03.18-03.52.42:789][587]Cmd: OBJ SAVEPACKAGE PACKAGE="/Game/zeke/blueprint/Police_Character" FILE="../../../../../../Users/student/Documents/GitHub/Zeke/Zeke/Content/zeke/blueprint/Police_Character.uasset" SILENT=true
[2015.03.18-03.52.43:119][587]LogSavePackage: Save=315.797211ms
[2015.03.18-03.52.43:119][587]LogSavePackage: Moving '../../../../../../Users/student/Documents/GitHub/Zeke/Zeke/Saved/Police_CharacterF7EDE97947B31E20D9B014905012B4C3.tmp' to '../../../../../../Users/student/Documents/GitHub/Zeke/Zeke/Content/zeke/blueprint/Police_Character.uasset'
[2015.03.18-03.52.43:809][611]LogActorComponent: UnregisterComponent: (/Engine/Transient.CharacterMovementComponent_6) Not registered. Aborting.
[2015.03.18-03.52.44:487][612]Cmd: QUIT_EDITOR
[2015.03.18-03.52.44:821][612]LogExit: Preparing to exit.
[2015.03.18-03.52.46:074][612]LogExit: Editor shut down
[2015.03.18-03.52.46:074][612]LogExit: Transaction tracking system shut down
[2015.03.18-03.52.46:076][612]LogParticles: Destroying 0 GPU particle simulations for FXSystem 0x0000000030DFED40
[2015.03.18-03.52.46:076][612]LogParticles: Destroying 0 GPU particle simulations for FXSystem 0x0000000030D79080
[2015.03.18-03.52.46:076][612]LogParticles: Destroying 0 GPU particle simulations for FXSystem 0x0000000030D78D60
[2015.03.18-03.52.46:076][612]LogParticles: Destroying 0 GPU particle simulations for FXSystem 0x000000002D11A840
[2015.03.18-03.52.46:077][612]LogParticles: Destroying 0 GPU particle simulations for FXSystem 0x000000003A4B0680
[2015.03.18-03.52.46:077][612]LogParticles: Destroying 0 GPU particle simulations for FXSystem 0x000000002D025D00
[2015.03.18-03.52.46:080][612]LogParticles: Destroying 0 GPU particle simulations for FXSystem 0x00000000507DCA40
[2015.03.18-03.52.46:156][612]LogParticles: Destroying 0 GPU particle simulations for FXSystem 0x0000000030CD8B80
[2015.03.18-03.52.46:156][612]LogExit: Object subsystem successfully closed.
[2015.03.18-03.52.46:213][612]LogModuleManager: Shutting down and abandoning module AndroidDeviceDetection (172)
[2015.03.18-03.52.46:213][612]LogModuleManager: Shutting down and abandoning module CrashTracker (171)
[2015.03.18-03.52.46:213][612]LogModuleManager: Shutting down and abandoning module SuperSearch (170)
[2015.03.18-03.52.46:213][612]LogModuleManager: Shutting down and abandoning module SceneOutliner (169)
[2015.03.18-03.52.46:213][612]LogModuleManager: Shutting down and abandoning module EditorWidgets (168)
[2015.03.18-03.52.46:213][612]LogModuleManager: Shutting down and abandoning module CollectionManager (167)
[2015.03.18-03.52.46:213][612]LogModuleManager: Shutting down and abandoning module StatsViewer (166)
[2015.03.18-03.52.46:213][612]LogModuleManager: Shutting down and abandoning module FoliageEdit (165)
[2015.03.18-03.52.46:213][612]LogModuleManager: Shutting down and abandoning module LandscapeEditor (164)
[2015.03.18-03.52.46:213][612]LogModuleManager: Shutting down and abandoning module MeshPaint (163)
[2015.03.18-03.52.46:213][612]LogModuleManager: Shutting down and abandoning module ActorPickerMode (162)
[2015.03.18-03.52.46:213][612]LogModuleManager: Shutting down and abandoning module GeometryMode (161)
[2015.03.18-03.52.46:213][612]LogModuleManager: Shutting down and abandoning module TextureAlignMode (160)
[2015.03.18-03.52.46:213][612]LogModuleManager: Shutting down and abandoning module BspMode (159)
[2015.03.18-03.52.46:213][612]LogModuleManager: Shutting down and abandoning module PlacementMode (158)
[2015.03.18-03.52.46:213][612]LogModuleManager: Shutting down and abandoning module AutomationWorker (157)
[2015.03.18-03.52.46:213][612]LogModuleManager: Shutting down and abandoning module CharacterAI (156)
[2015.03.18-03.52.46:213][612]LogModuleManager: Shutting down and abandoning module GameProjectGeneration (155)
[2015.03.18-03.52.46:213][612]LogModuleManager: Shutting down and abandoning module IntroTutorials (154)
[2015.03.18-03.52.46:213][612]LogModuleManager: Shutting down and abandoning module EditorLiveStreaming (153)
[2015.03.18-03.52.46:213][612]LogModuleManager: Shutting down and abandoning module HardwareTargeting (152)
[2015.03.18-03.52.46:213][612]LogModuleManager: Shutting down and abandoning module DeviceProfileEditor (151)
[2015.03.18-03.52.46:213][612]LogModuleManager: Shutting down and abandoning module UndoHistory (150)
[2015.03.18-03.52.46:213][612]LogModuleManager: Shutting down and abandoning module GameplayTagsEditor (149)
[2015.03.18-03.52.46:213][612]LogModuleManager: Shutting down and abandoning module UserFeedback (148)
[2015.03.18-03.52.46:213][612]LogModuleManager: Shutting down and abandoning module XmlParser (147)
[2015.03.18-03.52.46:213][612]LogModuleManager: Shutting down and abandoning module Blutility (146)
[2015.03.18-03.52.46:213][612]LogModuleManager: Shutting down and abandoning module IOSPlatformEditor (145)
[2015.03.18-03.52.46:213][612]LogModuleManager: Shutting down and abandoning module IOSRuntimeSettings (144)
[2015.03.18-03.52.46:213][612]LogModuleManager: Shutting down and abandoning module AndroidPlatformEditor (143)
[2015.03.18-03.52.46:213][612]LogModuleManager: Shutting down and abandoning module AndroidRuntimeSettings (142)
[2015.03.18-03.52.46:213][612]LogModuleManager: Shutting down and abandoning module ProjectTargetPlatformEditor (141)
[2015.03.18-03.52.46:213][612]LogModuleManager: Shutting down and abandoning module ProjectSettingsViewer (140)
[2015.03.18-03.52.46:214][612]LogModuleManager: Shutting down and abandoning module InputBindingEditor (139)
[2015.03.18-03.52.46:214][612]LogModuleManager: Shutting down and abandoning module EditorSettingsViewer (138)
[2015.03.18-03.52.46:214][612]LogModuleManager: Shutting down and abandoning module SettingsEditor (137)
[2015.03.18-03.52.46:214][612]LogModuleManager: Shutting down and abandoning module ProjectLauncher (136)
[2015.03.18-03.52.46:214][612]LogModuleManager: Shutting down and abandoning module SessionFrontend (135)
[2015.03.18-03.52.46:214][612]LogModuleManager: Shutting down and abandoning module ProfilerClient (134)
[2015.03.18-03.52.46:214][612]LogModuleManager: Shutting down and abandoning module TargetDeviceServices (133)
[2015.03.18-03.52.46:214][612]LogModuleManager: Shutting down and abandoning module DeviceManager (132)
[2015.03.18-03.52.46:214][612]LogModuleManager: Shutting down and abandoning module AutomationController (131)
[2015.03.18-03.52.46:214][612]LogModuleManager: Shutting down and abandoning module AutomationWindow (130)
[2015.03.18-03.52.46:214][612]LogModuleManager: Shutting down and abandoning module Layers (129)
[2015.03.18-03.52.46:214][612]LogModuleManager: Shutting down and abandoning module ComponentVisualizers (128)
[2015.03.18-03.52.46:214][612]LogModuleManager: Shutting down and abandoning module DetailCustomizations (127)
[2015.03.18-03.52.46:214][612]LogModuleManager: Shutting down and abandoning module PackagesDialog (126)
[2015.03.18-03.52.46:214][612]LogModuleManager: Shutting down and abandoning module AssetRegistry (125)
[2015.03.18-03.52.46:273][612]LogModuleManager: Shutting down and abandoning module Persona (124)
[2015.03.18-03.52.46:273][612]LogModuleManager: Shutting down and abandoning module Kismet (123)
[2015.03.18-03.52.46:273][612]LogModuleManager: Shutting down and abandoning module GraphEditor (122)
[2015.03.18-03.52.46:273][612]LogModuleManager: Shutting down and abandoning module ClassViewer (121)
[2015.03.18-03.52.46:273][612]LogModuleManager: Shutting down and abandoning module Toolbox (120)
[2015.03.18-03.52.46:273][612]LogModuleManager: Shutting down and abandoning module ModuleUI (119)
[2015.03.18-03.52.46:273][612]LogModuleManager: Shutting down and abandoning module MovieSceneTools (118)
[2015.03.18-03.52.46:273][612]LogModuleManager: Shutting down and abandoning module OutputLog (117)
[2015.03.18-03.52.46:273][612]LogModuleManager: Shutting down and abandoning module GammaUI (116)
[2015.03.18-03.52.46:273][612]LogModuleManager: Shutting down and abandoning module Documentation (115)
[2015.03.18-03.52.46:273][612]LogModuleManager: Shutting down and abandoning module GameLiveStreaming (114)
[2015.03.18-03.52.46:273][612]LogModuleManager: Shutting down and abandoning module StreamingPauseRendering (113)
[2015.03.18-03.52.46:273][612]LogModuleManager: Shutting down and abandoning module HTTP (112)
[2015.03.18-03.52.46:273][612]LogModuleManager: Shutting down and abandoning module AnalyticsET (111)
[2015.03.18-03.52.46:273][612]LogModuleManager: Shutting down and abandoning module Analytics (110)
[2015.03.18-03.52.46:273][612]LogModuleManager: Shutting down and abandoning module AITestSuite (109)
[2015.03.18-03.52.46:273][612]LogModuleManager: Shutting down and abandoning module AIModule (108)
[2015.03.18-03.52.46:273][612]LogModuleManager: Shutting down and abandoning module ProfilerService (107)
[2015.03.18-03.52.46:375][612]LogModuleManager: Shutting down and abandoning module TaskGraph (106)
[2015.03.18-03.52.46:375][612]LogModuleManager: Shutting down and abandoning module GameplayDebugger (105)
[2015.03.18-03.52.46:375][612]LogModuleManager: Shutting down and abandoning module SlateRemote (104)
[2015.03.18-03.52.46:375][612]LogModuleManager: Shutting down and abandoning module ScriptEditorPlugin (103)
[2015.03.18-03.52.46:375][612]LogModuleManager: Shutting down and abandoning module CustomMeshComponent (102)
[2015.03.18-03.52.46:375][612]LogModuleManager: Shutting down and abandoning module CableComponent (101)
[2015.03.18-03.52.46:375][612]LogModuleManager: Shutting down and abandoning module MessagingDebugger (100)
[2015.03.18-03.52.46:375][612]LogModuleManager: Shutting down and abandoning module MediaPlayerEditor (99)
[2015.03.18-03.52.46:375][612]LogModuleManager: Shutting down and abandoning module SpeedTreeImporter (98)
[2015.03.18-03.52.46:375][612]LogModuleManager: Shutting down and abandoning module PluginsEditor (97)
[2015.03.18-03.52.46:375][612]LogModuleManager: Shutting down and abandoning module EpicSurvey (96)
[2015.03.18-03.52.46:375][612]LogModuleManager: Shutting down and abandoning module DesktopPlatform (95)
[2015.03.18-03.52.46:375][612]LogModuleManager: Shutting down and abandoning module VisualStudioSourceCodeAccess (94)
[2015.03.18-03.52.46:375][612]LogModuleManager: Shutting down and abandoning module UObjectPlugin (93)
[2015.03.18-03.52.46:375][612]LogModuleManager: Shutting down and abandoning module SubversionSourceControl (92)
[2015.03.18-03.52.46:375][612]LogModuleManager: Shutting down and abandoning module SourceControl (91)
[2015.03.18-03.52.46:375][612]LogModuleManager: Shutting down and abandoning module PerforceSourceControl (90)
[2015.03.18-03.52.46:375][612]LogModuleManager: Shutting down and abandoning module BlankPlugin (89)
[2015.03.18-03.52.46:375][612]LogModuleManager: Shutting down and abandoning module SlateReflector (88)
[2015.03.18-03.52.46:375][612]LogModuleManager: Shutting down and abandoning module DirectoryWatcher (87)
[2015.03.18-03.52.46:375][612]LogModuleManager: Shutting down and abandoning module HotReload (86)
[2015.03.18-03.52.46:375][612]LogModuleManager: Shutting down and abandoning module MainFrame (85)
[2015.03.18-03.52.46:375][612]LogModuleManager: Shutting down and abandoning module LevelEditor (84)
[2015.03.18-03.52.46:376][612]LogModuleManager: Shutting down and abandoning module ViewportSnapping (83)
[2015.03.18-03.52.46:376][612]LogModuleManager: Shutting down and abandoning module SmartSnapping (82)
[2015.03.18-03.52.46:376][612]LogModuleManager: Shutting down and abandoning module PaperTiledImporter (81)
[2015.03.18-03.52.46:376][612]LogModuleManager: Shutting down and abandoning module PaperJsonImporter (80)
[2015.03.18-03.52.46:376][612]LogModuleManager: Shutting down and abandoning module ContentBrowser (79)
[2015.03.18-03.52.46:376][612]LogModuleManager: Shutting down and abandoning module Paper2DEditor (78)
[2015.03.18-03.52.46:376][612]LogModuleManager: Shutting down and abandoning module ScriptPlugin (77)
[2015.03.18-03.52.46:376][612]LogModuleManager: Shutting down and abandoning module UdpMessaging (76)
[2015.03.18-03.52.46:476][612]LogModuleManager: Shutting down and abandoning module Paper2D (75)
[2015.03.18-03.52.46:476][612]LogModuleManager: Shutting down and abandoning module UE4Game (74)
[2015.03.18-03.52.46:476][612]LogModuleManager: Shutting down and abandoning module WindowsMoviePlayer (73)
[2015.03.18-03.52.46:478][612]LogModuleManager: Shutting down and abandoning module Media (72)
[2015.03.18-03.52.46:478][612]LogModuleManager: Shutting down and abandoning module WmfMedia (71)
[2015.03.18-03.52.46:478][612]LogModuleManager: Shutting down and abandoning module OnlineBlueprintSupport (70)
[2015.03.18-03.52.46:478][612]LogModuleManager: Shutting down and abandoning module PropertyEditor (69)
[2015.03.18-03.52.46:478][612]LogModuleManager: Shutting down and abandoning module BehaviorTreeEditor (68)
[2015.03.18-03.52.46:478][612]LogModuleManager: Shutting down and abandoning module FunctionalTesting (67)
[2015.03.18-03.52.46:478][612]LogModuleManager: Shutting down and abandoning module CollisionAnalyzer (66)
[2015.03.18-03.52.46:478][612]LogModuleManager: Shutting down and abandoning module WorkspaceMenuStructure (65)
[2015.03.18-03.52.46:478][612]LogModuleManager: Shutting down and abandoning module MessageLog (64)
[2015.03.18-03.52.46:478][612]LogModuleManager: Shutting down and abandoning module Sequencer (63)
[2015.03.18-03.52.46:478][612]LogModuleManager: Shutting down and abandoning module AssetTools (62)
[2015.03.18-03.52.46:478][612]LogModuleManager: Shutting down and abandoning module UMGEditor (61)
[2015.03.18-03.52.46:478][612]LogModuleManager: Shutting down and abandoning module UMG (60)
[2015.03.18-03.52.46:478][612]LogModuleManager: Shutting down and abandoning module Slate (59)
[2015.03.18-03.52.46:478][612]LogModuleManager: Shutting down and abandoning module EditorStyle (58)
[2015.03.18-03.52.46:482][612]LogModuleManager: Shutting down and abandoning module SessionServices (57)
[2015.03.18-03.52.46:482][612]LogModuleManager: Shutting down and abandoning module SourceCodeAccess (56)
[2015.03.18-03.52.46:482][612]LogModuleManager: Shutting down and abandoning module HeadMountedDisplay (55)
[2015.03.18-03.52.46:482][612]LogModuleManager: Shutting down and abandoning module XAudio2 (54)
[2015.03.18-03.52.46:482][612]LogModuleManager: Shutting down and abandoning module Networking (52)
[2015.03.18-03.52.46:482][612]LogModuleManager: Shutting down and abandoning module Core (51)
[2015.03.18-03.52.46:482][612]LogModuleManager: Shutting down and abandoning module KismetCompiler (50)
[2015.03.18-03.52.46:482][612]LogModuleManager: Shutting down and abandoning module PhysXFormats (49)
[2015.03.18-03.52.46:482][612]LogModuleManager: Shutting down and abandoning module MeshUtilities (48)
[2015.03.18-03.52.46:482][612]LogModuleManager: Shutting down and abandoning module DerivedDataCache (47)
[2015.03.18-03.52.46:530][612]LogDerivedDataCache: Shutdown
[2015.03.18-03.52.46:530][612]LogModuleManager: Shutting down and abandoning module ShaderFormatOpenGL (46)
[2015.03.18-03.52.46:530][612]LogModuleManager: Shutting down and abandoning module ShaderFormatD3D (45)
[2015.03.18-03.52.46:530][612]LogModuleManager: Shutting down and abandoning module MetalShaderFormat (44)
[2015.03.18-03.52.46:530][612]LogModuleManager: Shutting down and abandoning module TextureFormatUncompressed (43)
[2015.03.18-03.52.46:530][612]LogModuleManager: Shutting down and abandoning module TextureFormatPVR (42)
[2015.03.18-03.52.46:530][612]LogModuleManager: Shutting down and abandoning module TextureFormatDXT (41)
[2015.03.18-03.52.46:530][612]LogModuleManager: Shutting down and abandoning module TextureFormatAndroid (40)
[2015.03.18-03.52.46:530][612]LogModuleManager: Shutting down and abandoning module AudioFormatOpus (39)
[2015.03.18-03.52.46:530][612]LogModuleManager: Shutting down and abandoning module AudioFormatOgg (38)
[2015.03.18-03.52.46:530][612]LogModuleManager: Shutting down and abandoning module AudioFormatADPCM (37)
[2015.03.18-03.52.46:530][612]LogModuleManager: Shutting down and abandoning module LinuxTargetPlatform (36)
[2015.03.18-03.52.46:530][612]LogModuleManager: Shutting down and abandoning module LinuxServerTargetPlatform (35)
[2015.03.18-03.52.46:530][612]LogModuleManager: Shutting down and abandoning module LinuxNoEditorTargetPlatform (34)
[2015.03.18-03.52.46:530][612]LogModuleManager: Shutting down and abandoning module Messaging (33)
[2015.03.18-03.52.46:530][612]LogModuleManager: Shutting down and abandoning module IOSTargetPlatform (32)
[2015.03.18-03.52.46:530][612]LogModuleManager: Shutting down and abandoning module Android_PVRTCTargetPlatform (31)
[2015.03.18-03.52.46:530][612]LogModuleManager: Shutting down and abandoning module Android_ETC2TargetPlatform (30)
[2015.03.18-03.52.46:530][612]LogModuleManager: Shutting down and abandoning module Android_ETC1TargetPlatform (29)
[2015.03.18-03.52.46:530][612]LogModuleManager: Shutting down and abandoning module Android_DXTTargetPlatform (28)
[2015.03.18-03.52.46:530][612]LogModuleManager: Shutting down and abandoning module Android_ATCTargetPlatform (27)
[2015.03.18-03.52.46:530][612]LogModuleManager: Shutting down and abandoning module AndroidTargetPlatform (26)
[2015.03.18-03.52.46:530][612]LogModuleManager: Shutting down and abandoning module WindowsTargetPlatform (25)
[2015.03.18-03.52.46:530][612]LogModuleManager: Shutting down and abandoning module WindowsServerTargetPlatform (24)
[2015.03.18-03.52.46:530][612]LogModuleManager: Shutting down and abandoning module WindowsNoEditorTargetPlatform (23)
[2015.03.18-03.52.46:530][612]LogModuleManager: Shutting down and abandoning module WindowsClientTargetPlatform (22)
[2015.03.18-03.52.46:530][612]LogModuleManager: Shutting down and abandoning module TargetPlatform (21)
[2015.03.18-03.52.46:530][612]LogModuleManager: Shutting down and abandoning module InputCore (20)
[2015.03.18-03.52.46:530][612]LogModuleManager: Shutting down and abandoning module Settings (19)
[2015.03.18-03.52.46:530][612]LogModuleManager: Shutting down and abandoning module ImageWrapper (18)
[2015.03.18-03.52.46:530][612]LogModuleManager: Shutting down and abandoning module OculusRift (15)
[2015.03.18-03.52.46:530][612]LogModuleManager: Shutting down and abandoning module ExampleDeviceProfileSelector (14)
[2015.03.18-03.52.46:530][612]LogModuleManager: Shutting down and abandoning module TextureCompressor (13)
[2015.03.18-03.52.46:530][612]LogModuleManager: Shutting down and abandoning module ShaderCore (12)
[2015.03.18-03.52.46:530][612]LogModuleManager: Shutting down and abandoning module Landscape (11)
[2015.03.18-03.52.46:530][612]LogModuleManager: Shutting down and abandoning module SlateRHIRenderer (10)
[2015.03.18-03.52.46:532][612]LogModuleManager: Shutting down and abandoning module OpenGLDrv (9)
[2015.03.18-03.52.46:532][612]LogModuleManager: Shutting down and abandoning module D3D11RHI (8)
[2015.03.18-03.52.46:532][612]LogModuleManager: Shutting down and abandoning module Renderer (7)
[2015.03.18-03.52.46:532][612]LogModuleManager: Shutting down and abandoning module Engine (6)
[2015.03.18-03.52.46:532][612]LogModuleManager: Shutting down and abandoning module CoreUObject (5)
[2015.03.18-03.52.46:532][612]LogModuleManager: Shutting down and abandoning module NetworkFile (4)
[2015.03.18-03.52.46:532][612]LogModuleManager: Shutting down and abandoning module StreamingFile (3)
[2015.03.18-03.52.46:532][612]LogModuleManager: Shutting down and abandoning module SandboxFile (2)
[2015.03.18-03.52.46:532][612]LogModuleManager: Shutting down and abandoning module PakFile (1)
[2015.03.18-03.52.46:532][612]LogExit: Exiting.
[2015.03.18-03.52.46:556][612]Log file closed, 03/17/15 20:52:46
